#
# There is insufficient memory for the Java Runtime Environment to continue.
# Native memory allocation (mmap) failed to map 660602880 bytes for committing reserved memory.
# Possible reasons:
#   The system is out of physical RAM or swap space
#   In 32 bit mode, the process size limit was hit
# Possible solutions:
#   Reduce memory load on the system
#   Increase physical memory or swap space
#   Check if swap backing store is full
#   Use 64 bit Java on a 64 bit OS
#   Decrease Java heap size (-Xmx/-Xms)
#   Decrease number of Java threads
#   Decrease Java thread stack sizes (-Xss)
#   Set larger code cache with -XX:ReservedCodeCacheSize=
# This output file may be truncated or incomplete.
#
#  Out of Memory Error (os_linux.cpp:2630), pid=10056, tid=0x00007f4a161f1700
#
# JRE version: OpenJDK Runtime Environment (8.0_121-b13) (build 1.8.0_121-8u121-b13-0ubuntu1.16.04.2-b13)
# Java VM: OpenJDK 64-Bit Server VM (25.121-b13 mixed mode linux-amd64 compressed oops)
# Failed to write core dump. Core dumps have been disabled. To enable core dumping, try "ulimit -c unlimited" before starting Java again
#

---------------  T H R E A D  ---------------

Current thread (0x00007f4a2c140000):  VMThread [stack: 0x00007f4a160f1000,0x00007f4a161f2000] [id=10076]

Stack: [0x00007f4a160f1000,0x00007f4a161f2000],  sp=0x00007f4a161f0480,  free space=1021k
Native frames: (J=compiled Java code, j=interpreted, Vv=VM code, C=native code)
V  [libjvm.so+0xa6647b]
V  [libjvm.so+0x4c32dc]
V  [libjvm.so+0x8b4b60]
V  [libjvm.so+0x8aefde]
V  [libjvm.so+0x929a16]
V  [libjvm.so+0x91907a]
V  [libjvm.so+0x919283]
V  [libjvm.so+0x919be8]
V  [libjvm.so+0x91feae]
V  [libjvm.so+0x92787d]
V  [libjvm.so+0x8d9553]
V  [libjvm.so+0xa68132]
V  [libjvm.so+0xa6d217]
V  [libjvm.so+0xa6a9e7]
V  [libjvm.so+0xa6be6f]
V  [libjvm.so+0xa6c361]
V  [libjvm.so+0x8b2042]

VM_Operation (0x00007f4a34230470): ParallelGCFailedAllocation, mode: safepoint, requested by thread 0x00007f4a2c00b800


---------------  P R O C E S S  ---------------

Java Threads: ( => current thread )
  0x00007f4a2c3c3800 JavaThread "AWT-XAWT" daemon [_thread_blocked, id=10087, stack(0x00007f4a0eb8f000,0x00007f4a0ec90000)]
  0x00007f4a2c39e800 JavaThread "Java2D Disposer" daemon [_thread_blocked, id=10086, stack(0x00007f4a14070000,0x00007f4a14171000)]
  0x00007f4a2c29e800 JavaThread "Service Thread" daemon [_thread_blocked, id=10084, stack(0x00007f4a150f8000,0x00007f4a151f9000)]
  0x00007f4a2c29c000 JavaThread "C1 CompilerThread2" daemon [_thread_blocked, id=10083, stack(0x00007f4a151f9000,0x00007f4a152fa000)]
  0x00007f4a2c299000 JavaThread "C2 CompilerThread1" daemon [_thread_blocked, id=10082, stack(0x00007f4a152fa000,0x00007f4a153fb000)]
  0x00007f4a2c297800 JavaThread "C2 CompilerThread0" daemon [_thread_blocked, id=10081, stack(0x00007f4a15914000,0x00007f4a15a15000)]
  0x00007f4a2c296000 JavaThread "Monitor Ctrl-Break" daemon [_thread_in_native, id=10080, stack(0x00007f4a15a15000,0x00007f4a15b16000)]
  0x00007f4a2c174000 JavaThread "Signal Dispatcher" daemon [_thread_blocked, id=10079, stack(0x00007f4a15b16000,0x00007f4a15c17000)]
  0x00007f4a2c14c800 JavaThread "Finalizer" daemon [_thread_blocked, id=10078, stack(0x00007f4a15eef000,0x00007f4a15ff0000)]
  0x00007f4a2c148000 JavaThread "Reference Handler" daemon [_thread_blocked, id=10077, stack(0x00007f4a15ff0000,0x00007f4a160f1000)]
  0x00007f4a2c00b800 JavaThread "main" [_thread_blocked, id=10062, stack(0x00007f4a34131000,0x00007f4a34232000)]

Other Threads:
=>0x00007f4a2c140000 VMThread [stack: 0x00007f4a160f1000,0x00007f4a161f2000] [id=10076]
  0x00007f4a2c2a1000 WatcherThread [stack: 0x00007f4a14ff7000,0x00007f4a150f8000] [id=10085]

VM state:at safepoint (normal execution)

VM Mutex/Monitor currently owned by a thread:  ([mutex/lock_event])
[0x00007f4a2c0077f0] ExpandHeap_lock - owner thread: 0x00007f4a2c140000
[0x00007f4a2c007e70] Threads_lock - owner thread: 0x00007f4a2c140000
[0x00007f4a2c008370] Heap_lock - owner thread: 0x00007f4a2c00b800

Heap:
 PSYoungGen      total 800768K, used 48367K [0x000000076ab00000, 0x00000007b8400000, 0x00000007c0000000)
  eden space 334848K, 0% used [0x000000076ab00000,0x000000076ab00000,0x000000077f200000)
  from space 465920K, 10% used [0x000000079b900000,0x000000079e83bfe0,0x00000007b8000000)
  to   space 465920K, 0% used [0x000000077f200000,0x000000077f200000,0x000000079b900000)
 ParOldGen       total 2151424K, used 2151110K [0x00000006c0000000, 0x0000000743500000, 0x000000076ab00000)
  object space 2151424K, 99% used [0x00000006c0000000,0x00000007434b1a48,0x0000000743500000)
 Metaspace       used 7347K, capacity 7594K, committed 7936K, reserved 1056768K
  class space    used 803K, capacity 907K, committed 1024K, reserved 1048576K

Card table byte_map: [0x00007f4a1c7ff000,0x00007f4a1d000000] byte_map_base: 0x00007f4a191ff000

Marking Bits: (ParMarkBitMap*) 0x00007f4a3340b220
 Begin Bits: [0x00007f49f8000000, 0x00007f49fc000000)
 End Bits:   [0x00007f49fc000000, 0x00007f4a00000000)

Polling page: 0x00007f4a3425d000

CodeCache: size=245760Kb used=3026Kb max_used=3043Kb free=242733Kb
 bounds [0x00007f4a1d000000, 0x00007f4a1d310000, 0x00007f4a2c000000]
 total_blobs=1131 nmethods=684 adapters=362
 compilation: enabled

Compilation events (10 events):
Event: 5.506 Thread 0x00007f4a2c297800  690 %     4       com.tgelder.downhill.terrain.FlowProbabilityComputer::computeFlow @ 257 (387 bytes)
Event: 5.520 Thread 0x00007f4a2c297800 nmethod 690% 0x00007f4a1d2e5290 code [0x00007f4a1d2e54c0, 0x00007f4a1d2e61d8]
Event: 5.554 Thread 0x00007f4a2c299000  691       4       com.tgelder.downhill.terrain.FlowProbabilityComputer::computeFlow (387 bytes)
Event: 5.614 Thread 0x00007f4a2c299000 nmethod 691 0x00007f4a1d2f7110 code [0x00007f4a1d2f7540, 0x00007f4a1d2fa5c8]
Event: 12.845 Thread 0x00007f4a2c29c000  693       3       java.util.regex.Pattern$BmpCharProperty::match (50 bytes)
Event: 12.845 Thread 0x00007f4a2c29c000 nmethod 693 0x00007f4a1d2bda50 code [0x00007f4a1d2bdbe0, 0x00007f4a1d2be088]
Event: 12.846 Thread 0x00007f4a2c297800  694       4       java.util.TimSort::mergeLo (659 bytes)
Event: 12.869 Thread 0x00007f4a2c297800 nmethod 694 0x00007f4a1d2fe610 code [0x00007f4a1d2fe800, 0x00007f4a1d300158]
Event: 19.803 Thread 0x00007f4a2c29c000  695       1       java.nio.Buffer::limit (5 bytes)
Event: 19.803 Thread 0x00007f4a2c29c000 nmethod 695 0x00007f4a1d2d5710 code [0x00007f4a1d2d5860, 0x00007f4a1d2d5970]

GC Heap History (10 events):
Event: 18.528 GC heap after
Heap after GC invocations=31 (full 7):
 PSYoungGen      total 726528K, used 116802K [0x000000076ab00000, 0x00000007b3900000, 0x00000007c0000000)
  eden space 303104K, 0% used [0x000000076ab00000,0x000000076ab00000,0x000000077d300000)
  from space 423424K, 27% used [0x0000000799b80000,0x00000007a0d90b70,0x00000007b3900000)
  to   space 445440K, 0% used [0x000000077d300000,0x000000077d300000,0x0000000798600000)
 ParOldGen       total 2151424K, used 1572201K [0x00000006c0000000, 0x0000000743500000, 0x000000076ab00000)
  object space 2151424K, 73% used [0x00000006c0000000,0x000000071ff5a660,0x0000000743500000)
 Metaspace       used 7347K, capacity 7594K, committed 7936K, reserved 1056768K
  class space    used 803K, capacity 907K, committed 1024K, reserved 1048576K
}
Event: 19.041 GC heap before
{Heap before GC invocations=32 (full 7):
 PSYoungGen      total 726528K, used 419906K [0x000000076ab00000, 0x00000007b3900000, 0x00000007c0000000)
  eden space 303104K, 100% used [0x000000076ab00000,0x000000077d300000,0x000000077d300000)
  from space 423424K, 27% used [0x0000000799b80000,0x00000007a0d90b70,0x00000007b3900000)
  to   space 445440K, 0% used [0x000000077d300000,0x000000077d300000,0x0000000798600000)
 ParOldGen       total 2151424K, used 1572201K [0x00000006c0000000, 0x0000000743500000, 0x000000076ab00000)
  object space 2151424K, 73% used [0x00000006c0000000,0x000000071ff5a660,0x0000000743500000)
 Metaspace       used 7347K, capacity 7594K, committed 7936K, reserved 1056768K
  class space    used 803K, capacity 907K, committed 1024K, reserved 1048576K
Event: 19.134 GC heap after
Heap after GC invocations=32 (full 7):
 PSYoungGen      total 748544K, used 244550K [0x000000076ab00000, 0x00000007b4b80000, 0x00000007c0000000)
  eden space 303104K, 0% used [0x000000076ab00000,0x000000076ab00000,0x000000077d300000)
  from space 445440K, 54% used [0x000000077d300000,0x000000078c1d1890,0x0000000798600000)
  to   space 442368K, 0% used [0x0000000799b80000,0x0000000799b80000,0x00000007b4b80000)
 ParOldGen       total 2151424K, used 1572201K [0x00000006c0000000, 0x0000000743500000, 0x000000076ab00000)
  object space 2151424K, 73% used [0x00000006c0000000,0x000000071ff5a660,0x0000000743500000)
 Metaspace       used 7347K, capacity 7594K, committed 7936K, reserved 1056768K
  class space    used 803K, capacity 907K, committed 1024K, reserved 1048576K
}
Event: 19.658 GC heap before
{Heap before GC invocations=33 (full 7):
 PSYoungGen      total 748544K, used 547654K [0x000000076ab00000, 0x00000007b4b80000, 0x00000007c0000000)
  eden space 303104K, 100% used [0x000000076ab00000,0x000000077d300000,0x000000077d300000)
  from space 445440K, 54% used [0x000000077d300000,0x000000078c1d1890,0x0000000798600000)
  to   space 442368K, 0% used [0x0000000799b80000,0x0000000799b80000,0x00000007b4b80000)
 ParOldGen       total 2151424K, used 1572201K [0x00000006c0000000, 0x0000000743500000, 0x000000076ab00000)
  object space 2151424K, 73% used [0x00000006c0000000,0x000000071ff5a660,0x0000000743500000)
 Metaspace       used 7347K, capacity 7594K, committed 7936K, reserved 1056768K
  class space    used 803K, capacity 907K, committed 1024K, reserved 1048576K
Event: 19.797 GC heap after
Heap after GC invocations=33 (full 7):
 PSYoungGen      total 747008K, used 374808K [0x000000076ab00000, 0x00000007b7b00000, 0x00000007c0000000)
  eden space 304640K, 0% used [0x000000076ab00000,0x000000076ab00000,0x000000077d480000)
  from space 442368K, 84% used [0x0000000799b80000,0x00000007b09862f0,0x00000007b4b80000)
  to   space 465920K, 0% used [0x000000077d480000,0x000000077d480000,0x0000000799b80000)
 ParOldGen       total 2151424K, used 1572201K [0x00000006c0000000, 0x0000000743500000, 0x000000076ab00000)
  object space 2151424K, 73% used [0x00000006c0000000,0x000000071ff5a660,0x0000000743500000)
 Metaspace       used 7347K, capacity 7594K, committed 7936K, reserved 1056768K
  class space    used 803K, capacity 907K, committed 1024K, reserved 1048576K
}
Event: 20.218 GC heap before
{Heap before GC invocations=34 (full 7):
 PSYoungGen      total 747008K, used 679448K [0x000000076ab00000, 0x00000007b7b00000, 0x00000007c0000000)
  eden space 304640K, 100% used [0x000000076ab00000,0x000000077d480000,0x000000077d480000)
  from space 442368K, 84% used [0x0000000799b80000,0x00000007b09862f0,0x00000007b4b80000)
  to   space 465920K, 0% used [0x000000077d480000,0x000000077d480000,0x0000000799b80000)
 ParOldGen       total 2151424K, used 1572201K [0x00000006c0000000, 0x0000000743500000, 0x000000076ab00000)
  object space 2151424K, 73% used [0x00000006c0000000,0x000000071ff5a660,0x0000000743500000)
 Metaspace       used 7347K, capacity 7594K, committed 7936K, reserved 1056768K
  class space    used 803K, capacity 907K, committed 1024K, reserved 1048576K
Event: 20.419 GC heap after
Heap after GC invocations=34 (full 7):
 PSYoungGen      total 770560K, used 386812K [0x000000076ab00000, 0x00000007b8000000, 0x00000007c0000000)
  eden space 304640K, 0% used [0x000000076ab00000,0x000000076ab00000,0x000000077d480000)
  from space 465920K, 83% used [0x000000077d480000,0x0000000794e3f250,0x0000000799b80000)
  to   space 465920K, 0% used [0x000000079b900000,0x000000079b900000,0x00000007b8000000)
 ParOldGen       total 2151424K, used 1688436K [0x00000006c0000000, 0x0000000743500000, 0x000000076ab00000)
  object space 2151424K, 78% used [0x00000006c0000000,0x00000007270dd090,0x0000000743500000)
 Metaspace       used 7347K, capacity 7594K, committed 7936K, reserved 1056768K
  class space    used 803K, capacity 907K, committed 1024K, reserved 1048576K
}
Event: 20.839 GC heap before
{Heap before GC invocations=35 (full 7):
 PSYoungGen      total 770560K, used 691452K [0x000000076ab00000, 0x00000007b8000000, 0x00000007c0000000)
  eden space 304640K, 100% used [0x000000076ab00000,0x000000077d480000,0x000000077d480000)
  from space 465920K, 83% used [0x000000077d480000,0x0000000794e3f250,0x0000000799b80000)
  to   space 465920K, 0% used [0x000000079b900000,0x000000079b900000,0x00000007b8000000)
 ParOldGen       total 2151424K, used 1688436K [0x00000006c0000000, 0x0000000743500000, 0x000000076ab00000)
  object space 2151424K, 78% used [0x00000006c0000000,0x00000007270dd090,0x0000000743500000)
 Metaspace       used 7347K, capacity 7594K, committed 7936K, reserved 1056768K
  class space    used 803K, capacity 907K, committed 1024K, reserved 1048576K
Event: 21.142 GC heap after
Heap after GC invocations=35 (full 7):
 PSYoungGen      total 800768K, used 254826K [0x000000076ab00000, 0x00000007b8400000, 0x00000007c0000000)
  eden space 334848K, 0% used [0x000000076ab00000,0x000000076ab00000,0x000000077f200000)
  from space 465920K, 54% used [0x000000079b900000,0x00000007ab1da960,0x00000007b8000000)
  to   space 465920K, 0% used [0x000000077f200000,0x000000077f200000,0x000000079b900000)
 ParOldGen       total 2151424K, used 1947429K [0x00000006c0000000, 0x0000000743500000, 0x000000076ab00000)
  object space 2151424K, 90% used [0x00000006c0000000,0x0000000736dc97b0,0x0000000743500000)
 Metaspace       used 7347K, capacity 7594K, committed 7936K, reserved 1056768K
  class space    used 803K, capacity 907K, committed 1024K, reserved 1048576K
}
Event: 21.142 GC heap before
{Heap before GC invocations=36 (full 8):
 PSYoungGen      total 800768K, used 254826K [0x000000076ab00000, 0x00000007b8400000, 0x00000007c0000000)
  eden space 334848K, 0% used [0x000000076ab00000,0x000000076ab00000,0x000000077f200000)
  from space 465920K, 54% used [0x000000079b900000,0x00000007ab1da960,0x00000007b8000000)
  to   space 465920K, 0% used [0x000000077f200000,0x000000077f200000,0x000000079b900000)
 ParOldGen       total 2151424K, used 1947429K [0x00000006c0000000, 0x0000000743500000, 0x000000076ab00000)
  object space 2151424K, 90% used [0x00000006c0000000,0x0000000736dc97b0,0x0000000743500000)
 Metaspace       used 7347K, capacity 7594K, committed 7936K, reserved 1056768K
  class space    used 803K, capacity 907K, committed 1024K, reserved 1048576K

Deoptimization events (10 events):
Event: 1.089 Thread 0x00007f4a2c00b800 Uncommon trap: reason=class_check action=maybe_recompile pc=0x00007f4a1d298950 method=java.util.TimSort.mergeHi(IIII)V @ 227
Event: 1.089 Thread 0x00007f4a2c00b800 Uncommon trap: reason=class_check action=maybe_recompile pc=0x00007f4a1d298950 method=java.util.TimSort.mergeHi(IIII)V @ 227
Event: 1.092 Thread 0x00007f4a2c00b800 Uncommon trap: reason=class_check action=maybe_recompile pc=0x00007f4a1d287b40 method=java.util.TimSort.mergeHi(IIII)V @ 227
Event: 1.101 Thread 0x00007f4a2c00b800 Uncommon trap: reason=predicate action=maybe_recompile pc=0x00007f4a1d2befc8 method=java.util.TimSort.gallopRight(Ljava/lang/Object;[Ljava/lang/Object;IIILjava/util/Comparator;)I @ 65
Event: 1.103 Thread 0x00007f4a2c00b800 Uncommon trap: reason=unstable_if action=reinterpret pc=0x00007f4a1d283eec method=java.util.HashMap.keySet()Ljava/util/Set; @ 6
Event: 1.103 Thread 0x00007f4a2c00b800 Uncommon trap: reason=unstable_if action=reinterpret pc=0x00007f4a1d294a74 method=java.util.HashMap.keySet()Ljava/util/Set; @ 6
Event: 4.513 Thread 0x00007f4a2c00b800 Uncommon trap: reason=unstable_if action=reinterpret pc=0x00007f4a1d2d4344 method=com.tgelder.downhill.terrain.FlowProbabilityComputer.computeFlow(Lcom/tgelder/downhill/terrain/Mesh;[[DII[S[S[[Lcom/tgelder/downhill/terrain/FlowProbabilityComputer$Cell;)V 
Event: 4.513 Thread 0x00007f4a2c00b800 Uncommon trap: reason=unstable_if action=reinterpret pc=0x00007f4a1d2a8e28 method=com.tgelder.downhill.terrain.FlowProbabilityComputer.getUpstream(Lcom/tgelder/downhill/terrain/Mesh;II[S[S[[Lcom/tgelder/downhill/terrain/FlowProbabilityComputer$Cell;)Ljava
Event: 5.205 Thread 0x00007f4a2c00b800 Uncommon trap: reason=unstable_if action=reinterpret pc=0x00007f4a1d2ccc38 method=com.tgelder.downhill.terrain.FlowProbabilityComputer.computeFlow(Lcom/tgelder/downhill/terrain/Mesh;[[DII[S[S[[Lcom/tgelder/downhill/terrain/FlowProbabilityComputer$Cell;)V 
Event: 5.218 Thread 0x00007f4a2c00b800 Uncommon trap: reason=unstable_if action=reinterpret pc=0x00007f4a1d2c9e00 method=java.util.TimSort.mergeLo(IIII)V @ 529

Internal exceptions (10 events):
Event: 0.130 Thread 0x00007f4a2c00b800 Exception <a 'java/security/PrivilegedActionException'> (0x000000076ae853f8) thrown at [/build/openjdk-8-YiEakL/openjdk-8-8u121-b13/src/hotspot/src/share/vm/prims/jvm.cpp, line 1390]
Event: 0.130 Thread 0x00007f4a2c00b800 Exception <a 'java/security/PrivilegedActionException'> (0x000000076ae85608) thrown at [/build/openjdk-8-YiEakL/openjdk-8-8u121-b13/src/hotspot/src/share/vm/prims/jvm.cpp, line 1390]
Event: 0.130 Thread 0x00007f4a2c00b800 Exception <a 'java/security/PrivilegedActionException'> (0x000000076ae860e0) thrown at [/build/openjdk-8-YiEakL/openjdk-8-8u121-b13/src/hotspot/src/share/vm/prims/jvm.cpp, line 1390]
Event: 0.130 Thread 0x00007f4a2c00b800 Exception <a 'java/security/PrivilegedActionException'> (0x000000076ae862f0) thrown at [/build/openjdk-8-YiEakL/openjdk-8-8u121-b13/src/hotspot/src/share/vm/prims/jvm.cpp, line 1390]
Event: 0.160 Thread 0x00007f4a2c00b800 Exception <a 'java/lang/NoSuchFieldError': method resolution failed> (0x000000076afc0a08) thrown at [/build/openjdk-8-YiEakL/openjdk-8-8u121-b13/src/hotspot/src/share/vm/prims/methodHandles.cpp, line 1146]
Event: 0.165 Thread 0x00007f4a2c00b800 Exception <a 'java/lang/NoSuchFieldError': method resolution failed> (0x000000076afcec80) thrown at [/build/openjdk-8-YiEakL/openjdk-8-8u121-b13/src/hotspot/src/share/vm/prims/methodHandles.cpp, line 1146]
Event: 0.185 Thread 0x00007f4a2c00b800 Exception <a 'java/io/FileNotFoundException'> (0x000000076b074f00) thrown at [/build/openjdk-8-YiEakL/openjdk-8-8u121-b13/src/hotspot/src/share/vm/prims/jni.cpp, line 709]
Event: 0.185 Thread 0x00007f4a2c00b800 Exception <a 'java/io/FileNotFoundException'> (0x000000076b0758f0) thrown at [/build/openjdk-8-YiEakL/openjdk-8-8u121-b13/src/hotspot/src/share/vm/prims/jni.cpp, line 709]
Event: 0.193 Thread 0x00007f4a2c00b800 Exception <a 'java/lang/ClassNotFoundException': sun/dc/DuctusRenderingEngine> (0x000000076b0d7ba0) thrown at [/build/openjdk-8-YiEakL/openjdk-8-8u121-b13/src/hotspot/src/share/vm/classfile/systemDictionary.cpp, line 210]
Event: 0.252 Thread 0x00007f4a2c00b800 Exception <a 'java/lang/NoSuchMethodError': java.lang.Object.lambda$comparingDouble$8dcf42ea$1(Ljava/util/function/ToDoubleFunction;Ljava/lang/Object;Ljava/lang/Object;)I> (0x000000076b266b58) thrown at [/build/openjdk-8-YiEakL/openjdk-8-8u121-b13/src/hot

Events (10 events):
Event: 17.929 Executing VM operation: ParallelGCFailedAllocation done
Event: 18.365 Executing VM operation: ParallelGCFailedAllocation
Event: 18.528 Executing VM operation: ParallelGCFailedAllocation done
Event: 19.041 Executing VM operation: ParallelGCFailedAllocation
Event: 19.134 Executing VM operation: ParallelGCFailedAllocation done
Event: 19.658 Executing VM operation: ParallelGCFailedAllocation
Event: 19.797 Executing VM operation: ParallelGCFailedAllocation done
Event: 20.218 Executing VM operation: ParallelGCFailedAllocation
Event: 20.419 Executing VM operation: ParallelGCFailedAllocation done
Event: 20.839 Executing VM operation: ParallelGCFailedAllocation


Dynamic libraries:
00400000-00401000 r-xp 00000000 08:14 2630160                            /usr/lib/jvm/java-8-openjdk-amd64/jre/bin/java
00600000-00601000 r--p 00000000 08:14 2630160                            /usr/lib/jvm/java-8-openjdk-amd64/jre/bin/java
00601000-00602000 rw-p 00001000 08:14 2630160                            /usr/lib/jvm/java-8-openjdk-amd64/jre/bin/java
00dc0000-00de1000 rw-p 00000000 00:00 0                                  [heap]
6c0000000-743500000 rw-p 00000000 00:00 0 
76ab00000-7b8400000 rw-p 00000000 00:00 0 
7b8400000-7c0000000 ---p 00000000 00:00 0 
7c0000000-7c0100000 rw-p 00000000 00:00 0 
7c0100000-800000000 ---p 00000000 00:00 0 
7f49c8000000-7f49c8021000 rw-p 00000000 00:00 0 
7f49c8021000-7f49cc000000 ---p 00000000 00:00 0 
7f49d0000000-7f49d0a35000 rw-p 00000000 00:00 0 
7f49d0a35000-7f49d4000000 ---p 00000000 00:00 0 
7f49d4000000-7f49d4021000 rw-p 00000000 00:00 0 
7f49d4021000-7f49d8000000 ---p 00000000 00:00 0 
7f49d8000000-7f49d8021000 rw-p 00000000 00:00 0 
7f49d8021000-7f49dc000000 ---p 00000000 00:00 0 
7f49dc000000-7f49dc021000 rw-p 00000000 00:00 0 
7f49dc021000-7f49e0000000 ---p 00000000 00:00 0 
7f49e0000000-7f49e0a3a000 rw-p 00000000 00:00 0 
7f49e0a3a000-7f49e4000000 ---p 00000000 00:00 0 
7f49e4000000-7f49e4210000 rw-p 00000000 00:00 0 
7f49e4210000-7f49e8000000 ---p 00000000 00:00 0 
7f49e8000000-7f49e8021000 rw-p 00000000 00:00 0 
7f49e8021000-7f49ec000000 ---p 00000000 00:00 0 
7f49ec000000-7f49ec021000 rw-p 00000000 00:00 0 
7f49ec021000-7f49f0000000 ---p 00000000 00:00 0 
7f49f0000000-7f49f0021000 rw-p 00000000 00:00 0 
7f49f0021000-7f49f4000000 ---p 00000000 00:00 0 
7f49f4000000-7f49f4021000 rw-p 00000000 00:00 0 
7f49f4021000-7f49f8000000 ---p 00000000 00:00 0 
7f49f8000000-7f4a00000000 rw-p 00000000 00:00 0 
7f4a00000000-7f4a00021000 rw-p 00000000 00:00 0 
7f4a00021000-7f4a04000000 ---p 00000000 00:00 0 
7f4a04000000-7f4a04021000 rw-p 00000000 00:00 0 
7f4a04021000-7f4a08000000 ---p 00000000 00:00 0 
7f4a08000000-7f4a08021000 rw-p 00000000 00:00 0 
7f4a08021000-7f4a0c000000 ---p 00000000 00:00 0 
7f4a0eb8f000-7f4a0eb92000 ---p 00000000 00:00 0 
7f4a0eb92000-7f4a0ec90000 rw-p 00000000 00:00 0 
7f4a0ec90000-7f4a0ec95000 r-xp 00000000 08:14 2766731                    /usr/lib/x86_64-linux-gnu/libXfixes.so.3.1.0
7f4a0ec95000-7f4a0ee94000 ---p 00005000 08:14 2766731                    /usr/lib/x86_64-linux-gnu/libXfixes.so.3.1.0
7f4a0ee94000-7f4a0ee95000 r--p 00004000 08:14 2766731                    /usr/lib/x86_64-linux-gnu/libXfixes.so.3.1.0
7f4a0ee95000-7f4a0ee96000 rw-p 00005000 08:14 2766731                    /usr/lib/x86_64-linux-gnu/libXfixes.so.3.1.0
7f4a0ee96000-7f4a0ee9f000 r-xp 00000000 08:14 2766723                    /usr/lib/x86_64-linux-gnu/libXcursor.so.1.0.2
7f4a0ee9f000-7f4a0f09e000 ---p 00009000 08:14 2766723                    /usr/lib/x86_64-linux-gnu/libXcursor.so.1.0.2
7f4a0f09e000-7f4a0f09f000 r--p 00008000 08:14 2766723                    /usr/lib/x86_64-linux-gnu/libXcursor.so.1.0.2
7f4a0f09f000-7f4a0f0a0000 rw-p 00009000 08:14 2766723                    /usr/lib/x86_64-linux-gnu/libXcursor.so.1.0.2
7f4a0f0a0000-7f4a0f0c4000 r-xp 00000000 08:14 2359438                    /lib/x86_64-linux-gnu/libpng12.so.0.54.0
7f4a0f0c4000-7f4a0f2c3000 ---p 00024000 08:14 2359438                    /lib/x86_64-linux-gnu/libpng12.so.0.54.0
7f4a0f2c3000-7f4a0f2c4000 r--p 00023000 08:14 2359438                    /lib/x86_64-linux-gnu/libpng12.so.0.54.0
7f4a0f2c4000-7f4a0f2c5000 rw-p 00024000 08:14 2359438                    /lib/x86_64-linux-gnu/libpng12.so.0.54.0
7f4a0f2c5000-7f4a0f369000 r-xp 00000000 08:14 2766426                    /usr/lib/x86_64-linux-gnu/libfreetype.so.6.12.1
7f4a0f369000-7f4a0f568000 ---p 000a4000 08:14 2766426                    /usr/lib/x86_64-linux-gnu/libfreetype.so.6.12.1
7f4a0f568000-7f4a0f56e000 r--p 000a3000 08:14 2766426                    /usr/lib/x86_64-linux-gnu/libfreetype.so.6.12.1
7f4a0f56e000-7f4a0f56f000 rw-p 000a9000 08:14 2766426                    /usr/lib/x86_64-linux-gnu/libfreetype.so.6.12.1
7f4a0f56f000-7f4a0f5c1000 r-xp 00000000 08:14 2630191                    /usr/lib/jvm/java-8-openjdk-amd64/jre/lib/amd64/libfontmanager.so
7f4a0f5c1000-7f4a0f7c1000 ---p 00052000 08:14 2630191                    /usr/lib/jvm/java-8-openjdk-amd64/jre/lib/amd64/libfontmanager.so
7f4a0f7c1000-7f4a0f7c3000 r--p 00052000 08:14 2630191                    /usr/lib/jvm/java-8-openjdk-amd64/jre/lib/amd64/libfontmanager.so
7f4a0f7c3000-7f4a0f7c4000 rw-p 00054000 08:14 2630191                    /usr/lib/jvm/java-8-openjdk-amd64/jre/lib/amd64/libfontmanager.so
7f4a0f7c4000-7f4a0f7c9000 r-xp 00000000 08:14 2766727                    /usr/lib/x86_64-linux-gnu/libXdmcp.so.6.0.0
7f4a0f7c9000-7f4a0f9c8000 ---p 00005000 08:14 2766727                    /usr/lib/x86_64-linux-gnu/libXdmcp.so.6.0.0
7f4a0f9c8000-7f4a0f9c9000 r--p 00004000 08:14 2766727                    /usr/lib/x86_64-linux-gnu/libXdmcp.so.6.0.0
7f4a0f9c9000-7f4a0f9ca000 rw-p 00005000 08:14 2766727                    /usr/lib/x86_64-linux-gnu/libXdmcp.so.6.0.0
7f4a0f9ca000-7f4a0f9cc000 r-xp 00000000 08:14 2766716                    /usr/lib/x86_64-linux-gnu/libXau.so.6.0.0
7f4a0f9cc000-7f4a0fbcc000 ---p 00002000 08:14 2766716                    /usr/lib/x86_64-linux-gnu/libXau.so.6.0.0
7f4a0fbcc000-7f4a0fbcd000 r--p 00002000 08:14 2766716                    /usr/lib/x86_64-linux-gnu/libXau.so.6.0.0
7f4a0fbcd000-7f4a0fbce000 rw-p 00003000 08:14 2766716                    /usr/lib/x86_64-linux-gnu/libXau.so.6.0.0
7f4a0fbce000-7f4a0fbef000 r-xp 00000000 08:14 2768148                    /usr/lib/x86_64-linux-gnu/libxcb.so.1.1.0
7f4a0fbef000-7f4a0fdee000 ---p 00021000 08:14 2768148                    /usr/lib/x86_64-linux-gnu/libxcb.so.1.1.0
7f4a0fdee000-7f4a0fdef000 r--p 00020000 08:14 2768148                    /usr/lib/x86_64-linux-gnu/libxcb.so.1.1.0
7f4a0fdef000-7f4a0fdf0000 rw-p 00021000 08:14 2768148                    /usr/lib/x86_64-linux-gnu/libxcb.so.1.1.0
7f4a0fdf0000-7f4a0fdff000 r-xp 00000000 08:14 2766737                    /usr/lib/x86_64-linux-gnu/libXi.so.6.1.0
7f4a0fdff000-7f4a0fffe000 ---p 0000f000 08:14 2766737                    /usr/lib/x86_64-linux-gnu/libXi.so.6.1.0
7f4a0fffe000-7f4a0ffff000 r--p 0000e000 08:14 2766737                    /usr/lib/x86_64-linux-gnu/libXi.so.6.1.0
7f4a0ffff000-7f4a10000000 rw-p 0000f000 08:14 2766737                    /usr/lib/x86_64-linux-gnu/libXi.so.6.1.0
7f4a10000000-7f4a10021000 rw-p 00000000 00:00 0 
7f4a10021000-7f4a14000000 ---p 00000000 00:00 0 
7f4a14070000-7f4a14073000 ---p 00000000 00:00 0 
7f4a14073000-7f4a14171000 rw-p 00000000 00:00 0 
7f4a14171000-7f4a14176000 r-xp 00000000 08:14 2766755                    /usr/lib/x86_64-linux-gnu/libXtst.so.6.1.0
7f4a14176000-7f4a14375000 ---p 00005000 08:14 2766755                    /usr/lib/x86_64-linux-gnu/libXtst.so.6.1.0
7f4a14375000-7f4a14376000 r--p 00004000 08:14 2766755                    /usr/lib/x86_64-linux-gnu/libXtst.so.6.1.0
7f4a14376000-7f4a14377000 rw-p 00005000 08:14 2766755                    /usr/lib/x86_64-linux-gnu/libXtst.so.6.1.0
7f4a14377000-7f4a14380000 r-xp 00000000 08:14 2766749                    /usr/lib/x86_64-linux-gnu/libXrender.so.1.3.0
7f4a14380000-7f4a1457f000 ---p 00009000 08:14 2766749                    /usr/lib/x86_64-linux-gnu/libXrender.so.1.3.0
7f4a1457f000-7f4a14580000 r--p 00008000 08:14 2766749                    /usr/lib/x86_64-linux-gnu/libXrender.so.1.3.0
7f4a14580000-7f4a14581000 rw-p 00009000 08:14 2766749                    /usr/lib/x86_64-linux-gnu/libXrender.so.1.3.0
7f4a14581000-7f4a146b6000 r-xp 00000000 08:14 2766712                    /usr/lib/x86_64-linux-gnu/libX11.so.6.3.0
7f4a146b6000-7f4a148b6000 ---p 00135000 08:14 2766712                    /usr/lib/x86_64-linux-gnu/libX11.so.6.3.0
7f4a148b6000-7f4a148b7000 r--p 00135000 08:14 2766712                    /usr/lib/x86_64-linux-gnu/libX11.so.6.3.0
7f4a148b7000-7f4a148bb000 rw-p 00136000 08:14 2766712                    /usr/lib/x86_64-linux-gnu/libX11.so.6.3.0
7f4a148bb000-7f4a148cc000 r-xp 00000000 08:14 2766729                    /usr/lib/x86_64-linux-gnu/libXext.so.6.4.0
7f4a148cc000-7f4a14acb000 ---p 00011000 08:14 2766729                    /usr/lib/x86_64-linux-gnu/libXext.so.6.4.0
7f4a14acb000-7f4a14acc000 r--p 00010000 08:14 2766729                    /usr/lib/x86_64-linux-gnu/libXext.so.6.4.0
7f4a14acc000-7f4a14acd000 rw-p 00011000 08:14 2766729                    /usr/lib/x86_64-linux-gnu/libXext.so.6.4.0
7f4a14acd000-7f4a14b21000 r-xp 00000000 08:14 2630202                    /usr/lib/jvm/java-8-openjdk-amd64/jre/lib/amd64/libawt_xawt.so
7f4a14b21000-7f4a14d21000 ---p 00054000 08:14 2630202                    /usr/lib/jvm/java-8-openjdk-amd64/jre/lib/amd64/libawt_xawt.so
7f4a14d21000-7f4a14d22000 r--p 00054000 08:14 2630202                    /usr/lib/jvm/java-8-openjdk-amd64/jre/lib/amd64/libawt_xawt.so
7f4a14d22000-7f4a14d25000 rw-p 00055000 08:14 2630202                    /usr/lib/jvm/java-8-openjdk-amd64/jre/lib/amd64/libawt_xawt.so
7f4a14d25000-7f4a14d26000 rw-p 00000000 00:00 0 
7f4a14d26000-7f4a14dc6000 r-xp 00000000 08:14 2630213                    /usr/lib/jvm/java-8-openjdk-amd64/jre/lib/amd64/libawt.so
7f4a14dc6000-7f4a14fc6000 ---p 000a0000 08:14 2630213                    /usr/lib/jvm/java-8-openjdk-amd64/jre/lib/amd64/libawt.so
7f4a14fc6000-7f4a14fc7000 r--p 000a0000 08:14 2630213                    /usr/lib/jvm/java-8-openjdk-amd64/jre/lib/amd64/libawt.so
7f4a14fc7000-7f4a14fd2000 rw-p 000a1000 08:14 2630213                    /usr/lib/jvm/java-8-openjdk-amd64/jre/lib/amd64/libawt.so
7f4a14fd2000-7f4a14ff7000 rw-p 00000000 00:00 0 
7f4a14ff7000-7f4a14ff8000 ---p 00000000 00:00 0 
7f4a14ff8000-7f4a150f8000 rw-p 00000000 00:00 0 
7f4a150f8000-7f4a150fb000 ---p 00000000 00:00 0 
7f4a150fb000-7f4a151f9000 rw-p 00000000 00:00 0 
7f4a151f9000-7f4a151fc000 ---p 00000000 00:00 0 
7f4a151fc000-7f4a152fa000 rw-p 00000000 00:00 0 
7f4a152fa000-7f4a152fd000 ---p 00000000 00:00 0 
7f4a152fd000-7f4a156fc000 rw-p 00000000 00:00 0 
7f4a156fc000-7f4a15713000 r-xp 00000000 08:14 2630187                    /usr/lib/jvm/java-8-openjdk-amd64/jre/lib/amd64/libnet.so
7f4a15713000-7f4a15912000 ---p 00017000 08:14 2630187                    /usr/lib/jvm/java-8-openjdk-amd64/jre/lib/amd64/libnet.so
7f4a15912000-7f4a15913000 r--p 00016000 08:14 2630187                    /usr/lib/jvm/java-8-openjdk-amd64/jre/lib/amd64/libnet.so
7f4a15913000-7f4a15914000 rw-p 00017000 08:14 2630187                    /usr/lib/jvm/java-8-openjdk-amd64/jre/lib/amd64/libnet.so
7f4a15914000-7f4a15917000 ---p 00000000 00:00 0 
7f4a15917000-7f4a15a15000 rw-p 00000000 00:00 0 
7f4a15a15000-7f4a15a18000 ---p 00000000 00:00 0 
7f4a15a18000-7f4a15b16000 rw-p 00000000 00:00 0 
7f4a15b16000-7f4a15b19000 ---p 00000000 00:00 0 
7f4a15b19000-7f4a15c17000 rw-p 00000000 00:00 0 
7f4a15c17000-7f4a15eef000 r--p 00000000 08:14 2634238                    /usr/lib/locale/locale-archive
7f4a15eef000-7f4a15ef2000 ---p 00000000 00:00 0 
7f4a15ef2000-7f4a15ff0000 rw-p 00000000 00:00 0 
7f4a15ff0000-7f4a15ff3000 ---p 00000000 00:00 0 
7f4a15ff3000-7f4a160f1000 rw-p 00000000 00:00 0 
7f4a160f1000-7f4a160f2000 ---p 00000000 00:00 0 
7f4a160f2000-7f4a176c0000 rw-p 00000000 00:00 0 
7f4a176c0000-7f4a17800000 ---p 00000000 00:00 0 
7f4a17800000-7f4a18000000 rw-p 00000000 00:00 0 
7f4a18000000-7f4a18021000 rw-p 00000000 00:00 0 
7f4a18021000-7f4a1c000000 ---p 00000000 00:00 0 
7f4a1c08f000-7f4a1c090000 r--p 00000000 08:14 1316958                    /usr/share/locale-langpack/en_GB/LC_MESSAGES/libc.mo
7f4a1c090000-7f4a1c095000 r--s 002f9000 08:14 2630265                    /usr/lib/jvm/java-8-openjdk-amd64/jre/lib/charsets.jar
7f4a1c095000-7f4a1c097000 r--s 0001a000 08:14 3298745                    /opt/idea-IC-182.4129.33/lib/idea_rt.jar
7f4a1c097000-7f4a1c099000 r--s 0000c000 08:14 1443724                    /home/thomas/.m2/repository/commons-cli/commons-cli/1.4/commons-cli-1.4.jar
7f4a1c099000-7f4a1c09c000 r--s 00006000 08:14 400258                     /home/thomas/.m2/repository/com/google/code/findbugs/jsr305/1.3.9/jsr305-1.3.9.jar
7f4a1c09c000-7f4a1c0cc000 r--s 0024f000 08:14 662291                     /home/thomas/.m2/repository/com/google/guava/guava/23.0/guava-23.0.jar
7f4a1c0cc000-7f4a1c0df000 r--s 00346000 08:14 2630257                    /usr/lib/jvm/java-8-openjdk-amd64/jre/lib/resources.jar
7f4a1c0df000-7f4a1c22d000 rw-p 00000000 00:00 0 
7f4a1c22d000-7f4a1c3fb000 r--s 03c06000 08:14 2630266                    /usr/lib/jvm/java-8-openjdk-amd64/jre/lib/rt.jar
7f4a1c3fb000-7f4a1c3fc000 ---p 00000000 00:00 0 
7f4a1c3fc000-7f4a1c4fc000 rw-p 00000000 00:00 0 
7f4a1c4fc000-7f4a1c4fd000 ---p 00000000 00:00 0 
7f4a1c4fd000-7f4a1c5fd000 rw-p 00000000 00:00 0 
7f4a1c5fd000-7f4a1c5fe000 ---p 00000000 00:00 0 
7f4a1c5fe000-7f4a1c6fe000 rw-p 00000000 00:00 0 
7f4a1c6fe000-7f4a1c6ff000 ---p 00000000 00:00 0 
7f4a1c6ff000-7f4a1cc1a000 rw-p 00000000 00:00 0 
7f4a1cc1a000-7f4a1cd54000 ---p 00000000 00:00 0 
7f4a1cd54000-7f4a1cfc1000 rw-p 00000000 00:00 0 
7f4a1cfc1000-7f4a1cfff000 ---p 00000000 00:00 0 
7f4a1cfff000-7f4a1d000000 rw-p 00000000 00:00 0 
7f4a1d000000-7f4a1d310000 rwxp 00000000 00:00 0 
7f4a1d310000-7f4a2c000000 ---p 00000000 00:00 0 
7f4a2c000000-7f4a2c3f2000 rw-p 00000000 00:00 0 
7f4a2c3f2000-7f4a30000000 ---p 00000000 00:00 0 
7f4a30000000-7f4a30002000 r--s 00001000 08:14 662277                     /home/thomas/.m2/repository/com/google/j2objc/j2objc-annotations/1.1/j2objc-annotations-1.1.jar
7f4a30002000-7f4a30005000 r--s 00026000 08:14 1443960                    /home/thomas/.m2/repository/ar/com/hjg/pngj/2.1.0/pngj-2.1.0.jar
7f4a30005000-7f4a30009000 r--s 0009a000 08:14 2630262                    /usr/lib/jvm/java-8-openjdk-amd64/jre/lib/jsse.jar
7f4a30009000-7f4a30024000 r--s 001d6000 08:14 2630225                    /usr/lib/jvm/java-8-openjdk-amd64/jre/lib/ext/nashorn.jar
7f4a30024000-7f4a304b5000 rw-p 00000000 00:00 0 
7f4a304b5000-7f4a305f0000 ---p 00000000 00:00 0 
7f4a305f0000-7f4a305fd000 rw-p 00000000 00:00 0 
7f4a305fd000-7f4a309b0000 ---p 00000000 00:00 0 
7f4a309b0000-7f4a309b8000 r-xp 00000000 08:14 2630185                    /usr/lib/jvm/java-8-openjdk-amd64/jre/lib/amd64/libzip.so
7f4a309b8000-7f4a30bb7000 ---p 00008000 08:14 2630185                    /usr/lib/jvm/java-8-openjdk-amd64/jre/lib/amd64/libzip.so
7f4a30bb7000-7f4a30bb8000 r--p 00007000 08:14 2630185                    /usr/lib/jvm/java-8-openjdk-amd64/jre/lib/amd64/libzip.so
7f4a30bb8000-7f4a30bb9000 rw-p 00008000 08:14 2630185                    /usr/lib/jvm/java-8-openjdk-amd64/jre/lib/amd64/libzip.so
7f4a30bb9000-7f4a30bc4000 r-xp 00000000 08:14 2359483                    /lib/x86_64-linux-gnu/libnss_files-2.23.so
7f4a30bc4000-7f4a30dc3000 ---p 0000b000 08:14 2359483                    /lib/x86_64-linux-gnu/libnss_files-2.23.so
7f4a30dc3000-7f4a30dc4000 r--p 0000a000 08:14 2359483                    /lib/x86_64-linux-gnu/libnss_files-2.23.so
7f4a30dc4000-7f4a30dc5000 rw-p 0000b000 08:14 2359483                    /lib/x86_64-linux-gnu/libnss_files-2.23.so
7f4a30dc5000-7f4a30dcb000 rw-p 00000000 00:00 0 
7f4a30dcb000-7f4a30dd6000 r-xp 00000000 08:14 2359420                    /lib/x86_64-linux-gnu/libnss_nis-2.23.so
7f4a30dd6000-7f4a30fd5000 ---p 0000b000 08:14 2359420                    /lib/x86_64-linux-gnu/libnss_nis-2.23.so
7f4a30fd5000-7f4a30fd6000 r--p 0000a000 08:14 2359420                    /lib/x86_64-linux-gnu/libnss_nis-2.23.so
7f4a30fd6000-7f4a30fd7000 rw-p 0000b000 08:14 2359420                    /lib/x86_64-linux-gnu/libnss_nis-2.23.so
7f4a30fd7000-7f4a30fed000 r-xp 00000000 08:14 2359478                    /lib/x86_64-linux-gnu/libnsl-2.23.so
7f4a30fed000-7f4a311ec000 ---p 00016000 08:14 2359478                    /lib/x86_64-linux-gnu/libnsl-2.23.so
7f4a311ec000-7f4a311ed000 r--p 00015000 08:14 2359478                    /lib/x86_64-linux-gnu/libnsl-2.23.so
7f4a311ed000-7f4a311ee000 rw-p 00016000 08:14 2359478                    /lib/x86_64-linux-gnu/libnsl-2.23.so
7f4a311ee000-7f4a311f0000 rw-p 00000000 00:00 0 
7f4a311f0000-7f4a311f8000 r-xp 00000000 08:14 2359485                    /lib/x86_64-linux-gnu/libnss_compat-2.23.so
7f4a311f8000-7f4a313f7000 ---p 00008000 08:14 2359485                    /lib/x86_64-linux-gnu/libnss_compat-2.23.so
7f4a313f7000-7f4a313f8000 r--p 00007000 08:14 2359485                    /lib/x86_64-linux-gnu/libnss_compat-2.23.so
7f4a313f8000-7f4a313f9000 rw-p 00008000 08:14 2359485                    /lib/x86_64-linux-gnu/libnss_compat-2.23.so
7f4a313f9000-7f4a31403000 r-xp 00000000 08:14 2630180                    /usr/lib/jvm/java-8-openjdk-amd64/jre/lib/amd64/libinstrument.so
7f4a31403000-7f4a31602000 ---p 0000a000 08:14 2630180                    /usr/lib/jvm/java-8-openjdk-amd64/jre/lib/amd64/libinstrument.so
7f4a31602000-7f4a31603000 r--p 00009000 08:14 2630180                    /usr/lib/jvm/java-8-openjdk-amd64/jre/lib/amd64/libinstrument.so
7f4a31603000-7f4a31604000 rw-p 0000a000 08:14 2630180                    /usr/lib/jvm/java-8-openjdk-amd64/jre/lib/amd64/libinstrument.so
7f4a31604000-7f4a31631000 r-xp 00000000 08:14 2630215                    /usr/lib/jvm/java-8-openjdk-amd64/jre/lib/amd64/libjava.so
7f4a31631000-7f4a31830000 ---p 0002d000 08:14 2630215                    /usr/lib/jvm/java-8-openjdk-amd64/jre/lib/amd64/libjava.so
7f4a31830000-7f4a31831000 r--p 0002c000 08:14 2630215                    /usr/lib/jvm/java-8-openjdk-amd64/jre/lib/amd64/libjava.so
7f4a31831000-7f4a31833000 rw-p 0002d000 08:14 2630215                    /usr/lib/jvm/java-8-openjdk-amd64/jre/lib/amd64/libjava.so
7f4a31833000-7f4a31842000 r-xp 00000000 08:14 2630178                    /usr/lib/jvm/java-8-openjdk-amd64/jre/lib/amd64/libverify.so
7f4a31842000-7f4a31a41000 ---p 0000f000 08:14 2630178                    /usr/lib/jvm/java-8-openjdk-amd64/jre/lib/amd64/libverify.so
7f4a31a41000-7f4a31a43000 r--p 0000e000 08:14 2630178                    /usr/lib/jvm/java-8-openjdk-amd64/jre/lib/amd64/libverify.so
7f4a31a43000-7f4a31a44000 rw-p 00010000 08:14 2630178                    /usr/lib/jvm/java-8-openjdk-amd64/jre/lib/amd64/libverify.so
7f4a31a44000-7f4a31a4b000 r-xp 00000000 08:14 2359486                    /lib/x86_64-linux-gnu/librt-2.23.so
7f4a31a4b000-7f4a31c4a000 ---p 00007000 08:14 2359486                    /lib/x86_64-linux-gnu/librt-2.23.so
7f4a31c4a000-7f4a31c4b000 r--p 00006000 08:14 2359486                    /lib/x86_64-linux-gnu/librt-2.23.so
7f4a31c4b000-7f4a31c4c000 rw-p 00007000 08:14 2359486                    /lib/x86_64-linux-gnu/librt-2.23.so
7f4a31c4c000-7f4a31c62000 r-xp 00000000 08:14 2359357                    /lib/x86_64-linux-gnu/libgcc_s.so.1
7f4a31c62000-7f4a31e61000 ---p 00016000 08:14 2359357                    /lib/x86_64-linux-gnu/libgcc_s.so.1
7f4a31e61000-7f4a31e62000 rw-p 00015000 08:14 2359357                    /lib/x86_64-linux-gnu/libgcc_s.so.1
7f4a31e62000-7f4a31f6a000 r-xp 00000000 08:14 2359477                    /lib/x86_64-linux-gnu/libm-2.23.so
7f4a31f6a000-7f4a32169000 ---p 00108000 08:14 2359477                    /lib/x86_64-linux-gnu/libm-2.23.so
7f4a32169000-7f4a3216a000 r--p 00107000 08:14 2359477                    /lib/x86_64-linux-gnu/libm-2.23.so
7f4a3216a000-7f4a3216b000 rw-p 00108000 08:14 2359477                    /lib/x86_64-linux-gnu/libm-2.23.so
7f4a3216b000-7f4a322dd000 r-xp 00000000 08:14 2777884                    /usr/lib/x86_64-linux-gnu/libstdc++.so.6.0.21
7f4a322dd000-7f4a324dd000 ---p 00172000 08:14 2777884                    /usr/lib/x86_64-linux-gnu/libstdc++.so.6.0.21
7f4a324dd000-7f4a324e7000 r--p 00172000 08:14 2777884                    /usr/lib/x86_64-linux-gnu/libstdc++.so.6.0.21
7f4a324e7000-7f4a324e9000 rw-p 0017c000 08:14 2777884                    /usr/lib/x86_64-linux-gnu/libstdc++.so.6.0.21
7f4a324e9000-7f4a324ed000 rw-p 00000000 00:00 0 
7f4a324ed000-7f4a3313d000 r-xp 00000000 08:14 2630208                    /usr/lib/jvm/java-8-openjdk-amd64/jre/lib/amd64/server/libjvm.so
7f4a3313d000-7f4a3333c000 ---p 00c50000 08:14 2630208                    /usr/lib/jvm/java-8-openjdk-amd64/jre/lib/amd64/server/libjvm.so
7f4a3333c000-7f4a333cf000 r--p 00c4f000 08:14 2630208                    /usr/lib/jvm/java-8-openjdk-amd64/jre/lib/amd64/server/libjvm.so
7f4a333cf000-7f4a333f8000 rw-p 00ce2000 08:14 2630208                    /usr/lib/jvm/java-8-openjdk-amd64/jre/lib/amd64/server/libjvm.so
7f4a333f8000-7f4a33428000 rw-p 00000000 00:00 0 
7f4a33428000-7f4a33440000 r-xp 00000000 08:14 2359490                    /lib/x86_64-linux-gnu/libpthread-2.23.so
7f4a33440000-7f4a3363f000 ---p 00018000 08:14 2359490                    /lib/x86_64-linux-gnu/libpthread-2.23.so
7f4a3363f000-7f4a33640000 r--p 00017000 08:14 2359490                    /lib/x86_64-linux-gnu/libpthread-2.23.so
7f4a33640000-7f4a33641000 rw-p 00018000 08:14 2359490                    /lib/x86_64-linux-gnu/libpthread-2.23.so
7f4a33641000-7f4a33645000 rw-p 00000000 00:00 0 
7f4a33645000-7f4a33648000 r-xp 00000000 08:14 2359419                    /lib/x86_64-linux-gnu/libdl-2.23.so
7f4a33648000-7f4a33847000 ---p 00003000 08:14 2359419                    /lib/x86_64-linux-gnu/libdl-2.23.so
7f4a33847000-7f4a33848000 r--p 00002000 08:14 2359419                    /lib/x86_64-linux-gnu/libdl-2.23.so
7f4a33848000-7f4a33849000 rw-p 00003000 08:14 2359419                    /lib/x86_64-linux-gnu/libdl-2.23.so
7f4a33849000-7f4a33862000 r-xp 00000000 08:14 2359521                    /lib/x86_64-linux-gnu/libz.so.1.2.8
7f4a33862000-7f4a33a61000 ---p 00019000 08:14 2359521                    /lib/x86_64-linux-gnu/libz.so.1.2.8
7f4a33a61000-7f4a33a62000 r--p 00018000 08:14 2359521                    /lib/x86_64-linux-gnu/libz.so.1.2.8
7f4a33a62000-7f4a33a63000 rw-p 00019000 08:14 2359521                    /lib/x86_64-linux-gnu/libz.so.1.2.8
7f4a33a63000-7f4a33c22000 r-xp 00000000 08:14 2359479                    /lib/x86_64-linux-gnu/libc-2.23.so
7f4a33c22000-7f4a33e22000 ---p 001bf000 08:14 2359479                    /lib/x86_64-linux-gnu/libc-2.23.so
7f4a33e22000-7f4a33e26000 r--p 001bf000 08:14 2359479                    /lib/x86_64-linux-gnu/libc-2.23.so
7f4a33e26000-7f4a33e28000 rw-p 001c3000 08:14 2359479                    /lib/x86_64-linux-gnu/libc-2.23.so
7f4a33e28000-7f4a33e2c000 rw-p 00000000 00:00 0 
7f4a33e2c000-7f4a33e39000 r-xp 00000000 08:14 2630206                    /usr/lib/jvm/java-8-openjdk-amd64/jre/lib/amd64/jli/libjli.so
7f4a33e39000-7f4a34039000 ---p 0000d000 08:14 2630206                    /usr/lib/jvm/java-8-openjdk-amd64/jre/lib/amd64/jli/libjli.so
7f4a34039000-7f4a3403a000 r--p 0000d000 08:14 2630206                    /usr/lib/jvm/java-8-openjdk-amd64/jre/lib/amd64/jli/libjli.so
7f4a3403a000-7f4a3403b000 rw-p 0000e000 08:14 2630206                    /usr/lib/jvm/java-8-openjdk-amd64/jre/lib/amd64/jli/libjli.so
7f4a3403b000-7f4a34061000 r-xp 00000000 08:14 2359480                    /lib/x86_64-linux-gnu/ld-2.23.so
7f4a34061000-7f4a34062000 r--s 00000000 08:14 1054866                    /home/thomas/.m2/repository/org/codehaus/mojo/animal-sniffer-annotations/1.14/animal-sniffer-annotations-1.14.jar
7f4a34062000-7f4a34063000 r--s 00002000 08:14 526911                     /home/thomas/.m2/repository/com/google/errorprone/error_prone_annotations/2.0.18/error_prone_annotations-2.0.18.jar
7f4a34063000-7f4a34064000 r--s 00000000 08:14 2630167                    /usr/lib/jvm/java-8-openjdk-amd64/jre/lib/management-agent.jar
7f4a34064000-7f4a34067000 r--s 00015000 08:14 2630263                    /usr/lib/jvm/java-8-openjdk-amd64/jre/lib/jce.jar
7f4a34067000-7f4a3406c000 r--s 002f9000 08:14 2630265                    /usr/lib/jvm/java-8-openjdk-amd64/jre/lib/charsets.jar
7f4a3406c000-7f4a3406d000 r--s 00010000 08:14 2630229                    /usr/lib/jvm/java-8-openjdk-amd64/jre/lib/ext/zipfs.jar
7f4a3406d000-7f4a34070000 r--s 0000f000 08:14 2630227                    /usr/lib/jvm/java-8-openjdk-amd64/jre/lib/ext/icedtea-sound.jar
7f4a34070000-7f4a34074000 r--s 00037000 08:14 2630230                    /usr/lib/jvm/java-8-openjdk-amd64/jre/lib/ext/sunpkcs11.jar
7f4a34074000-7f4a34076000 r--s 00001000 08:14 2630226                    /usr/lib/jvm/java-8-openjdk-amd64/jre/lib/ext/dnsns.jar
7f4a34076000-7f4a34077000 r--s 0000a000 08:14 2630233                    /usr/lib/jvm/java-8-openjdk-amd64/jre/lib/ext/jaccess.jar
7f4a34077000-7f4a34081000 r--s 00116000 08:14 2630231                    /usr/lib/jvm/java-8-openjdk-amd64/jre/lib/ext/localedata.jar
7f4a34081000-7f4a34086000 r--s 0003b000 08:14 2630232                    /usr/lib/jvm/java-8-openjdk-amd64/jre/lib/ext/sunjce_provider.jar
7f4a34086000-7f4a34131000 rw-p 00000000 00:00 0 
7f4a34131000-7f4a34134000 ---p 00000000 00:00 0 
7f4a34134000-7f4a34237000 rw-p 00000000 00:00 0 
7f4a34237000-7f4a34252000 r--s 00394000 08:14 2630228                    /usr/lib/jvm/java-8-openjdk-amd64/jre/lib/ext/cldrdata.jar
7f4a34252000-7f4a34254000 r--s 00008000 08:14 2630224                    /usr/lib/jvm/java-8-openjdk-amd64/jre/lib/ext/sunec.jar
7f4a34254000-7f4a3425c000 rw-s 00000000 08:14 526954                     /tmp/hsperfdata_thomas/10056
7f4a3425c000-7f4a3425d000 rw-p 00000000 00:00 0 
7f4a3425d000-7f4a3425e000 ---p 00000000 00:00 0 
7f4a3425e000-7f4a34260000 rw-p 00000000 00:00 0 
7f4a34260000-7f4a34261000 r--p 00025000 08:14 2359480                    /lib/x86_64-linux-gnu/ld-2.23.so
7f4a34261000-7f4a34262000 rw-p 00026000 08:14 2359480                    /lib/x86_64-linux-gnu/ld-2.23.so
7f4a34262000-7f4a34263000 rw-p 00000000 00:00 0 
7ffce131e000-7ffce133f000 rw-p 00000000 00:00 0                          [stack]
7ffce13ae000-7ffce13b0000 r--p 00000000 00:00 0                          [vvar]
7ffce13b0000-7ffce13b2000 r-xp 00000000 00:00 0                          [vdso]
ffffffffff600000-ffffffffff601000 r-xp 00000000 00:00 0                  [vsyscall]

VM Arguments:
jvm_args: -Xmx4g -javaagent:/opt/idea-IC-182.4129.33/lib/idea_rt.jar=39627:/opt/idea-IC-182.4129.33/bin -Dfile.encoding=UTF-8 
java_command: com.tgelder.downhill.terrain.App -destination 8192.png -seaLevel 0 -rivers 2048 -seed 807 -power 9 -maxAltitude 1000000
java_class_path (initial): /usr/lib/jvm/java-8-openjdk-amd64/jre/lib/charsets.jar:/usr/lib/jvm/java-8-openjdk-amd64/jre/lib/ext/cldrdata.jar:/usr/lib/jvm/java-8-openjdk-amd64/jre/lib/ext/dnsns.jar:/usr/lib/jvm/java-8-openjdk-amd64/jre/lib/ext/icedtea-sound.jar:/usr/lib/jvm/java-8-openjdk-amd64/jre/lib/ext/jaccess.jar:/usr/lib/jvm/java-8-openjdk-amd64/jre/lib/ext/localedata.jar:/usr/lib/jvm/java-8-openjdk-amd64/jre/lib/ext/nashorn.jar:/usr/lib/jvm/java-8-openjdk-amd64/jre/lib/ext/sunec.jar:/usr/lib/jvm/java-8-openjdk-amd64/jre/lib/ext/sunjce_provider.jar:/usr/lib/jvm/java-8-openjdk-amd64/jre/lib/ext/sunpkcs11.jar:/usr/lib/jvm/java-8-openjdk-amd64/jre/lib/ext/zipfs.jar:/usr/lib/jvm/java-8-openjdk-amd64/jre/lib/jce.jar:/usr/lib/jvm/java-8-openjdk-amd64/jre/lib/jsse.jar:/usr/lib/jvm/java-8-openjdk-amd64/jre/lib/management-agent.jar:/usr/lib/jvm/java-8-openjdk-amd64/jre/lib/resources.jar:/usr/lib/jvm/java-8-openjdk-amd64/jre/lib/rt.jar:/home/thomas/git/downhill/target/classes:/home/thomas/.m2/repository/ar/com/hjg/pngj/2.1.0/pngj-2.1.0.jar:/home/thomas/.m2/repository/com/google/guava/guava/23.0/guava-23.0.jar:/home/thomas/.m2/repository/com/google/code/findbugs/jsr305/1.3.9/jsr305-1.3.9.jar:/home/thomas/.m2/repository/com/google/errorprone/error_prone_annotations/2.0.18/error_prone_annotations-2.0.18.jar:/home/thomas/.m2/repository/com/google/j2objc/j2objc-annotations/1.1/j2objc-annotations-1.1.jar:/home/thomas/.m2/repository/org/codehaus/mojo/animal-sniffer-annotations/1.14/animal-sniffer-annotations-1.14.jar:/home/thomas/.m2/repository/commons-cli/commons-cli/1.4/commons-cli-1.4.jar:/opt/idea-IC-182.4129.33/lib/idea_rt.jar
Launcher Type: SUN_STANDARD

Environment Variables:
PATH=/home/thomas/.cargo/bin:/home/thomas/bin:/home/thomas/.local/bin:/usr/local/sbin:/usr/local/bin:/usr/sbin:/usr/bin:/sbin:/bin:/usr/games:/usr/local/games:/opt/eclipse/jee-neon/eclipse
USERNAME=thomas
SHELL=/bin/bash
DISPLAY=:0

Signal Handlers:
SIGSEGV: [libjvm.so+0xa66fd0], sa_mask[0]=11111111011111111101111111111110, sa_flags=SA_RESTART|SA_SIGINFO
SIGBUS: [libjvm.so+0xa66fd0], sa_mask[0]=11111111011111111101111111111110, sa_flags=SA_RESTART|SA_SIGINFO
SIGFPE: [libjvm.so+0x8b0180], sa_mask[0]=11111111011111111101111111111110, sa_flags=SA_RESTART|SA_SIGINFO
SIGPIPE: [libjvm.so+0x8b0180], sa_mask[0]=11111111011111111101111111111110, sa_flags=SA_RESTART|SA_SIGINFO
SIGXFSZ: [libjvm.so+0x8b0180], sa_mask[0]=11111111011111111101111111111110, sa_flags=SA_RESTART|SA_SIGINFO
SIGILL: [libjvm.so+0x8b0180], sa_mask[0]=11111111011111111101111111111110, sa_flags=SA_RESTART|SA_SIGINFO
SIGUSR1: SIG_DFL, sa_mask[0]=00000000000000000000000000000000, sa_flags=none
SIGUSR2: [libjvm.so+0x8b0030], sa_mask[0]=00100000000000000000000000000000, sa_flags=SA_RESTART|SA_SIGINFO
SIGHUP: [libjvm.so+0x8b0500], sa_mask[0]=11111111011111111101111111111110, sa_flags=SA_RESTART|SA_SIGINFO
SIGINT: [libjvm.so+0x8b0500], sa_mask[0]=11111111011111111101111111111110, sa_flags=SA_RESTART|SA_SIGINFO
SIGTERM: [libjvm.so+0x8b0500], sa_mask[0]=11111111011111111101111111111110, sa_flags=SA_RESTART|SA_SIGINFO
SIGQUIT: [libjvm.so+0x8b0500], sa_mask[0]=11111111011111111101111111111110, sa_flags=SA_RESTART|SA_SIGINFO


---------------  S Y S T E M  ---------------

OS:DISTRIB_ID=LinuxMint
DISTRIB_RELEASE=18.1
DISTRIB_CODENAME=serena
DISTRIB_DESCRIPTION="Linux Mint 18.1 Serena"

uname:Linux 4.4.0-53-generic #74-Ubuntu SMP Fri Dec 2 15:59:10 UTC 2016 x86_64
libc:glibc 2.23 NPTL 2.23 
rlimit: STACK 8192k, CORE 0k, NPROC 31511, NOFILE 65536, AS infinity
load average:1.22 0.74 0.54

/proc/meminfo:
MemTotal:        8109144 kB
MemFree:          140932 kB
MemAvailable:      62268 kB
Buffers:            8472 kB
Cached:           114160 kB
SwapCached:            0 kB
Active:          7591180 kB
Inactive:          87196 kB
Active(anon):    7558432 kB
Inactive(anon):    47592 kB
Active(file):      32748 kB
Inactive(file):    39604 kB
Unevictable:         568 kB
Mlocked:             568 kB
SwapTotal:             0 kB
SwapFree:              0 kB
Dirty:               564 kB
Writeback:             0 kB
AnonPages:       7556776 kB
Mapped:           140548 kB
Shmem:             49716 kB
Slab:              95608 kB
SReclaimable:      42080 kB
SUnreclaim:        53528 kB
KernelStack:       15152 kB
PageTables:        60952 kB
NFS_Unstable:          0 kB
Bounce:                0 kB
WritebackTmp:          0 kB
CommitLimit:     4054572 kB
Committed_AS:   14475716 kB
VmallocTotal:   34359738367 kB
VmallocUsed:           0 kB
VmallocChunk:          0 kB
HardwareCorrupted:     0 kB
AnonHugePages:   4089856 kB
CmaTotal:              0 kB
CmaFree:               0 kB
HugePages_Total:       0
HugePages_Free:        0
HugePages_Rsvd:        0
HugePages_Surp:        0
Hugepagesize:       2048 kB
DirectMap4k:      484888 kB
DirectMap2M:     7837696 kB
DirectMap1G:           0 kB


CPU:total 4 (4 cores per cpu, 1 threads per core) family 6 model 60 stepping 3, cmov, cx8, fxsr, mmx, sse, sse2, sse3, ssse3, sse4.1, sse4.2, popcnt, avx, avx2, aes, clmul, erms, lzcnt, tsc, tscinvbit, bmi1, bmi2

/proc/cpuinfo:
processor	: 0
vendor_id	: GenuineIntel
cpu family	: 6
model		: 60
model name	: Intel(R) Core(TM) i5-4590 CPU @ 3.30GHz
stepping	: 3
microcode	: 0x1e
cpu MHz		: 3499.933
cache size	: 6144 KB
physical id	: 0
siblings	: 4
core id		: 0
cpu cores	: 4
apicid		: 0
initial apicid	: 0
fpu		: yes
fpu_exception	: yes
cpuid level	: 13
wp		: yes
flags		: fpu vme de pse tsc msr pae mce cx8 apic sep mtrr pge mca cmov pat pse36 clflush dts acpi mmx fxsr sse sse2 ss ht tm pbe syscall nx pdpe1gb rdtscp lm constant_tsc arch_perfmon pebs bts rep_good nopl xtopology nonstop_tsc aperfmperf eagerfpu pni pclmulqdq dtes64 monitor ds_cpl vmx smx est tm2 ssse3 sdbg fma cx16 xtpr pdcm pcid sse4_1 sse4_2 x2apic movbe popcnt tsc_deadline_timer aes xsave avx f16c rdrand lahf_lm abm tpr_shadow vnmi flexpriority ept vpid fsgsbase tsc_adjust bmi1 avx2 smep bmi2 erms invpcid xsaveopt dtherm ida arat pln pts
bugs		:
bogomips	: 6598.68
clflush size	: 64
cache_alignment	: 64
address sizes	: 39 bits physical, 48 bits virtual
power management:

processor	: 1
vendor_id	: GenuineIntel
cpu family	: 6
model		: 60
model name	: Intel(R) Core(TM) i5-4590 CPU @ 3.30GHz
stepping	: 3
microcode	: 0x1e
cpu MHz		: 3699.222
cache size	: 6144 KB
physical id	: 0
siblings	: 4
core id		: 1
cpu cores	: 4
apicid		: 2
initial apicid	: 2
fpu		: yes
fpu_exception	: yes
cpuid level	: 13
wp		: yes
flags		: fpu vme de pse tsc msr pae mce cx8 apic sep mtrr pge mca cmov pat pse36 clflush dts acpi mmx fxsr sse sse2 ss ht tm pbe syscall nx pdpe1gb rdtscp lm constant_tsc arch_perfmon pebs bts rep_good nopl xtopology nonstop_tsc aperfmperf eagerfpu pni pclmulqdq dtes64 monitor ds_cpl vmx smx est tm2 ssse3 sdbg fma cx16 xtpr pdcm pcid sse4_1 sse4_2 x2apic movbe popcnt tsc_deadline_timer aes xsave avx f16c rdrand lahf_lm abm tpr_shadow vnmi flexpriority ept vpid fsgsbase tsc_adjust bmi1 avx2 smep bmi2 erms invpcid xsaveopt dtherm ida arat pln pts
bugs		:
bogomips	: 6598.68
clflush size	: 64
cache_alignment	: 64
address sizes	: 39 bits physical, 48 bits virtual
power management:

processor	: 2
vendor_id	: GenuineIntel
cpu family	: 6
model		: 60
model name	: Intel(R) Core(TM) i5-4590 CPU @ 3.30GHz
stepping	: 3
microcode	: 0x1e
cpu MHz		: 3551.496
cache size	: 6144 KB
physical id	: 0
siblings	: 4
core id		: 2
cpu cores	: 4
apicid		: 4
initial apicid	: 4
fpu		: yes
fpu_exception	: yes
cpuid level	: 13
wp		: yes
flags		: fpu vme de pse tsc msr pae mce cx8 apic sep mtrr pge mca cmov pat pse36 clflush dts acpi mmx fxsr sse sse2 ss ht tm pbe syscall nx pdpe1gb rdtscp lm constant_tsc arch_perfmon pebs bts rep_good nopl xtopology nonstop_tsc aperfmperf eagerfpu pni pclmulqdq dtes64 monitor ds_cpl vmx smx est tm2 ssse3 sdbg fma cx16 xtpr pdcm pcid sse4_1 sse4_2 x2apic movbe popcnt tsc_deadline_timer aes xsave avx f16c rdrand lahf_lm abm tpr_shadow vnmi flexpriority ept vpid fsgsbase tsc_adjust bmi1 avx2 smep bmi2 erms invpcid xsaveopt dtherm ida arat pln pts
bugs		:
bogomips	: 6598.68
clflush size	: 64
cache_alignment	: 64
address sizes	: 39 bits physical, 48 bits virtual
power management:

processor	: 3
vendor_id	: GenuineIntel
cpu family	: 6
model		: 60
model name	: Intel(R) Core(TM) i5-4590 CPU @ 3.30GHz
stepping	: 3
microcode	: 0x1e
cpu MHz		: 3586.816
cache size	: 6144 KB
physical id	: 0
siblings	: 4
core id		: 3
cpu cores	: 4
apicid		: 6
initial apicid	: 6
fpu		: yes
fpu_exception	: yes
cpuid level	: 13
wp		: yes
flags		: fpu vme de pse tsc msr pae mce cx8 apic sep mtrr pge mca cmov pat pse36 clflush dts acpi mmx fxsr sse sse2 ss ht tm pbe syscall nx pdpe1gb rdtscp lm constant_tsc arch_perfmon pebs bts rep_good nopl xtopology nonstop_tsc aperfmperf eagerfpu pni pclmulqdq dtes64 monitor ds_cpl vmx smx est tm2 ssse3 sdbg fma cx16 xtpr pdcm pcid sse4_1 sse4_2 x2apic movbe popcnt tsc_deadline_timer aes xsave avx f16c rdrand lahf_lm abm tpr_shadow vnmi flexpriority ept vpid fsgsbase tsc_adjust bmi1 avx2 smep bmi2 erms invpcid xsaveopt dtherm ida arat pln pts
bugs		:
bogomips	: 6598.68
clflush size	: 64
cache_alignment	: 64
address sizes	: 39 bits physical, 48 bits virtual
power management:



Memory: 4k page, physical 8109144k(140684k free), swap 0k(0k free)

vm_info: OpenJDK 64-Bit Server VM (25.121-b13) for linux-amd64 JRE (1.8.0_121-8u121-b13-0ubuntu1.16.04.2-b13), built on Jan 23 2017 15:51:29 by "buildd" with gcc 5.4.0 20160609

time: Thu Nov 29 20:03:14 2018
elapsed time: 23 seconds (0d 0h 0m 23s)

