#
# There is insufficient memory for the Java Runtime Environment to continue.
# Native memory allocation (mmap) failed to map 619708416 bytes for committing reserved memory.
# Possible reasons:
#   The system is out of physical RAM or swap space
#   In 32 bit mode, the process size limit was hit
# Possible solutions:
#   Reduce memory load on the system
#   Increase physical memory or swap space
#   Check if swap backing store is full
#   Use 64 bit Java on a 64 bit OS
#   Decrease Java heap size (-Xmx/-Xms)
#   Decrease number of Java threads
#   Decrease Java thread stack sizes (-Xss)
#   Set larger code cache with -XX:ReservedCodeCacheSize=
# This output file may be truncated or incomplete.
#
#  Out of Memory Error (os_linux.cpp:2630), pid=15520, tid=0x00007f96849b1700
#
# JRE version: OpenJDK Runtime Environment (8.0_121-b13) (build 1.8.0_121-8u121-b13-0ubuntu1.16.04.2-b13)
# Java VM: OpenJDK 64-Bit Server VM (25.121-b13 mixed mode linux-amd64 compressed oops)
# Failed to write core dump. Core dumps have been disabled. To enable core dumping, try "ulimit -c unlimited" before starting Java again
#

---------------  T H R E A D  ---------------

Current thread (0x00007f9698140000):  VMThread [stack: 0x00007f96848b1000,0x00007f96849b2000] [id=15532]

Stack: [0x00007f96848b1000,0x00007f96849b2000],  sp=0x00007f96849b0480,  free space=1021k
Native frames: (J=compiled Java code, j=interpreted, Vv=VM code, C=native code)
V  [libjvm.so+0xa6647b]
V  [libjvm.so+0x4c32dc]
V  [libjvm.so+0x8b4b60]
V  [libjvm.so+0x8aefde]
V  [libjvm.so+0x929a16]
V  [libjvm.so+0x91907a]
V  [libjvm.so+0x919283]
V  [libjvm.so+0x919be8]
V  [libjvm.so+0x91feae]
V  [libjvm.so+0x92787d]
V  [libjvm.so+0x8d9553]
V  [libjvm.so+0xa68132]
V  [libjvm.so+0xa6d217]
V  [libjvm.so+0xa6a9e7]
V  [libjvm.so+0xa6be6f]
V  [libjvm.so+0xa6c361]
V  [libjvm.so+0x8b2042]

VM_Operation (0x00007f969e8fe560): ParallelGCFailedAllocation, mode: safepoint, requested by thread 0x00007f969800b800


---------------  P R O C E S S  ---------------

Java Threads: ( => current thread )
  0x00007f9698383000 JavaThread "AWT-XAWT" daemon [_thread_blocked, id=15551, stack(0x00007f967d2eb000,0x00007f967d3ec000)]
  0x00007f969835e000 JavaThread "Java2D Disposer" daemon [_thread_blocked, id=15550, stack(0x00007f967d7fc000,0x00007f967d8fd000)]
  0x00007f96982a9000 JavaThread "Service Thread" daemon [_thread_blocked, id=15548, stack(0x00007f967f7e4000,0x00007f967f8e5000)]
  0x00007f969829c000 JavaThread "C1 CompilerThread2" daemon [_thread_blocked, id=15547, stack(0x00007f967f8e5000,0x00007f967f9e6000)]
  0x00007f9698299000 JavaThread "C2 CompilerThread1" daemon [_thread_blocked, id=15546, stack(0x00007f967feff000,0x00007f9680000000)]
  0x00007f9698297800 JavaThread "C2 CompilerThread0" daemon [_thread_blocked, id=15545, stack(0x00007f9684076000,0x00007f9684177000)]
  0x00007f9698296000 JavaThread "Monitor Ctrl-Break" daemon [_thread_in_native, id=15544, stack(0x00007f9684177000,0x00007f9684278000)]
  0x00007f9698174000 JavaThread "Signal Dispatcher" daemon [_thread_blocked, id=15540, stack(0x00007f96842d6000,0x00007f96843d7000)]
  0x00007f969814c800 JavaThread "Finalizer" daemon [_thread_blocked, id=15536, stack(0x00007f96846af000,0x00007f96847b0000)]
  0x00007f9698148000 JavaThread "Reference Handler" daemon [_thread_blocked, id=15534, stack(0x00007f96847b0000,0x00007f96848b1000)]
  0x00007f969800b800 JavaThread "main" [_thread_blocked, id=15521, stack(0x00007f969e7ff000,0x00007f969e900000)]

Other Threads:
=>0x00007f9698140000 VMThread [stack: 0x00007f96848b1000,0x00007f96849b2000] [id=15532]
  0x00007f96982ab000 WatcherThread [stack: 0x00007f967f6e3000,0x00007f967f7e4000] [id=15549]

VM state:at safepoint (normal execution)

VM Mutex/Monitor currently owned by a thread:  ([mutex/lock_event])
[0x00007f96980077f0] ExpandHeap_lock - owner thread: 0x00007f9698140000
[0x00007f9698007e70] Threads_lock - owner thread: 0x00007f9698140000
[0x00007f9698008370] Heap_lock - owner thread: 0x00007f969800b800

Heap:
 PSYoungGen      total 742400K, used 0K [0x000000076ab00000, 0x00000007b5400000, 0x00000007c0000000)
  eden space 289792K, 0% used [0x000000076ab00000,0x000000076ab00000,0x000000077c600000)
  from space 452608K, 0% used [0x0000000799a00000,0x0000000799a00000,0x00000007b5400000)
  to   space 465920K, 0% used [0x000000077c600000,0x000000077c600000,0x0000000798d00000)
 ParOldGen       total 2191360K, used 2181868K [0x00000006c0000000, 0x0000000745c00000, 0x000000076ab00000)
  object space 2191360K, 99% used [0x00000006c0000000,0x00000007452bb2c0,0x0000000745c00000)
 Metaspace       used 6964K, capacity 7216K, committed 7296K, reserved 1056768K
  class space    used 766K, capacity 844K, committed 896K, reserved 1048576K

Card table byte_map: [0x00007f96873ab000,0x00007f9687bac000] byte_map_base: 0x00007f9683dab000

Marking Bits: (ParMarkBitMap*) 0x00007f969dad9220
 Begin Bits: [0x00007f9660000000, 0x00007f9664000000)
 End Bits:   [0x00007f9664000000, 0x00007f9668000000)

Polling page: 0x00007f969e92b000

CodeCache: size=245760Kb used=2090Kb max_used=2096Kb free=243669Kb
 bounds [0x00007f9687f6c000, 0x00007f96881dc000, 0x00007f9696f6c000]
 total_blobs=916 nmethods=476 adapters=355
 compilation: enabled

Compilation events (10 events):
Event: 0.298 Thread 0x00007f9698299000 nmethod 471 0x00007f968816e890 code [0x00007f968816e9e0, 0x00007f968816eab8]
Event: 0.299 Thread 0x00007f9698297800 nmethod 472 0x00007f968816c990 code [0x00007f968816cae0, 0x00007f968816cb58]
Event: 0.299 Thread 0x00007f969829c000  474 %     3       com.tgelder.downhill.terrain.FlowProbabilityComputer::computeFlow @ 70 (180 bytes)
Event: 0.300 Thread 0x00007f969829c000 nmethod 474% 0x00007f9688171790 code [0x00007f9688171a20, 0x00007f9688172c38]
Event: 0.300 Thread 0x00007f969829c000  475       3       com.tgelder.downhill.terrain.FlowProbabilityComputer::computeFlow (180 bytes)
Event: 0.301 Thread 0x00007f9698299000  473       4       java.util.ArrayDeque::pop (5 bytes)
Event: 0.301 Thread 0x00007f969829c000 nmethod 475 0x00007f9688174b10 code [0x00007f9688174dc0, 0x00007f9688175dd8]
Event: 0.301 Thread 0x00007f9698297800  476 %     4       com.tgelder.downhill.terrain.FlowProbabilityComputer::computeFlow @ 70 (180 bytes)
Event: 0.302 Thread 0x00007f9698299000 nmethod 473 0x00007f968816c650 code [0x00007f968816c7a0, 0x00007f968816c878]
Event: 0.336 Thread 0x00007f9698297800 nmethod 476% 0x00007f9688178610 code [0x00007f9688178820, 0x00007f9688179368]

GC Heap History (10 events):
Event: 12.054 GC heap after
Heap after GC invocations=21 (full 6):
 PSYoungGen      total 598016K, used 379744K [0x000000076ab00000, 0x00000007b1c00000, 0x00000007c0000000)
  eden space 169472K, 0% used [0x000000076ab00000,0x000000076ab00000,0x0000000775080000)
  from space 428544K, 88% used [0x0000000775080000,0x000000078c358000,0x000000078f300000)
  to   space 465920K, 0% used [0x0000000795500000,0x0000000795500000,0x00000007b1c00000)
 ParOldGen       total 1637376K, used 1247640K [0x00000006c0000000, 0x0000000723f00000, 0x000000076ab00000)
  object space 1637376K, 76% used [0x00000006c0000000,0x000000070c2660e0,0x0000000723f00000)
 Metaspace       used 6964K, capacity 7216K, committed 7296K, reserved 1056768K
  class space    used 766K, capacity 844K, committed 896K, reserved 1048576K
}
Event: 12.105 GC heap before
{Heap before GC invocations=22 (full 6):
 PSYoungGen      total 598016K, used 549216K [0x000000076ab00000, 0x00000007b1c00000, 0x00000007c0000000)
  eden space 169472K, 100% used [0x000000076ab00000,0x0000000775080000,0x0000000775080000)
  from space 428544K, 88% used [0x0000000775080000,0x000000078c358000,0x000000078f300000)
  to   space 465920K, 0% used [0x0000000795500000,0x0000000795500000,0x00000007b1c00000)
 ParOldGen       total 1637376K, used 1247640K [0x00000006c0000000, 0x0000000723f00000, 0x000000076ab00000)
  object space 1637376K, 76% used [0x00000006c0000000,0x000000070c2660e0,0x0000000723f00000)
 Metaspace       used 6964K, capacity 7216K, committed 7296K, reserved 1056768K
  class space    used 766K, capacity 844K, committed 896K, reserved 1048576K
Event: 12.852 GC heap after
Heap after GC invocations=22 (full 6):
 PSYoungGen      total 698368K, used 409472K [0x000000076ab00000, 0x00000007b2400000, 0x00000007c0000000)
  eden space 232448K, 0% used [0x000000076ab00000,0x000000076ab00000,0x0000000778e00000)
  from space 465920K, 87% used [0x0000000795500000,0x00000007ae4e0000,0x00000007b1c00000)
  to   space 465920K, 0% used [0x0000000778e00000,0x0000000778e00000,0x0000000795500000)
 ParOldGen       total 1637376K, used 1366680K [0x00000006c0000000, 0x0000000723f00000, 0x000000076ab00000)
  object space 1637376K, 83% used [0x00000006c0000000,0x00000007136a60e0,0x0000000723f00000)
 Metaspace       used 6964K, capacity 7216K, committed 7296K, reserved 1056768K
  class space    used 766K, capacity 844K, committed 896K, reserved 1048576K
}
Event: 12.922 GC heap before
{Heap before GC invocations=23 (full 6):
 PSYoungGen      total 698368K, used 641920K [0x000000076ab00000, 0x00000007b2400000, 0x00000007c0000000)
  eden space 232448K, 100% used [0x000000076ab00000,0x0000000778e00000,0x0000000778e00000)
  from space 465920K, 87% used [0x0000000795500000,0x00000007ae4e0000,0x00000007b1c00000)
  to   space 465920K, 0% used [0x0000000778e00000,0x0000000778e00000,0x0000000795500000)
 ParOldGen       total 1637376K, used 1366680K [0x00000006c0000000, 0x0000000723f00000, 0x000000076ab00000)
  object space 1637376K, 83% used [0x00000006c0000000,0x00000007136a60e0,0x0000000723f00000)
 Metaspace       used 6964K, capacity 7216K, committed 7296K, reserved 1056768K
  class space    used 766K, capacity 844K, committed 896K, reserved 1048576K
Event: 13.829 GC heap after
Heap after GC invocations=23 (full 6):
 PSYoungGen      total 698368K, used 352096K [0x000000076ab00000, 0x00000007b6100000, 0x00000007c0000000)
  eden space 232448K, 0% used [0x000000076ab00000,0x000000076ab00000,0x0000000778e00000)
  from space 465920K, 75% used [0x0000000778e00000,0x000000078e5d8000,0x0000000795500000)
  to   space 465920K, 0% used [0x0000000799a00000,0x0000000799a00000,0x00000007b6100000)
 ParOldGen       total 1637376K, used 1628456K [0x00000006c0000000, 0x0000000723f00000, 0x000000076ab00000)
  object space 1637376K, 99% used [0x00000006c0000000,0x000000072364a0e0,0x0000000723f00000)
 Metaspace       used 6964K, capacity 7216K, committed 7296K, reserved 1056768K
  class space    used 766K, capacity 844K, committed 896K, reserved 1048576K
}
Event: 13.829 GC heap before
{Heap before GC invocations=24 (full 7):
 PSYoungGen      total 698368K, used 352096K [0x000000076ab00000, 0x00000007b6100000, 0x00000007c0000000)
  eden space 232448K, 0% used [0x000000076ab00000,0x000000076ab00000,0x0000000778e00000)
  from space 465920K, 75% used [0x0000000778e00000,0x000000078e5d8000,0x0000000795500000)
  to   space 465920K, 0% used [0x0000000799a00000,0x0000000799a00000,0x00000007b6100000)
 ParOldGen       total 1637376K, used 1628456K [0x00000006c0000000, 0x0000000723f00000, 0x000000076ab00000)
  object space 1637376K, 99% used [0x00000006c0000000,0x000000072364a0e0,0x0000000723f00000)
 Metaspace       used 6964K, capacity 7216K, committed 7296K, reserved 1056768K
  class space    used 766K, capacity 844K, committed 896K, reserved 1048576K
Event: 18.577 GC heap after
Heap after GC invocations=24 (full 7):
 PSYoungGen      total 698368K, used 341447K [0x000000076ab00000, 0x00000007b6100000, 0x00000007c0000000)
  eden space 232448K, 0% used [0x000000076ab00000,0x000000076ab00000,0x0000000778e00000)
  from space 465920K, 73% used [0x0000000778e00000,0x000000078db71fe0,0x0000000795500000)
  to   space 465920K, 0% used [0x0000000799a00000,0x0000000799a00000,0x00000007b6100000)
 ParOldGen       total 2191360K, used 1637030K [0x00000006c0000000, 0x0000000745c00000, 0x000000076ab00000)
  object space 2191360K, 74% used [0x00000006c0000000,0x0000000723ea9860,0x0000000745c00000)
 Metaspace       used 6964K, capacity 7216K, committed 7296K, reserved 1056768K
  class space    used 766K, capacity 844K, committed 896K, reserved 1048576K
}
Event: 18.647 GC heap before
{Heap before GC invocations=25 (full 7):
 PSYoungGen      total 698368K, used 573895K [0x000000076ab00000, 0x00000007b6100000, 0x00000007c0000000)
  eden space 232448K, 100% used [0x000000076ab00000,0x0000000778e00000,0x0000000778e00000)
  from space 465920K, 73% used [0x0000000778e00000,0x000000078db71fe0,0x0000000795500000)
  to   space 465920K, 0% used [0x0000000799a00000,0x0000000799a00000,0x00000007b6100000)
 ParOldGen       total 2191360K, used 1637030K [0x00000006c0000000, 0x0000000745c00000, 0x000000076ab00000)
  object space 2191360K, 74% used [0x00000006c0000000,0x0000000723ea9860,0x0000000745c00000)
 Metaspace       used 6964K, capacity 7216K, committed 7296K, reserved 1056768K
  class space    used 766K, capacity 844K, committed 896K, reserved 1048576K
Event: 19.701 GC heap after
Heap after GC invocations=25 (full 7):
 PSYoungGen      total 742400K, used 203680K [0x000000076ab00000, 0x00000007b5400000, 0x00000007c0000000)
  eden space 289792K, 0% used [0x000000076ab00000,0x000000076ab00000,0x000000077c600000)
  from space 452608K, 45% used [0x0000000799a00000,0x00000007a60e8000,0x00000007b5400000)
  to   space 465920K, 0% used [0x000000077c600000,0x000000077c600000,0x0000000798d00000)
 ParOldGen       total 2191360K, used 1979830K [0x00000006c0000000, 0x0000000745c00000, 0x000000076ab00000)
  object space 2191360K, 90% used [0x00000006c0000000,0x0000000738d6d860,0x0000000745c00000)
 Metaspace       used 6964K, capacity 7216K, committed 7296K, reserved 1056768K
  class space    used 766K, capacity 844K, committed 896K, reserved 1048576K
}
Event: 19.701 GC heap before
{Heap before GC invocations=26 (full 8):
 PSYoungGen      total 742400K, used 203680K [0x000000076ab00000, 0x00000007b5400000, 0x00000007c0000000)
  eden space 289792K, 0% used [0x000000076ab00000,0x000000076ab00000,0x000000077c600000)
  from space 452608K, 45% used [0x0000000799a00000,0x00000007a60e8000,0x00000007b5400000)
  to   space 465920K, 0% used [0x000000077c600000,0x000000077c600000,0x0000000798d00000)
 ParOldGen       total 2191360K, used 1979830K [0x00000006c0000000, 0x0000000745c00000, 0x000000076ab00000)
  object space 2191360K, 90% used [0x00000006c0000000,0x0000000738d6d860,0x0000000745c00000)
 Metaspace       used 6964K, capacity 7216K, committed 7296K, reserved 1056768K
  class space    used 766K, capacity 844K, committed 896K, reserved 1048576K

Deoptimization events (1 events):
Event: 0.254 Thread 0x00007f969800b800 Uncommon trap: reason=unstable_if action=reinterpret pc=0x00007f968811b6dc method=java.lang.String.replace(CC)Ljava/lang/String; @ 26

Internal exceptions (10 events):
Event: 0.113 Thread 0x00007f969800b800 Exception <a 'java/security/PrivilegedActionException'> (0x000000076ae856e0) thrown at [/build/openjdk-8-YiEakL/openjdk-8-8u121-b13/src/hotspot/src/share/vm/prims/jvm.cpp, line 1390]
Event: 0.113 Thread 0x00007f969800b800 Exception <a 'java/security/PrivilegedActionException'> (0x000000076ae858f0) thrown at [/build/openjdk-8-YiEakL/openjdk-8-8u121-b13/src/hotspot/src/share/vm/prims/jvm.cpp, line 1390]
Event: 0.113 Thread 0x00007f969800b800 Exception <a 'java/security/PrivilegedActionException'> (0x000000076ae863c8) thrown at [/build/openjdk-8-YiEakL/openjdk-8-8u121-b13/src/hotspot/src/share/vm/prims/jvm.cpp, line 1390]
Event: 0.113 Thread 0x00007f969800b800 Exception <a 'java/security/PrivilegedActionException'> (0x000000076ae865d8) thrown at [/build/openjdk-8-YiEakL/openjdk-8-8u121-b13/src/hotspot/src/share/vm/prims/jvm.cpp, line 1390]
Event: 0.142 Thread 0x00007f969800b800 Exception <a 'java/lang/NoSuchFieldError': method resolution failed> (0x000000076afc0940) thrown at [/build/openjdk-8-YiEakL/openjdk-8-8u121-b13/src/hotspot/src/share/vm/prims/methodHandles.cpp, line 1146]
Event: 0.143 Thread 0x00007f969800b800 Exception <a 'java/lang/NoSuchFieldError': method resolution failed> (0x000000076afcebb8) thrown at [/build/openjdk-8-YiEakL/openjdk-8-8u121-b13/src/hotspot/src/share/vm/prims/methodHandles.cpp, line 1146]
Event: 0.167 Thread 0x00007f969800b800 Exception <a 'java/io/FileNotFoundException'> (0x000000076b074ec0) thrown at [/build/openjdk-8-YiEakL/openjdk-8-8u121-b13/src/hotspot/src/share/vm/prims/jni.cpp, line 709]
Event: 0.167 Thread 0x00007f969800b800 Exception <a 'java/io/FileNotFoundException'> (0x000000076b0758b0) thrown at [/build/openjdk-8-YiEakL/openjdk-8-8u121-b13/src/hotspot/src/share/vm/prims/jni.cpp, line 709]
Event: 0.182 Thread 0x00007f969800b800 Exception <a 'java/lang/ClassNotFoundException': sun/dc/DuctusRenderingEngine> (0x000000076b0d7b68) thrown at [/build/openjdk-8-YiEakL/openjdk-8-8u121-b13/src/hotspot/src/share/vm/classfile/systemDictionary.cpp, line 210]
Event: 0.238 Thread 0x00007f969800b800 Exception <a 'java/lang/NoSuchMethodError': java.lang.Object.lambda$comparingDouble$8dcf42ea$1(Ljava/util/function/ToDoubleFunction;Ljava/lang/Object;Ljava/lang/Object;)I> (0x000000076b267ba0) thrown at [/build/openjdk-8-YiEakL/openjdk-8-8u121-b13/src/hot

Events (10 events):
Event: 11.134 Executing VM operation: ParallelGCFailedAllocation done
Event: 11.172 Executing VM operation: ParallelGCFailedAllocation
Event: 11.551 Executing VM operation: ParallelGCFailedAllocation done
Event: 11.603 Executing VM operation: ParallelGCFailedAllocation
Event: 12.054 Executing VM operation: ParallelGCFailedAllocation done
Event: 12.105 Executing VM operation: ParallelGCFailedAllocation
Event: 12.852 Executing VM operation: ParallelGCFailedAllocation done
Event: 12.922 Executing VM operation: ParallelGCFailedAllocation
Event: 18.577 Executing VM operation: ParallelGCFailedAllocation done
Event: 18.647 Executing VM operation: ParallelGCFailedAllocation


Dynamic libraries:
00400000-00401000 r-xp 00000000 08:14 2630160                            /usr/lib/jvm/java-8-openjdk-amd64/jre/bin/java
00600000-00601000 r--p 00000000 08:14 2630160                            /usr/lib/jvm/java-8-openjdk-amd64/jre/bin/java
00601000-00602000 rw-p 00001000 08:14 2630160                            /usr/lib/jvm/java-8-openjdk-amd64/jre/bin/java
01ae4000-01b05000 rw-p 00000000 00:00 0                                  [heap]
6c0000000-745c00000 rw-p 00000000 00:00 0 
76ab00000-7b5400000 rw-p 00000000 00:00 0 
7b5400000-7c0000000 ---p 00000000 00:00 0 
7c0000000-7c00e0000 rw-p 00000000 00:00 0 
7c00e0000-800000000 ---p 00000000 00:00 0 
7f9618000000-7f961b757000 rw-p 00000000 00:00 0 
7f961b757000-7f961c000000 ---p 00000000 00:00 0 
7f9620000000-7f962337f000 rw-p 00000000 00:00 0 
7f962337f000-7f9624000000 ---p 00000000 00:00 0 
7f9624000000-7f96247af000 rw-p 00000000 00:00 0 
7f96247af000-7f9628000000 ---p 00000000 00:00 0 
7f962c000000-7f9630000000 rw-p 00000000 00:00 0 
7f9630000000-7f9630021000 rw-p 00000000 00:00 0 
7f9630021000-7f9634000000 ---p 00000000 00:00 0 
7f9638000000-7f9638021000 rw-p 00000000 00:00 0 
7f9638021000-7f963c000000 ---p 00000000 00:00 0 
7f963c000000-7f963c021000 rw-p 00000000 00:00 0 
7f963c021000-7f9640000000 ---p 00000000 00:00 0 
7f9640000000-7f9640242000 rw-p 00000000 00:00 0 
7f9640242000-7f9644000000 ---p 00000000 00:00 0 
7f9644000000-7f9644021000 rw-p 00000000 00:00 0 
7f9644021000-7f9648000000 ---p 00000000 00:00 0 
7f9648000000-7f96480ab000 rw-p 00000000 00:00 0 
7f96480ab000-7f964c000000 ---p 00000000 00:00 0 
7f964c000000-7f964c0d4000 rw-p 00000000 00:00 0 
7f964c0d4000-7f9650000000 ---p 00000000 00:00 0 
7f9650000000-7f9650021000 rw-p 00000000 00:00 0 
7f9650021000-7f9654000000 ---p 00000000 00:00 0 
7f9654000000-7f9654023000 rw-p 00000000 00:00 0 
7f9654023000-7f9658000000 ---p 00000000 00:00 0 
7f9658000000-7f9658021000 rw-p 00000000 00:00 0 
7f9658021000-7f965c000000 ---p 00000000 00:00 0 
7f965c000000-7f965c021000 rw-p 00000000 00:00 0 
7f965c021000-7f9660000000 ---p 00000000 00:00 0 
7f9660000000-7f9668000000 rw-p 00000000 00:00 0 
7f9668000000-7f966c000000 rw-p 00000000 00:00 0 
7f966c000000-7f966c021000 rw-p 00000000 00:00 0 
7f966c021000-7f9670000000 ---p 00000000 00:00 0 
7f9670000000-7f9674000000 rw-p 00000000 00:00 0 
7f9678000000-7f967c000000 rw-p 00000000 00:00 0 
7f967d2eb000-7f967d2ee000 ---p 00000000 00:00 0 
7f967d2ee000-7f967d3ec000 rw-p 00000000 00:00 0 
7f967d3ec000-7f967d3f1000 r-xp 00000000 08:14 2766731                    /usr/lib/x86_64-linux-gnu/libXfixes.so.3.1.0
7f967d3f1000-7f967d5f0000 ---p 00005000 08:14 2766731                    /usr/lib/x86_64-linux-gnu/libXfixes.so.3.1.0
7f967d5f0000-7f967d5f1000 r--p 00004000 08:14 2766731                    /usr/lib/x86_64-linux-gnu/libXfixes.so.3.1.0
7f967d5f1000-7f967d5f2000 rw-p 00005000 08:14 2766731                    /usr/lib/x86_64-linux-gnu/libXfixes.so.3.1.0
7f967d5f2000-7f967d5fb000 r-xp 00000000 08:14 2766723                    /usr/lib/x86_64-linux-gnu/libXcursor.so.1.0.2
7f967d5fb000-7f967d7fa000 ---p 00009000 08:14 2766723                    /usr/lib/x86_64-linux-gnu/libXcursor.so.1.0.2
7f967d7fa000-7f967d7fb000 r--p 00008000 08:14 2766723                    /usr/lib/x86_64-linux-gnu/libXcursor.so.1.0.2
7f967d7fb000-7f967d7fc000 rw-p 00009000 08:14 2766723                    /usr/lib/x86_64-linux-gnu/libXcursor.so.1.0.2
7f967d7fc000-7f967d7ff000 ---p 00000000 00:00 0 
7f967d7ff000-7f967d8fd000 rw-p 00000000 00:00 0 
7f967d8fd000-7f967d921000 r-xp 00000000 08:14 2359438                    /lib/x86_64-linux-gnu/libpng12.so.0.54.0
7f967d921000-7f967db20000 ---p 00024000 08:14 2359438                    /lib/x86_64-linux-gnu/libpng12.so.0.54.0
7f967db20000-7f967db21000 r--p 00023000 08:14 2359438                    /lib/x86_64-linux-gnu/libpng12.so.0.54.0
7f967db21000-7f967db22000 rw-p 00024000 08:14 2359438                    /lib/x86_64-linux-gnu/libpng12.so.0.54.0
7f967db22000-7f967dbc6000 r-xp 00000000 08:14 2766426                    /usr/lib/x86_64-linux-gnu/libfreetype.so.6.12.1
7f967dbc6000-7f967ddc5000 ---p 000a4000 08:14 2766426                    /usr/lib/x86_64-linux-gnu/libfreetype.so.6.12.1
7f967ddc5000-7f967ddcb000 r--p 000a3000 08:14 2766426                    /usr/lib/x86_64-linux-gnu/libfreetype.so.6.12.1
7f967ddcb000-7f967ddcc000 rw-p 000a9000 08:14 2766426                    /usr/lib/x86_64-linux-gnu/libfreetype.so.6.12.1
7f967ddcc000-7f967de1e000 r-xp 00000000 08:14 2630191                    /usr/lib/jvm/java-8-openjdk-amd64/jre/lib/amd64/libfontmanager.so
7f967de1e000-7f967e01e000 ---p 00052000 08:14 2630191                    /usr/lib/jvm/java-8-openjdk-amd64/jre/lib/amd64/libfontmanager.so
7f967e01e000-7f967e020000 r--p 00052000 08:14 2630191                    /usr/lib/jvm/java-8-openjdk-amd64/jre/lib/amd64/libfontmanager.so
7f967e020000-7f967e021000 rw-p 00054000 08:14 2630191                    /usr/lib/jvm/java-8-openjdk-amd64/jre/lib/amd64/libfontmanager.so
7f967e021000-7f967e026000 r-xp 00000000 08:14 2766727                    /usr/lib/x86_64-linux-gnu/libXdmcp.so.6.0.0
7f967e026000-7f967e225000 ---p 00005000 08:14 2766727                    /usr/lib/x86_64-linux-gnu/libXdmcp.so.6.0.0
7f967e225000-7f967e226000 r--p 00004000 08:14 2766727                    /usr/lib/x86_64-linux-gnu/libXdmcp.so.6.0.0
7f967e226000-7f967e227000 rw-p 00005000 08:14 2766727                    /usr/lib/x86_64-linux-gnu/libXdmcp.so.6.0.0
7f967e227000-7f967e229000 r-xp 00000000 08:14 2766716                    /usr/lib/x86_64-linux-gnu/libXau.so.6.0.0
7f967e229000-7f967e429000 ---p 00002000 08:14 2766716                    /usr/lib/x86_64-linux-gnu/libXau.so.6.0.0
7f967e429000-7f967e42a000 r--p 00002000 08:14 2766716                    /usr/lib/x86_64-linux-gnu/libXau.so.6.0.0
7f967e42a000-7f967e42b000 rw-p 00003000 08:14 2766716                    /usr/lib/x86_64-linux-gnu/libXau.so.6.0.0
7f967e42b000-7f967e44c000 r-xp 00000000 08:14 2768148                    /usr/lib/x86_64-linux-gnu/libxcb.so.1.1.0
7f967e44c000-7f967e64b000 ---p 00021000 08:14 2768148                    /usr/lib/x86_64-linux-gnu/libxcb.so.1.1.0
7f967e64b000-7f967e64c000 r--p 00020000 08:14 2768148                    /usr/lib/x86_64-linux-gnu/libxcb.so.1.1.0
7f967e64c000-7f967e64d000 rw-p 00021000 08:14 2768148                    /usr/lib/x86_64-linux-gnu/libxcb.so.1.1.0
7f967e64d000-7f967e65c000 r-xp 00000000 08:14 2766737                    /usr/lib/x86_64-linux-gnu/libXi.so.6.1.0
7f967e65c000-7f967e85b000 ---p 0000f000 08:14 2766737                    /usr/lib/x86_64-linux-gnu/libXi.so.6.1.0
7f967e85b000-7f967e85c000 r--p 0000e000 08:14 2766737                    /usr/lib/x86_64-linux-gnu/libXi.so.6.1.0
7f967e85c000-7f967e85d000 rw-p 0000f000 08:14 2766737                    /usr/lib/x86_64-linux-gnu/libXi.so.6.1.0
7f967e85d000-7f967e862000 r-xp 00000000 08:14 2766755                    /usr/lib/x86_64-linux-gnu/libXtst.so.6.1.0
7f967e862000-7f967ea61000 ---p 00005000 08:14 2766755                    /usr/lib/x86_64-linux-gnu/libXtst.so.6.1.0
7f967ea61000-7f967ea62000 r--p 00004000 08:14 2766755                    /usr/lib/x86_64-linux-gnu/libXtst.so.6.1.0
7f967ea62000-7f967ea63000 rw-p 00005000 08:14 2766755                    /usr/lib/x86_64-linux-gnu/libXtst.so.6.1.0
7f967ea63000-7f967ea6c000 r-xp 00000000 08:14 2766749                    /usr/lib/x86_64-linux-gnu/libXrender.so.1.3.0
7f967ea6c000-7f967ec6b000 ---p 00009000 08:14 2766749                    /usr/lib/x86_64-linux-gnu/libXrender.so.1.3.0
7f967ec6b000-7f967ec6c000 r--p 00008000 08:14 2766749                    /usr/lib/x86_64-linux-gnu/libXrender.so.1.3.0
7f967ec6c000-7f967ec6d000 rw-p 00009000 08:14 2766749                    /usr/lib/x86_64-linux-gnu/libXrender.so.1.3.0
7f967ec6d000-7f967eda2000 r-xp 00000000 08:14 2766712                    /usr/lib/x86_64-linux-gnu/libX11.so.6.3.0
7f967eda2000-7f967efa2000 ---p 00135000 08:14 2766712                    /usr/lib/x86_64-linux-gnu/libX11.so.6.3.0
7f967efa2000-7f967efa3000 r--p 00135000 08:14 2766712                    /usr/lib/x86_64-linux-gnu/libX11.so.6.3.0
7f967efa3000-7f967efa7000 rw-p 00136000 08:14 2766712                    /usr/lib/x86_64-linux-gnu/libX11.so.6.3.0
7f967efa7000-7f967efb8000 r-xp 00000000 08:14 2766729                    /usr/lib/x86_64-linux-gnu/libXext.so.6.4.0
7f967efb8000-7f967f1b7000 ---p 00011000 08:14 2766729                    /usr/lib/x86_64-linux-gnu/libXext.so.6.4.0
7f967f1b7000-7f967f1b8000 r--p 00010000 08:14 2766729                    /usr/lib/x86_64-linux-gnu/libXext.so.6.4.0
7f967f1b8000-7f967f1b9000 rw-p 00011000 08:14 2766729                    /usr/lib/x86_64-linux-gnu/libXext.so.6.4.0
7f967f1b9000-7f967f20d000 r-xp 00000000 08:14 2630202                    /usr/lib/jvm/java-8-openjdk-amd64/jre/lib/amd64/libawt_xawt.so
7f967f20d000-7f967f40d000 ---p 00054000 08:14 2630202                    /usr/lib/jvm/java-8-openjdk-amd64/jre/lib/amd64/libawt_xawt.so
7f967f40d000-7f967f40e000 r--p 00054000 08:14 2630202                    /usr/lib/jvm/java-8-openjdk-amd64/jre/lib/amd64/libawt_xawt.so
7f967f40e000-7f967f411000 rw-p 00055000 08:14 2630202                    /usr/lib/jvm/java-8-openjdk-amd64/jre/lib/amd64/libawt_xawt.so
7f967f411000-7f967f412000 rw-p 00000000 00:00 0 
7f967f412000-7f967f4b2000 r-xp 00000000 08:14 2630213                    /usr/lib/jvm/java-8-openjdk-amd64/jre/lib/amd64/libawt.so
7f967f4b2000-7f967f6b2000 ---p 000a0000 08:14 2630213                    /usr/lib/jvm/java-8-openjdk-amd64/jre/lib/amd64/libawt.so
7f967f6b2000-7f967f6b3000 r--p 000a0000 08:14 2630213                    /usr/lib/jvm/java-8-openjdk-amd64/jre/lib/amd64/libawt.so
7f967f6b3000-7f967f6be000 rw-p 000a1000 08:14 2630213                    /usr/lib/jvm/java-8-openjdk-amd64/jre/lib/amd64/libawt.so
7f967f6be000-7f967f6e3000 rw-p 00000000 00:00 0 
7f967f6e3000-7f967f6e4000 ---p 00000000 00:00 0 
7f967f6e4000-7f967f7e4000 rw-p 00000000 00:00 0 
7f967f7e4000-7f967f7e7000 ---p 00000000 00:00 0 
7f967f7e7000-7f967f8e5000 rw-p 00000000 00:00 0 
7f967f8e5000-7f967f8e8000 ---p 00000000 00:00 0 
7f967f8e8000-7f967fce7000 rw-p 00000000 00:00 0 
7f967fce7000-7f967fcfe000 r-xp 00000000 08:14 2630187                    /usr/lib/jvm/java-8-openjdk-amd64/jre/lib/amd64/libnet.so
7f967fcfe000-7f967fefd000 ---p 00017000 08:14 2630187                    /usr/lib/jvm/java-8-openjdk-amd64/jre/lib/amd64/libnet.so
7f967fefd000-7f967fefe000 r--p 00016000 08:14 2630187                    /usr/lib/jvm/java-8-openjdk-amd64/jre/lib/amd64/libnet.so
7f967fefe000-7f967feff000 rw-p 00017000 08:14 2630187                    /usr/lib/jvm/java-8-openjdk-amd64/jre/lib/amd64/libnet.so
7f967feff000-7f967ff02000 ---p 00000000 00:00 0 
7f967ff02000-7f9680000000 rw-p 00000000 00:00 0 
7f9680000000-7f9684000000 rw-p 00000000 00:00 0 
7f9684071000-7f9684076000 r--s 002f9000 08:14 2630265                    /usr/lib/jvm/java-8-openjdk-amd64/jre/lib/charsets.jar
7f9684076000-7f9684079000 ---p 00000000 00:00 0 
7f9684079000-7f9684177000 rw-p 00000000 00:00 0 
7f9684177000-7f968417a000 ---p 00000000 00:00 0 
7f968417a000-7f9684278000 rw-p 00000000 00:00 0 
7f9684278000-7f96842a8000 r--s 0024f000 08:14 662291                     /home/thomas/.m2/repository/com/google/guava/guava/23.0/guava-23.0.jar
7f96842a8000-7f96842bb000 r--s 00346000 08:14 2630257                    /usr/lib/jvm/java-8-openjdk-amd64/jre/lib/resources.jar
7f96842bb000-7f96842d6000 r--s 001d6000 08:14 2630225                    /usr/lib/jvm/java-8-openjdk-amd64/jre/lib/ext/nashorn.jar
7f96842d6000-7f96842d9000 ---p 00000000 00:00 0 
7f96842d9000-7f96843d7000 rw-p 00000000 00:00 0 
7f96843d7000-7f96846af000 r--p 00000000 08:14 2634238                    /usr/lib/locale/locale-archive
7f96846af000-7f96846b2000 ---p 00000000 00:00 0 
7f96846b2000-7f96847b0000 rw-p 00000000 00:00 0 
7f96847b0000-7f96847b3000 ---p 00000000 00:00 0 
7f96847b3000-7f96848b1000 rw-p 00000000 00:00 0 
7f96848b1000-7f96848b2000 ---p 00000000 00:00 0 
7f96848b2000-7f968590e000 rw-p 00000000 00:00 0 
7f968590e000-7f9685adc000 r--s 03c06000 08:14 2630266                    /usr/lib/jvm/java-8-openjdk-amd64/jre/lib/rt.jar
7f9685adc000-7f9686192000 rw-p 00000000 00:00 0 
7f9686192000-7f9686352000 ---p 00000000 00:00 0 
7f9686352000-7f9686b52000 rw-p 00000000 00:00 0 
7f9686b52000-7f9686b53000 ---p 00000000 00:00 0 
7f9686b53000-7f9686c53000 rw-p 00000000 00:00 0 
7f9686c53000-7f9686c54000 ---p 00000000 00:00 0 
7f9686c54000-7f9686d54000 rw-p 00000000 00:00 0 
7f9686d54000-7f9686d55000 ---p 00000000 00:00 0 
7f9686d55000-7f9687283000 rw-p 00000000 00:00 0 
7f9687283000-7f96873ab000 ---p 00000000 00:00 0 
7f96873ab000-7f96877d9000 rw-p 00000000 00:00 0 
7f96877d9000-7f9687900000 ---p 00000000 00:00 0 
7f9687900000-7f9687b55000 rw-p 00000000 00:00 0 
7f9687b55000-7f9687bab000 ---p 00000000 00:00 0 
7f9687bab000-7f9687bb6000 rw-p 00000000 00:00 0 
7f9687bb6000-7f9687f6c000 ---p 00000000 00:00 0 
7f9687f6c000-7f96881dc000 rwxp 00000000 00:00 0 
7f96881dc000-7f9696f6c000 ---p 00000000 00:00 0 
7f9696f6c000-7f9696f74000 r-xp 00000000 08:14 2630185                    /usr/lib/jvm/java-8-openjdk-amd64/jre/lib/amd64/libzip.so
7f9696f74000-7f9697173000 ---p 00008000 08:14 2630185                    /usr/lib/jvm/java-8-openjdk-amd64/jre/lib/amd64/libzip.so
7f9697173000-7f9697174000 r--p 00007000 08:14 2630185                    /usr/lib/jvm/java-8-openjdk-amd64/jre/lib/amd64/libzip.so
7f9697174000-7f9697175000 rw-p 00008000 08:14 2630185                    /usr/lib/jvm/java-8-openjdk-amd64/jre/lib/amd64/libzip.so
7f9697175000-7f9697180000 r-xp 00000000 08:14 2359483                    /lib/x86_64-linux-gnu/libnss_files-2.23.so
7f9697180000-7f969737f000 ---p 0000b000 08:14 2359483                    /lib/x86_64-linux-gnu/libnss_files-2.23.so
7f969737f000-7f9697380000 r--p 0000a000 08:14 2359483                    /lib/x86_64-linux-gnu/libnss_files-2.23.so
7f9697380000-7f9697381000 rw-p 0000b000 08:14 2359483                    /lib/x86_64-linux-gnu/libnss_files-2.23.so
7f9697381000-7f9697387000 rw-p 00000000 00:00 0 
7f9697387000-7f9697392000 r-xp 00000000 08:14 2359420                    /lib/x86_64-linux-gnu/libnss_nis-2.23.so
7f9697392000-7f9697591000 ---p 0000b000 08:14 2359420                    /lib/x86_64-linux-gnu/libnss_nis-2.23.so
7f9697591000-7f9697592000 r--p 0000a000 08:14 2359420                    /lib/x86_64-linux-gnu/libnss_nis-2.23.so
7f9697592000-7f9697593000 rw-p 0000b000 08:14 2359420                    /lib/x86_64-linux-gnu/libnss_nis-2.23.so
7f9697593000-7f96975a9000 r-xp 00000000 08:14 2359478                    /lib/x86_64-linux-gnu/libnsl-2.23.so
7f96975a9000-7f96977a8000 ---p 00016000 08:14 2359478                    /lib/x86_64-linux-gnu/libnsl-2.23.so
7f96977a8000-7f96977a9000 r--p 00015000 08:14 2359478                    /lib/x86_64-linux-gnu/libnsl-2.23.so
7f96977a9000-7f96977aa000 rw-p 00016000 08:14 2359478                    /lib/x86_64-linux-gnu/libnsl-2.23.so
7f96977aa000-7f96977ac000 rw-p 00000000 00:00 0 
7f96977ac000-7f96977b4000 r-xp 00000000 08:14 2359485                    /lib/x86_64-linux-gnu/libnss_compat-2.23.so
7f96977b4000-7f96979b3000 ---p 00008000 08:14 2359485                    /lib/x86_64-linux-gnu/libnss_compat-2.23.so
7f96979b3000-7f96979b4000 r--p 00007000 08:14 2359485                    /lib/x86_64-linux-gnu/libnss_compat-2.23.so
7f96979b4000-7f96979b5000 rw-p 00008000 08:14 2359485                    /lib/x86_64-linux-gnu/libnss_compat-2.23.so
7f96979b5000-7f96979bf000 r-xp 00000000 08:14 2630180                    /usr/lib/jvm/java-8-openjdk-amd64/jre/lib/amd64/libinstrument.so
7f96979bf000-7f9697bbe000 ---p 0000a000 08:14 2630180                    /usr/lib/jvm/java-8-openjdk-amd64/jre/lib/amd64/libinstrument.so
7f9697bbe000-7f9697bbf000 r--p 00009000 08:14 2630180                    /usr/lib/jvm/java-8-openjdk-amd64/jre/lib/amd64/libinstrument.so
7f9697bbf000-7f9697bc0000 rw-p 0000a000 08:14 2630180                    /usr/lib/jvm/java-8-openjdk-amd64/jre/lib/amd64/libinstrument.so
7f9697bc0000-7f9697bed000 r-xp 00000000 08:14 2630215                    /usr/lib/jvm/java-8-openjdk-amd64/jre/lib/amd64/libjava.so
7f9697bed000-7f9697dec000 ---p 0002d000 08:14 2630215                    /usr/lib/jvm/java-8-openjdk-amd64/jre/lib/amd64/libjava.so
7f9697dec000-7f9697ded000 r--p 0002c000 08:14 2630215                    /usr/lib/jvm/java-8-openjdk-amd64/jre/lib/amd64/libjava.so
7f9697ded000-7f9697def000 rw-p 0002d000 08:14 2630215                    /usr/lib/jvm/java-8-openjdk-amd64/jre/lib/amd64/libjava.so
7f9697def000-7f9697dfe000 r-xp 00000000 08:14 2630178                    /usr/lib/jvm/java-8-openjdk-amd64/jre/lib/amd64/libverify.so
7f9697dfe000-7f9697ffd000 ---p 0000f000 08:14 2630178                    /usr/lib/jvm/java-8-openjdk-amd64/jre/lib/amd64/libverify.so
7f9697ffd000-7f9697fff000 r--p 0000e000 08:14 2630178                    /usr/lib/jvm/java-8-openjdk-amd64/jre/lib/amd64/libverify.so
7f9697fff000-7f9698000000 rw-p 00010000 08:14 2630178                    /usr/lib/jvm/java-8-openjdk-amd64/jre/lib/amd64/libverify.so
7f9698000000-7f96983a4000 rw-p 00000000 00:00 0 
7f96983a4000-7f969c000000 ---p 00000000 00:00 0 
7f969c000000-7f969c001000 r--p 00000000 08:14 1316958                    /usr/share/locale-langpack/en_GB/LC_MESSAGES/libc.mo
7f969c001000-7f969c003000 r--s 0001a000 08:14 3298745                    /opt/idea-IC-182.4129.33/lib/idea_rt.jar
7f969c003000-7f969c005000 r--s 0000c000 08:14 1443724                    /home/thomas/.m2/repository/commons-cli/commons-cli/1.4/commons-cli-1.4.jar
7f969c005000-7f969c007000 r--s 00001000 08:14 662277                     /home/thomas/.m2/repository/com/google/j2objc/j2objc-annotations/1.1/j2objc-annotations-1.1.jar
7f969c007000-7f969c00a000 r--s 00006000 08:14 400258                     /home/thomas/.m2/repository/com/google/code/findbugs/jsr305/1.3.9/jsr305-1.3.9.jar
7f969c00a000-7f969c00d000 r--s 00026000 08:14 1443960                    /home/thomas/.m2/repository/ar/com/hjg/pngj/2.1.0/pngj-2.1.0.jar
7f969c00d000-7f969c011000 r--s 0009a000 08:14 2630262                    /usr/lib/jvm/java-8-openjdk-amd64/jre/lib/jsse.jar
7f969c011000-7f969c012000 ---p 00000000 00:00 0 
7f969c012000-7f969c112000 rw-p 00000000 00:00 0 
7f969c112000-7f969c119000 r-xp 00000000 08:14 2359486                    /lib/x86_64-linux-gnu/librt-2.23.so
7f969c119000-7f969c318000 ---p 00007000 08:14 2359486                    /lib/x86_64-linux-gnu/librt-2.23.so
7f969c318000-7f969c319000 r--p 00006000 08:14 2359486                    /lib/x86_64-linux-gnu/librt-2.23.so
7f969c319000-7f969c31a000 rw-p 00007000 08:14 2359486                    /lib/x86_64-linux-gnu/librt-2.23.so
7f969c31a000-7f969c330000 r-xp 00000000 08:14 2359357                    /lib/x86_64-linux-gnu/libgcc_s.so.1
7f969c330000-7f969c52f000 ---p 00016000 08:14 2359357                    /lib/x86_64-linux-gnu/libgcc_s.so.1
7f969c52f000-7f969c530000 rw-p 00015000 08:14 2359357                    /lib/x86_64-linux-gnu/libgcc_s.so.1
7f969c530000-7f969c638000 r-xp 00000000 08:14 2359477                    /lib/x86_64-linux-gnu/libm-2.23.so
7f969c638000-7f969c837000 ---p 00108000 08:14 2359477                    /lib/x86_64-linux-gnu/libm-2.23.so
7f969c837000-7f969c838000 r--p 00107000 08:14 2359477                    /lib/x86_64-linux-gnu/libm-2.23.so
7f969c838000-7f969c839000 rw-p 00108000 08:14 2359477                    /lib/x86_64-linux-gnu/libm-2.23.so
7f969c839000-7f969c9ab000 r-xp 00000000 08:14 2777884                    /usr/lib/x86_64-linux-gnu/libstdc++.so.6.0.21
7f969c9ab000-7f969cbab000 ---p 00172000 08:14 2777884                    /usr/lib/x86_64-linux-gnu/libstdc++.so.6.0.21
7f969cbab000-7f969cbb5000 r--p 00172000 08:14 2777884                    /usr/lib/x86_64-linux-gnu/libstdc++.so.6.0.21
7f969cbb5000-7f969cbb7000 rw-p 0017c000 08:14 2777884                    /usr/lib/x86_64-linux-gnu/libstdc++.so.6.0.21
7f969cbb7000-7f969cbbb000 rw-p 00000000 00:00 0 
7f969cbbb000-7f969d80b000 r-xp 00000000 08:14 2630208                    /usr/lib/jvm/java-8-openjdk-amd64/jre/lib/amd64/server/libjvm.so
7f969d80b000-7f969da0a000 ---p 00c50000 08:14 2630208                    /usr/lib/jvm/java-8-openjdk-amd64/jre/lib/amd64/server/libjvm.so
7f969da0a000-7f969da9d000 r--p 00c4f000 08:14 2630208                    /usr/lib/jvm/java-8-openjdk-amd64/jre/lib/amd64/server/libjvm.so
7f969da9d000-7f969dac6000 rw-p 00ce2000 08:14 2630208                    /usr/lib/jvm/java-8-openjdk-amd64/jre/lib/amd64/server/libjvm.so
7f969dac6000-7f969daf6000 rw-p 00000000 00:00 0 
7f969daf6000-7f969db0e000 r-xp 00000000 08:14 2359490                    /lib/x86_64-linux-gnu/libpthread-2.23.so
7f969db0e000-7f969dd0d000 ---p 00018000 08:14 2359490                    /lib/x86_64-linux-gnu/libpthread-2.23.so
7f969dd0d000-7f969dd0e000 r--p 00017000 08:14 2359490                    /lib/x86_64-linux-gnu/libpthread-2.23.so
7f969dd0e000-7f969dd0f000 rw-p 00018000 08:14 2359490                    /lib/x86_64-linux-gnu/libpthread-2.23.so
7f969dd0f000-7f969dd13000 rw-p 00000000 00:00 0 
7f969dd13000-7f969dd16000 r-xp 00000000 08:14 2359419                    /lib/x86_64-linux-gnu/libdl-2.23.so
7f969dd16000-7f969df15000 ---p 00003000 08:14 2359419                    /lib/x86_64-linux-gnu/libdl-2.23.so
7f969df15000-7f969df16000 r--p 00002000 08:14 2359419                    /lib/x86_64-linux-gnu/libdl-2.23.so
7f969df16000-7f969df17000 rw-p 00003000 08:14 2359419                    /lib/x86_64-linux-gnu/libdl-2.23.so
7f969df17000-7f969df30000 r-xp 00000000 08:14 2359521                    /lib/x86_64-linux-gnu/libz.so.1.2.8
7f969df30000-7f969e12f000 ---p 00019000 08:14 2359521                    /lib/x86_64-linux-gnu/libz.so.1.2.8
7f969e12f000-7f969e130000 r--p 00018000 08:14 2359521                    /lib/x86_64-linux-gnu/libz.so.1.2.8
7f969e130000-7f969e131000 rw-p 00019000 08:14 2359521                    /lib/x86_64-linux-gnu/libz.so.1.2.8
7f969e131000-7f969e2f0000 r-xp 00000000 08:14 2359479                    /lib/x86_64-linux-gnu/libc-2.23.so
7f969e2f0000-7f969e4f0000 ---p 001bf000 08:14 2359479                    /lib/x86_64-linux-gnu/libc-2.23.so
7f969e4f0000-7f969e4f4000 r--p 001bf000 08:14 2359479                    /lib/x86_64-linux-gnu/libc-2.23.so
7f969e4f4000-7f969e4f6000 rw-p 001c3000 08:14 2359479                    /lib/x86_64-linux-gnu/libc-2.23.so
7f969e4f6000-7f969e4fa000 rw-p 00000000 00:00 0 
7f969e4fa000-7f969e507000 r-xp 00000000 08:14 2630206                    /usr/lib/jvm/java-8-openjdk-amd64/jre/lib/amd64/jli/libjli.so
7f969e507000-7f969e707000 ---p 0000d000 08:14 2630206                    /usr/lib/jvm/java-8-openjdk-amd64/jre/lib/amd64/jli/libjli.so
7f969e707000-7f969e708000 r--p 0000d000 08:14 2630206                    /usr/lib/jvm/java-8-openjdk-amd64/jre/lib/amd64/jli/libjli.so
7f969e708000-7f969e709000 rw-p 0000e000 08:14 2630206                    /usr/lib/jvm/java-8-openjdk-amd64/jre/lib/amd64/jli/libjli.so
7f969e709000-7f969e72f000 r-xp 00000000 08:14 2359480                    /lib/x86_64-linux-gnu/ld-2.23.so
7f969e72f000-7f969e730000 r--s 00000000 08:14 1054866                    /home/thomas/.m2/repository/org/codehaus/mojo/animal-sniffer-annotations/1.14/animal-sniffer-annotations-1.14.jar
7f969e730000-7f969e731000 r--s 00002000 08:14 526911                     /home/thomas/.m2/repository/com/google/errorprone/error_prone_annotations/2.0.18/error_prone_annotations-2.0.18.jar
7f969e731000-7f969e732000 r--s 00000000 08:14 2630167                    /usr/lib/jvm/java-8-openjdk-amd64/jre/lib/management-agent.jar
7f969e732000-7f969e735000 r--s 00015000 08:14 2630263                    /usr/lib/jvm/java-8-openjdk-amd64/jre/lib/jce.jar
7f969e735000-7f969e73a000 r--s 002f9000 08:14 2630265                    /usr/lib/jvm/java-8-openjdk-amd64/jre/lib/charsets.jar
7f969e73a000-7f969e73b000 r--s 00010000 08:14 2630229                    /usr/lib/jvm/java-8-openjdk-amd64/jre/lib/ext/zipfs.jar
7f969e73b000-7f969e73e000 r--s 0000f000 08:14 2630227                    /usr/lib/jvm/java-8-openjdk-amd64/jre/lib/ext/icedtea-sound.jar
7f969e73e000-7f969e742000 r--s 00037000 08:14 2630230                    /usr/lib/jvm/java-8-openjdk-amd64/jre/lib/ext/sunpkcs11.jar
7f969e742000-7f969e744000 r--s 00001000 08:14 2630226                    /usr/lib/jvm/java-8-openjdk-amd64/jre/lib/ext/dnsns.jar
7f969e744000-7f969e745000 r--s 0000a000 08:14 2630233                    /usr/lib/jvm/java-8-openjdk-amd64/jre/lib/ext/jaccess.jar
7f969e745000-7f969e74f000 r--s 00116000 08:14 2630231                    /usr/lib/jvm/java-8-openjdk-amd64/jre/lib/ext/localedata.jar
7f969e74f000-7f969e754000 r--s 0003b000 08:14 2630232                    /usr/lib/jvm/java-8-openjdk-amd64/jre/lib/ext/sunjce_provider.jar
7f969e754000-7f969e7ff000 rw-p 00000000 00:00 0 
7f969e7ff000-7f969e802000 ---p 00000000 00:00 0 
7f969e802000-7f969e905000 rw-p 00000000 00:00 0 
7f969e905000-7f969e920000 r--s 00394000 08:14 2630228                    /usr/lib/jvm/java-8-openjdk-amd64/jre/lib/ext/cldrdata.jar
7f969e920000-7f969e922000 r--s 00008000 08:14 2630224                    /usr/lib/jvm/java-8-openjdk-amd64/jre/lib/ext/sunec.jar
7f969e922000-7f969e92a000 rw-s 00000000 08:14 526654                     /tmp/hsperfdata_thomas/15520
7f969e92a000-7f969e92b000 rw-p 00000000 00:00 0 
7f969e92b000-7f969e92c000 ---p 00000000 00:00 0 
7f969e92c000-7f969e92e000 rw-p 00000000 00:00 0 
7f969e92e000-7f969e92f000 r--p 00025000 08:14 2359480                    /lib/x86_64-linux-gnu/ld-2.23.so
7f969e92f000-7f969e930000 rw-p 00026000 08:14 2359480                    /lib/x86_64-linux-gnu/ld-2.23.so
7f969e930000-7f969e931000 rw-p 00000000 00:00 0 
7fff0a394000-7fff0a3b5000 rw-p 00000000 00:00 0                          [stack]
7fff0a3e7000-7fff0a3e9000 r--p 00000000 00:00 0                          [vvar]
7fff0a3e9000-7fff0a3eb000 r-xp 00000000 00:00 0                          [vdso]
ffffffffff600000-ffffffffff601000 r-xp 00000000 00:00 0                  [vsyscall]

VM Arguments:
jvm_args: -Xmx4g -javaagent:/opt/idea-IC-182.4129.33/lib/idea_rt.jar=34284:/opt/idea-IC-182.4129.33/bin -Dfile.encoding=UTF-8 
java_command: com.tgelder.downhill.terrain.App -destination 8192.png -seaLevel 0 -rivers 2048 -seed 807 -power 5 -maxAltitude 1000000
java_class_path (initial): /usr/lib/jvm/java-8-openjdk-amd64/jre/lib/charsets.jar:/usr/lib/jvm/java-8-openjdk-amd64/jre/lib/ext/cldrdata.jar:/usr/lib/jvm/java-8-openjdk-amd64/jre/lib/ext/dnsns.jar:/usr/lib/jvm/java-8-openjdk-amd64/jre/lib/ext/icedtea-sound.jar:/usr/lib/jvm/java-8-openjdk-amd64/jre/lib/ext/jaccess.jar:/usr/lib/jvm/java-8-openjdk-amd64/jre/lib/ext/localedata.jar:/usr/lib/jvm/java-8-openjdk-amd64/jre/lib/ext/nashorn.jar:/usr/lib/jvm/java-8-openjdk-amd64/jre/lib/ext/sunec.jar:/usr/lib/jvm/java-8-openjdk-amd64/jre/lib/ext/sunjce_provider.jar:/usr/lib/jvm/java-8-openjdk-amd64/jre/lib/ext/sunpkcs11.jar:/usr/lib/jvm/java-8-openjdk-amd64/jre/lib/ext/zipfs.jar:/usr/lib/jvm/java-8-openjdk-amd64/jre/lib/jce.jar:/usr/lib/jvm/java-8-openjdk-amd64/jre/lib/jsse.jar:/usr/lib/jvm/java-8-openjdk-amd64/jre/lib/management-agent.jar:/usr/lib/jvm/java-8-openjdk-amd64/jre/lib/resources.jar:/usr/lib/jvm/java-8-openjdk-amd64/jre/lib/rt.jar:/home/thomas/git/downhill/target/classes:/home/thomas/.m2/repository/ar/com/hjg/pngj/2.1.0/pngj-2.1.0.jar:/home/thomas/.m2/repository/com/google/guava/guava/23.0/guava-23.0.jar:/home/thomas/.m2/repository/com/google/code/findbugs/jsr305/1.3.9/jsr305-1.3.9.jar:/home/thomas/.m2/repository/com/google/errorprone/error_prone_annotations/2.0.18/error_prone_annotations-2.0.18.jar:/home/thomas/.m2/repository/com/google/j2objc/j2objc-annotations/1.1/j2objc-annotations-1.1.jar:/home/thomas/.m2/repository/org/codehaus/mojo/animal-sniffer-annotations/1.14/animal-sniffer-annotations-1.14.jar:/home/thomas/.m2/repository/commons-cli/commons-cli/1.4/commons-cli-1.4.jar:/opt/idea-IC-182.4129.33/lib/idea_rt.jar
Launcher Type: SUN_STANDARD

Environment Variables:
PATH=/home/thomas/.cargo/bin:/home/thomas/bin:/home/thomas/.local/bin:/usr/local/sbin:/usr/local/bin:/usr/sbin:/usr/bin:/sbin:/bin:/usr/games:/usr/local/games:/opt/eclipse/jee-neon/eclipse
USERNAME=thomas
SHELL=/bin/bash
DISPLAY=:0

Signal Handlers:
SIGSEGV: [libjvm.so+0xa66fd0], sa_mask[0]=11111111011111111101111111111110, sa_flags=SA_RESTART|SA_SIGINFO
SIGBUS: [libjvm.so+0xa66fd0], sa_mask[0]=11111111011111111101111111111110, sa_flags=SA_RESTART|SA_SIGINFO
SIGFPE: [libjvm.so+0x8b0180], sa_mask[0]=11111111011111111101111111111110, sa_flags=SA_RESTART|SA_SIGINFO
SIGPIPE: [libjvm.so+0x8b0180], sa_mask[0]=11111111011111111101111111111110, sa_flags=SA_RESTART|SA_SIGINFO
SIGXFSZ: [libjvm.so+0x8b0180], sa_mask[0]=11111111011111111101111111111110, sa_flags=SA_RESTART|SA_SIGINFO
SIGILL: [libjvm.so+0x8b0180], sa_mask[0]=11111111011111111101111111111110, sa_flags=SA_RESTART|SA_SIGINFO
SIGUSR1: SIG_DFL, sa_mask[0]=00000000000000000000000000000000, sa_flags=none
SIGUSR2: [libjvm.so+0x8b0030], sa_mask[0]=00100000000000000000000000000000, sa_flags=SA_RESTART|SA_SIGINFO
SIGHUP: [libjvm.so+0x8b0500], sa_mask[0]=11111111011111111101111111111110, sa_flags=SA_RESTART|SA_SIGINFO
SIGINT: [libjvm.so+0x8b0500], sa_mask[0]=11111111011111111101111111111110, sa_flags=SA_RESTART|SA_SIGINFO
SIGTERM: [libjvm.so+0x8b0500], sa_mask[0]=11111111011111111101111111111110, sa_flags=SA_RESTART|SA_SIGINFO
SIGQUIT: [libjvm.so+0x8b0500], sa_mask[0]=11111111011111111101111111111110, sa_flags=SA_RESTART|SA_SIGINFO


---------------  S Y S T E M  ---------------

OS:DISTRIB_ID=LinuxMint
DISTRIB_RELEASE=18.1
DISTRIB_CODENAME=serena
DISTRIB_DESCRIPTION="Linux Mint 18.1 Serena"

uname:Linux 4.4.0-53-generic #74-Ubuntu SMP Fri Dec 2 15:59:10 UTC 2016 x86_64
libc:glibc 2.23 NPTL 2.23 
rlimit: STACK 8192k, CORE 0k, NPROC 31511, NOFILE 65536, AS infinity
load average:1.70 0.84 0.61

/proc/meminfo:
MemTotal:        8109144 kB
MemFree:          161896 kB
MemAvailable:     204736 kB
Buffers:           43976 kB
Cached:           226852 kB
SwapCached:            0 kB
Active:          7537248 kB
Inactive:         149108 kB
Active(anon):    7418264 kB
Inactive(anon):    29356 kB
Active(file):     118984 kB
Inactive(file):   119752 kB
Unevictable:         568 kB
Mlocked:             568 kB
SwapTotal:             0 kB
SwapFree:              0 kB
Dirty:              1232 kB
Writeback:             0 kB
AnonPages:       7416628 kB
Mapped:           236388 kB
Shmem:             31604 kB
Slab:              97516 kB
SReclaimable:      48912 kB
SUnreclaim:        48604 kB
KernelStack:       12208 kB
PageTables:        43688 kB
NFS_Unstable:          0 kB
Bounce:                0 kB
WritebackTmp:          0 kB
CommitLimit:     4054572 kB
Committed_AS:   11477376 kB
VmallocTotal:   34359738367 kB
VmallocUsed:           0 kB
VmallocChunk:          0 kB
HardwareCorrupted:     0 kB
AnonHugePages:   4915200 kB
CmaTotal:              0 kB
CmaFree:               0 kB
HugePages_Total:       0
HugePages_Free:        0
HugePages_Rsvd:        0
HugePages_Surp:        0
Hugepagesize:       2048 kB
DirectMap4k:      435736 kB
DirectMap2M:     7886848 kB
DirectMap1G:           0 kB


CPU:total 4 (4 cores per cpu, 1 threads per core) family 6 model 60 stepping 3, cmov, cx8, fxsr, mmx, sse, sse2, sse3, ssse3, sse4.1, sse4.2, popcnt, avx, avx2, aes, clmul, erms, lzcnt, tsc, tscinvbit, bmi1, bmi2

/proc/cpuinfo:
processor	: 0
vendor_id	: GenuineIntel
cpu family	: 6
model		: 60
model name	: Intel(R) Core(TM) i5-4590 CPU @ 3.30GHz
stepping	: 3
microcode	: 0x1e
cpu MHz		: 3508.828
cache size	: 6144 KB
physical id	: 0
siblings	: 4
core id		: 0
cpu cores	: 4
apicid		: 0
initial apicid	: 0
fpu		: yes
fpu_exception	: yes
cpuid level	: 13
wp		: yes
flags		: fpu vme de pse tsc msr pae mce cx8 apic sep mtrr pge mca cmov pat pse36 clflush dts acpi mmx fxsr sse sse2 ss ht tm pbe syscall nx pdpe1gb rdtscp lm constant_tsc arch_perfmon pebs bts rep_good nopl xtopology nonstop_tsc aperfmperf eagerfpu pni pclmulqdq dtes64 monitor ds_cpl vmx smx est tm2 ssse3 sdbg fma cx16 xtpr pdcm pcid sse4_1 sse4_2 x2apic movbe popcnt tsc_deadline_timer aes xsave avx f16c rdrand lahf_lm abm tpr_shadow vnmi flexpriority ept vpid fsgsbase tsc_adjust bmi1 avx2 smep bmi2 erms invpcid xsaveopt dtherm ida arat pln pts
bugs		:
bogomips	: 6598.05
clflush size	: 64
cache_alignment	: 64
address sizes	: 39 bits physical, 48 bits virtual
power management:

processor	: 1
vendor_id	: GenuineIntel
cpu family	: 6
model		: 60
model name	: Intel(R) Core(TM) i5-4590 CPU @ 3.30GHz
stepping	: 3
microcode	: 0x1e
cpu MHz		: 3507.796
cache size	: 6144 KB
physical id	: 0
siblings	: 4
core id		: 1
cpu cores	: 4
apicid		: 2
initial apicid	: 2
fpu		: yes
fpu_exception	: yes
cpuid level	: 13
wp		: yes
flags		: fpu vme de pse tsc msr pae mce cx8 apic sep mtrr pge mca cmov pat pse36 clflush dts acpi mmx fxsr sse sse2 ss ht tm pbe syscall nx pdpe1gb rdtscp lm constant_tsc arch_perfmon pebs bts rep_good nopl xtopology nonstop_tsc aperfmperf eagerfpu pni pclmulqdq dtes64 monitor ds_cpl vmx smx est tm2 ssse3 sdbg fma cx16 xtpr pdcm pcid sse4_1 sse4_2 x2apic movbe popcnt tsc_deadline_timer aes xsave avx f16c rdrand lahf_lm abm tpr_shadow vnmi flexpriority ept vpid fsgsbase tsc_adjust bmi1 avx2 smep bmi2 erms invpcid xsaveopt dtherm ida arat pln pts
bugs		:
bogomips	: 6598.05
clflush size	: 64
cache_alignment	: 64
address sizes	: 39 bits physical, 48 bits virtual
power management:

processor	: 2
vendor_id	: GenuineIntel
cpu family	: 6
model		: 60
model name	: Intel(R) Core(TM) i5-4590 CPU @ 3.30GHz
stepping	: 3
microcode	: 0x1e
cpu MHz		: 3507.539
cache size	: 6144 KB
physical id	: 0
siblings	: 4
core id		: 2
cpu cores	: 4
apicid		: 4
initial apicid	: 4
fpu		: yes
fpu_exception	: yes
cpuid level	: 13
wp		: yes
flags		: fpu vme de pse tsc msr pae mce cx8 apic sep mtrr pge mca cmov pat pse36 clflush dts acpi mmx fxsr sse sse2 ss ht tm pbe syscall nx pdpe1gb rdtscp lm constant_tsc arch_perfmon pebs bts rep_good nopl xtopology nonstop_tsc aperfmperf eagerfpu pni pclmulqdq dtes64 monitor ds_cpl vmx smx est tm2 ssse3 sdbg fma cx16 xtpr pdcm pcid sse4_1 sse4_2 x2apic movbe popcnt tsc_deadline_timer aes xsave avx f16c rdrand lahf_lm abm tpr_shadow vnmi flexpriority ept vpid fsgsbase tsc_adjust bmi1 avx2 smep bmi2 erms invpcid xsaveopt dtherm ida arat pln pts
bugs		:
bogomips	: 6598.05
clflush size	: 64
cache_alignment	: 64
address sizes	: 39 bits physical, 48 bits virtual
power management:

processor	: 3
vendor_id	: GenuineIntel
cpu family	: 6
model		: 60
model name	: Intel(R) Core(TM) i5-4590 CPU @ 3.30GHz
stepping	: 3
microcode	: 0x1e
cpu MHz		: 3515.789
cache size	: 6144 KB
physical id	: 0
siblings	: 4
core id		: 3
cpu cores	: 4
apicid		: 6
initial apicid	: 6
fpu		: yes
fpu_exception	: yes
cpuid level	: 13
wp		: yes
flags		: fpu vme de pse tsc msr pae mce cx8 apic sep mtrr pge mca cmov pat pse36 clflush dts acpi mmx fxsr sse sse2 ss ht tm pbe syscall nx pdpe1gb rdtscp lm constant_tsc arch_perfmon pebs bts rep_good nopl xtopology nonstop_tsc aperfmperf eagerfpu pni pclmulqdq dtes64 monitor ds_cpl vmx smx est tm2 ssse3 sdbg fma cx16 xtpr pdcm pcid sse4_1 sse4_2 x2apic movbe popcnt tsc_deadline_timer aes xsave avx f16c rdrand lahf_lm abm tpr_shadow vnmi flexpriority ept vpid fsgsbase tsc_adjust bmi1 avx2 smep bmi2 erms invpcid xsaveopt dtherm ida arat pln pts
bugs		:
bogomips	: 6598.05
clflush size	: 64
cache_alignment	: 64
address sizes	: 39 bits physical, 48 bits virtual
power management:



Memory: 4k page, physical 8109144k(161896k free), swap 0k(0k free)

vm_info: OpenJDK 64-Bit Server VM (25.121-b13) for linux-amd64 JRE (1.8.0_121-8u121-b13-0ubuntu1.16.04.2-b13), built on Jan 23 2017 15:51:29 by "buildd" with gcc 5.4.0 20160609

time: Tue Nov 27 20:23:33 2018
elapsed time: 24 seconds (0d 0h 0m 24s)

