#
# There is insufficient memory for the Java Runtime Environment to continue.
# Native memory allocation (mmap) failed to map 729284608 bytes for committing reserved memory.
# Possible reasons:
#   The system is out of physical RAM or swap space
#   In 32 bit mode, the process size limit was hit
# Possible solutions:
#   Reduce memory load on the system
#   Increase physical memory or swap space
#   Check if swap backing store is full
#   Use 64 bit Java on a 64 bit OS
#   Decrease Java heap size (-Xmx/-Xms)
#   Decrease number of Java threads
#   Decrease Java thread stack sizes (-Xss)
#   Set larger code cache with -XX:ReservedCodeCacheSize=
# This output file may be truncated or incomplete.
#
#  Out of Memory Error (os_linux.cpp:2630), pid=11491, tid=0x00007fa3dc394700
#
# JRE version: OpenJDK Runtime Environment (8.0_121-b13) (build 1.8.0_121-8u121-b13-0ubuntu1.16.04.2-b13)
# Java VM: OpenJDK 64-Bit Server VM (25.121-b13 mixed mode linux-amd64 compressed oops)
# Failed to write core dump. Core dumps have been disabled. To enable core dumping, try "ulimit -c unlimited" before starting Java again
#

---------------  T H R E A D  ---------------

Current thread (0x00007fa3fc140000):  VMThread [stack: 0x00007fa3dc294000,0x00007fa3dc395000] [id=11502]

Stack: [0x00007fa3dc294000,0x00007fa3dc395000],  sp=0x00007fa3dc393480,  free space=1021k
Native frames: (J=compiled Java code, j=interpreted, Vv=VM code, C=native code)
V  [libjvm.so+0xa6647b]
V  [libjvm.so+0x4c32dc]
V  [libjvm.so+0x8b4b60]
V  [libjvm.so+0x8aefde]
V  [libjvm.so+0x929a16]
V  [libjvm.so+0x91907a]
V  [libjvm.so+0x919283]
V  [libjvm.so+0x919be8]
V  [libjvm.so+0x91feae]
V  [libjvm.so+0x92787d]
V  [libjvm.so+0x8d9553]
V  [libjvm.so+0xa68132]
V  [libjvm.so+0xa6d217]
V  [libjvm.so+0xa6a9e7]
V  [libjvm.so+0xa6be6f]
V  [libjvm.so+0xa6c361]
V  [libjvm.so+0x8b2042]

VM_Operation (0x00007fa402df8400): ParallelGCFailedAllocation, mode: safepoint, requested by thread 0x00007fa3fc00b800


---------------  P R O C E S S  ---------------

Java Threads: ( => current thread )
  0x00007fa3fc3cb800 JavaThread "AWT-XAWT" daemon [_thread_blocked, id=11521, stack(0x00007fa3c4d10000,0x00007fa3c4e11000)]
  0x00007fa3fc3a6800 JavaThread "Java2D Disposer" daemon [_thread_blocked, id=11520, stack(0x00007fa3c5221000,0x00007fa3c5322000)]
  0x00007fa3fc29e800 JavaThread "Service Thread" daemon [_thread_blocked, id=11518, stack(0x00007fa3c7209000,0x00007fa3c730a000)]
  0x00007fa3fc29c000 JavaThread "C1 CompilerThread2" daemon [_thread_blocked, id=11517, stack(0x00007fa3c730a000,0x00007fa3c740b000)]
  0x00007fa3fc299000 JavaThread "C2 CompilerThread1" daemon [_thread_blocked, id=11516, stack(0x00007fa3c740b000,0x00007fa3c750c000)]
  0x00007fa3fc297800 JavaThread "C2 CompilerThread0" daemon [_thread_blocked, id=11515, stack(0x00007fa3c7a25000,0x00007fa3c7b26000)]
  0x00007fa3fc296000 JavaThread "Monitor Ctrl-Break" daemon [_thread_in_native, id=11514, stack(0x00007fa3c7b26000,0x00007fa3c7c27000)]
  0x00007fa3fc174000 JavaThread "Signal Dispatcher" daemon [_thread_blocked, id=11507, stack(0x00007fa3c7c27000,0x00007fa3c7d28000)]
  0x00007fa3fc14c800 JavaThread "Finalizer" daemon [_thread_blocked, id=11506, stack(0x00007fa3dc092000,0x00007fa3dc193000)]
  0x00007fa3fc148000 JavaThread "Reference Handler" daemon [_thread_blocked, id=11504, stack(0x00007fa3dc193000,0x00007fa3dc294000)]
  0x00007fa3fc00b800 JavaThread "main" [_thread_blocked, id=11493, stack(0x00007fa402cf9000,0x00007fa402dfa000)]

Other Threads:
=>0x00007fa3fc140000 VMThread [stack: 0x00007fa3dc294000,0x00007fa3dc395000] [id=11502]
  0x00007fa3fc2a1000 WatcherThread [stack: 0x00007fa3c7108000,0x00007fa3c7209000] [id=11519]

VM state:at safepoint (normal execution)

VM Mutex/Monitor currently owned by a thread:  ([mutex/lock_event])
[0x00007fa3fc0077f0] ExpandHeap_lock - owner thread: 0x00007fa3fc140000
[0x00007fa3fc007e70] Threads_lock - owner thread: 0x00007fa3fc140000
[0x00007fa3fc008370] Heap_lock - owner thread: 0x00007fa3fc00b800

Heap:
 PSYoungGen      total 1054208K, used 22341K [0x0000000740000000, 0x00000007ab100000, 0x00000007c0000000)
  eden space 355328K, 0% used [0x0000000740000000,0x0000000740000000,0x0000000755b00000)
  from space 698880K, 3% used [0x0000000780580000,0x0000000781b515b0,0x00000007ab000000)
  to   space 698880K, 0% used [0x0000000755b00000,0x0000000755b00000,0x0000000780580000)
 ParOldGen       total 2722304K, used 2722125K [0x0000000640000000, 0x00000006e6280000, 0x0000000740000000)
  object space 2722304K, 99% used [0x0000000640000000,0x00000006e62536d0,0x00000006e6280000)
 Metaspace       used 7361K, capacity 7610K, committed 7936K, reserved 1056768K
  class space    used 804K, capacity 907K, committed 1024K, reserved 1048576K

Card table byte_map: [0x00007fa3eb3eb000,0x00007fa3ebfec000] byte_map_base: 0x00007fa3e81eb000

Marking Bits: (ParMarkBitMap*) 0x00007fa401fd3220
 Begin Bits: [0x00007fa3de8e8000, 0x00007fa3e48e8000)
 End Bits:   [0x00007fa3e48e8000, 0x00007fa3ea8e8000)

Polling page: 0x00007fa402e25000

CodeCache: size=245760Kb used=3157Kb max_used=3171Kb free=242602Kb
 bounds [0x00007fa3ec3ac000, 0x00007fa3ec6cc000, 0x00007fa3fb3ac000]
 total_blobs=1197 nmethods=748 adapters=364
 compilation: enabled

Compilation events (10 events):
Event: 14.520 Thread 0x00007fa3fc297800  744       4       java.util.TimSort::mergeLo (659 bytes)
Event: 14.799 Thread 0x00007fa3fc297800 nmethod 744 0x00007fa3ec6b3c10 code [0x00007fa3ec6b3e00, 0x00007fa3ec6b5778]
Event: 19.986 Thread 0x00007fa3fc29c000  745       3       java.util.regex.Pattern$Single::isSatisfiedBy (14 bytes)
Event: 19.987 Thread 0x00007fa3fc29c000 nmethod 745 0x00007fa3ec68d190 code [0x00007fa3ec68d300, 0x00007fa3ec68d4b0]
Event: 25.437 Thread 0x00007fa3fc29c000  746       1       java.nio.Buffer::limit (5 bytes)
Event: 25.437 Thread 0x00007fa3fc29c000 nmethod 746 0x00007fa3ec691690 code [0x00007fa3ec6917e0, 0x00007fa3ec6918f0]
Event: 28.238 Thread 0x00007fa3fc29c000  747       3       java.util.Formatter$Flags::contains (22 bytes)
Event: 28.238 Thread 0x00007fa3fc29c000 nmethod 747 0x00007fa3ec697c10 code [0x00007fa3ec697d80, 0x00007fa3ec697f90]
Event: 31.959 Thread 0x00007fa3fc29c000  748       3       java.util.concurrent.locks.AbstractQueuedSynchronizer::setState (6 bytes)
Event: 31.959 Thread 0x00007fa3fc29c000 nmethod 748 0x00007fa3ec691390 code [0x00007fa3ec6914e0, 0x00007fa3ec691630]

GC Heap History (10 events):
Event: 25.727 GC heap after
Heap after GC invocations=40 (full 7):
 PSYoungGen      total 998400K, used 344632K [0x0000000740000000, 0x00000007a9900000, 0x00000007c0000000)
  eden space 299520K, 0% used [0x0000000740000000,0x0000000740000000,0x0000000752480000)
  from space 698880K, 49% used [0x0000000752480000,0x000000076750e1f0,0x000000077cf00000)
  to   space 698880K, 0% used [0x000000077ee80000,0x000000077ee80000,0x00000007a9900000)
 ParOldGen       total 2114048K, used 2003263K [0x0000000640000000, 0x00000006c1080000, 0x0000000740000000)
  object space 2114048K, 94% used [0x0000000640000000,0x00000006ba44fe58,0x00000006c1080000)
 Metaspace       used 7360K, capacity 7610K, committed 7936K, reserved 1056768K
  class space    used 804K, capacity 907K, committed 1024K, reserved 1048576K
}
Event: 25.727 GC heap before
{Heap before GC invocations=41 (full 8):
 PSYoungGen      total 998400K, used 344632K [0x0000000740000000, 0x00000007a9900000, 0x00000007c0000000)
  eden space 299520K, 0% used [0x0000000740000000,0x0000000740000000,0x0000000752480000)
  from space 698880K, 49% used [0x0000000752480000,0x000000076750e1f0,0x000000077cf00000)
  to   space 698880K, 0% used [0x000000077ee80000,0x000000077ee80000,0x00000007a9900000)
 ParOldGen       total 2114048K, used 2003263K [0x0000000640000000, 0x00000006c1080000, 0x0000000740000000)
  object space 2114048K, 94% used [0x0000000640000000,0x00000006ba44fe58,0x00000006c1080000)
 Metaspace       used 7360K, capacity 7610K, committed 7936K, reserved 1056768K
  class space    used 804K, capacity 907K, committed 1024K, reserved 1048576K
Event: 28.096 GC heap after
Heap after GC invocations=41 (full 8):
 PSYoungGen      total 998400K, used 231752K [0x0000000740000000, 0x00000007a9900000, 0x00000007c0000000)
  eden space 299520K, 0% used [0x0000000740000000,0x0000000740000000,0x0000000752480000)
  from space 698880K, 33% used [0x0000000752480000,0x00000007606d23e8,0x000000077cf00000)
  to   space 698880K, 0% used [0x000000077ee80000,0x000000077ee80000,0x00000007a9900000)
 ParOldGen       total 2722304K, used 2113686K [0x0000000640000000, 0x00000006e6280000, 0x0000000740000000)
  object space 2722304K, 77% used [0x0000000640000000,0x00000006c1025b58,0x00000006e6280000)
 Metaspace       used 7360K, capacity 7610K, committed 7936K, reserved 1056768K
  class space    used 804K, capacity 907K, committed 1024K, reserved 1048576K
}
Event: 30.435 GC heap before
{Heap before GC invocations=42 (full 8):
 PSYoungGen      total 998400K, used 531272K [0x0000000740000000, 0x00000007a9900000, 0x00000007c0000000)
  eden space 299520K, 100% used [0x0000000740000000,0x0000000752480000,0x0000000752480000)
  from space 698880K, 33% used [0x0000000752480000,0x00000007606d23e8,0x000000077cf00000)
  to   space 698880K, 0% used [0x000000077ee80000,0x000000077ee80000,0x00000007a9900000)
 ParOldGen       total 2722304K, used 2113686K [0x0000000640000000, 0x00000006e6280000, 0x0000000740000000)
  object space 2722304K, 77% used [0x0000000640000000,0x00000006c1025b58,0x00000006e6280000)
 Metaspace       used 7361K, capacity 7610K, committed 7936K, reserved 1056768K
  class space    used 804K, capacity 907K, committed 1024K, reserved 1048576K
Event: 30.764 GC heap after
Heap after GC invocations=42 (full 8):
 PSYoungGen      total 1018368K, used 281307K [0x0000000740000000, 0x00000007a9300000, 0x00000007c0000000)
  eden space 325632K, 0% used [0x0000000740000000,0x0000000740000000,0x0000000753e00000)
  from space 692736K, 40% used [0x000000077ee80000,0x0000000790136f00,0x00000007a9300000)
  to   space 698880K, 0% used [0x0000000753e00000,0x0000000753e00000,0x000000077e880000)
 ParOldGen       total 2722304K, used 2190295K [0x0000000640000000, 0x00000006e6280000, 0x0000000740000000)
  object space 2722304K, 80% used [0x0000000640000000,0x00000006c5af5de8,0x00000006e6280000)
 Metaspace       used 7361K, capacity 7610K, committed 7936K, reserved 1056768K
  class space    used 804K, capacity 907K, committed 1024K, reserved 1048576K
}
Event: 31.258 GC heap before
{Heap before GC invocations=43 (full 8):
 PSYoungGen      total 1018368K, used 606939K [0x0000000740000000, 0x00000007a9300000, 0x00000007c0000000)
  eden space 325632K, 100% used [0x0000000740000000,0x0000000753e00000,0x0000000753e00000)
  from space 692736K, 40% used [0x000000077ee80000,0x0000000790136f00,0x00000007a9300000)
  to   space 698880K, 0% used [0x0000000753e00000,0x0000000753e00000,0x000000077e880000)
 ParOldGen       total 2722304K, used 2190295K [0x0000000640000000, 0x00000006e6280000, 0x0000000740000000)
  object space 2722304K, 80% used [0x0000000640000000,0x00000006c5af5de8,0x00000006e6280000)
 Metaspace       used 7361K, capacity 7610K, committed 7936K, reserved 1056768K
  class space    used 804K, capacity 907K, committed 1024K, reserved 1048576K
Event: 31.458 GC heap after
Heap after GC invocations=43 (full 8):
 PSYoungGen      total 1024512K, used 261951K [0x0000000740000000, 0x00000007ab000000, 0x00000007c0000000)
  eden space 325632K, 0% used [0x0000000740000000,0x0000000740000000,0x0000000753e00000)
  from space 698880K, 37% used [0x0000000753e00000,0x0000000763dcfc80,0x000000077e880000)
  to   space 698880K, 0% used [0x0000000780580000,0x0000000780580000,0x00000007ab000000)
 ParOldGen       total 2722304K, used 2346277K [0x0000000640000000, 0x00000006e6280000, 0x0000000740000000)
  object space 2722304K, 86% used [0x0000000640000000,0x00000006cf349658,0x00000006e6280000)
 Metaspace       used 7361K, capacity 7610K, committed 7936K, reserved 1056768K
  class space    used 804K, capacity 907K, committed 1024K, reserved 1048576K
}
Event: 31.999 GC heap before
{Heap before GC invocations=44 (full 8):
 PSYoungGen      total 1024512K, used 587583K [0x0000000740000000, 0x00000007ab000000, 0x00000007c0000000)
  eden space 325632K, 100% used [0x0000000740000000,0x0000000753e00000,0x0000000753e00000)
  from space 698880K, 37% used [0x0000000753e00000,0x0000000763dcfc80,0x000000077e880000)
  to   space 698880K, 0% used [0x0000000780580000,0x0000000780580000,0x00000007ab000000)
 ParOldGen       total 2722304K, used 2346277K [0x0000000640000000, 0x00000006e6280000, 0x0000000740000000)
  object space 2722304K, 86% used [0x0000000640000000,0x00000006cf349658,0x00000006e6280000)
 Metaspace       used 7361K, capacity 7610K, committed 7936K, reserved 1056768K
  class space    used 804K, capacity 907K, committed 1024K, reserved 1048576K
Event: 32.242 GC heap after
Heap after GC invocations=44 (full 8):
 PSYoungGen      total 1054208K, used 138629K [0x0000000740000000, 0x00000007ab100000, 0x00000007c0000000)
  eden space 355328K, 0% used [0x0000000740000000,0x0000000740000000,0x0000000755b00000)
  from space 698880K, 19% used [0x0000000780580000,0x0000000788ce15e0,0x00000007ab000000)
  to   space 698880K, 0% used [0x0000000755b00000,0x0000000755b00000,0x0000000780580000)
 ParOldGen       total 2722304K, used 2608372K [0x0000000640000000, 0x00000006e6280000, 0x0000000740000000)
  object space 2722304K, 95% used [0x0000000640000000,0x00000006df33d358,0x00000006e6280000)
 Metaspace       used 7361K, capacity 7610K, committed 7936K, reserved 1056768K
  class space    used 804K, capacity 907K, committed 1024K, reserved 1048576K
}
Event: 32.242 GC heap before
{Heap before GC invocations=45 (full 9):
 PSYoungGen      total 1054208K, used 138629K [0x0000000740000000, 0x00000007ab100000, 0x00000007c0000000)
  eden space 355328K, 0% used [0x0000000740000000,0x0000000740000000,0x0000000755b00000)
  from space 698880K, 19% used [0x0000000780580000,0x0000000788ce15e0,0x00000007ab000000)
  to   space 698880K, 0% used [0x0000000755b00000,0x0000000755b00000,0x0000000780580000)
 ParOldGen       total 2722304K, used 2608372K [0x0000000640000000, 0x00000006e6280000, 0x0000000740000000)
  object space 2722304K, 95% used [0x0000000640000000,0x00000006df33d358,0x00000006e6280000)
 Metaspace       used 7361K, capacity 7610K, committed 7936K, reserved 1056768K
  class space    used 804K, capacity 907K, committed 1024K, reserved 1048576K

Deoptimization events (10 events):
Event: 0.997 Thread 0x00007fa3fc00b800 Uncommon trap: reason=class_check action=maybe_recompile pc=0x00007fa3ec63a7a0 method=java.util.TimSort.mergeHi(IIII)V @ 227
Event: 1.007 Thread 0x00007fa3fc00b800 Uncommon trap: reason=unstable_if action=reinterpret pc=0x00007fa3ec670fec method=java.util.HashMap.keySet()Ljava/util/Set; @ 6
Event: 1.007 Thread 0x00007fa3fc00b800 Uncommon trap: reason=unstable_if action=reinterpret pc=0x00007fa3ec654334 method=java.util.HashMap.keySet()Ljava/util/Set; @ 6
Event: 1.007 Thread 0x00007fa3fc00b800 Uncommon trap: reason=unstable_if action=reinterpret pc=0x00007fa3ec65d630 method=java.util.HashMap.putVal(ILjava/lang/Object;Ljava/lang/Object;ZZ)Ljava/lang/Object; @ 181
Event: 1.007 Thread 0x00007fa3fc00b800 Uncommon trap: reason=unstable_if action=reinterpret pc=0x00007fa3ec655b30 method=java.util.HashMap.putVal(ILjava/lang/Object;Ljava/lang/Object;ZZ)Ljava/lang/Object; @ 181
Event: 3.645 Thread 0x00007fa3fc00b800 Uncommon trap: reason=unstable_if action=reinterpret pc=0x00007fa3ec68a9b0 method=com.tgelder.downhill.terrain.FlowProbabilityComputer.computeFlow(Lcom/tgelder/downhill/terrain/Mesh;[[DII[S[S[[Lcom/tgelder/downhill/terrain/FlowProbabilityComputer$Cell;)I 
Event: 3.652 Thread 0x00007fa3fc00b800 Uncommon trap: reason=unstable_if action=reinterpret pc=0x00007fa3ec665d5c method=com.tgelder.downhill.terrain.FlowProbabilityComputer.getUpstream(Lcom/tgelder/downhill/terrain/Mesh;II[S[S[[Lcom/tgelder/downhill/terrain/FlowProbabilityComputer$Cell;)Ljava
Event: 3.658 Thread 0x00007fa3fc00b800 Uncommon trap: reason=predicate action=maybe_recompile pc=0x00007fa3ec663e58 method=java.util.TimSort.gallopRight(Ljava/lang/Object;[Ljava/lang/Object;IIILjava/util/Comparator;)I @ 65
Event: 5.089 Thread 0x00007fa3fc00b800 Uncommon trap: reason=unstable_if action=reinterpret pc=0x00007fa3ec6a3d0c method=com.tgelder.downhill.terrain.FlowProbabilityComputer.computeFlow(Lcom/tgelder/downhill/terrain/Mesh;[[DII[S[S[[Lcom/tgelder/downhill/terrain/FlowProbabilityComputer$Cell;)I 
Event: 5.098 Thread 0x00007fa3fc00b800 Uncommon trap: reason=unstable_if action=reinterpret pc=0x00007fa3ec675970 method=java.util.TimSort.mergeLo(IIII)V @ 529

Internal exceptions (10 events):
Event: 0.081 Thread 0x00007fa3fc00b800 Exception <a 'java/security/PrivilegedActionException'> (0x00000007402e7020) thrown at [/build/openjdk-8-YiEakL/openjdk-8-8u121-b13/src/hotspot/src/share/vm/prims/jvm.cpp, line 1390]
Event: 0.081 Thread 0x00007fa3fc00b800 Exception <a 'java/security/PrivilegedActionException'> (0x00000007402e7230) thrown at [/build/openjdk-8-YiEakL/openjdk-8-8u121-b13/src/hotspot/src/share/vm/prims/jvm.cpp, line 1390]
Event: 0.081 Thread 0x00007fa3fc00b800 Exception <a 'java/security/PrivilegedActionException'> (0x00000007402e7d08) thrown at [/build/openjdk-8-YiEakL/openjdk-8-8u121-b13/src/hotspot/src/share/vm/prims/jvm.cpp, line 1390]
Event: 0.081 Thread 0x00007fa3fc00b800 Exception <a 'java/security/PrivilegedActionException'> (0x00000007402e7f18) thrown at [/build/openjdk-8-YiEakL/openjdk-8-8u121-b13/src/hotspot/src/share/vm/prims/jvm.cpp, line 1390]
Event: 0.108 Thread 0x00007fa3fc00b800 Exception <a 'java/lang/NoSuchFieldError': method resolution failed> (0x00000007404c1100) thrown at [/build/openjdk-8-YiEakL/openjdk-8-8u121-b13/src/hotspot/src/share/vm/prims/methodHandles.cpp, line 1146]
Event: 0.109 Thread 0x00007fa3fc00b800 Exception <a 'java/lang/NoSuchFieldError': method resolution failed> (0x00000007404cf378) thrown at [/build/openjdk-8-YiEakL/openjdk-8-8u121-b13/src/hotspot/src/share/vm/prims/methodHandles.cpp, line 1146]
Event: 0.122 Thread 0x00007fa3fc00b800 Exception <a 'java/io/FileNotFoundException'> (0x0000000740575688) thrown at [/build/openjdk-8-YiEakL/openjdk-8-8u121-b13/src/hotspot/src/share/vm/prims/jni.cpp, line 709]
Event: 0.122 Thread 0x00007fa3fc00b800 Exception <a 'java/io/FileNotFoundException'> (0x0000000740576078) thrown at [/build/openjdk-8-YiEakL/openjdk-8-8u121-b13/src/hotspot/src/share/vm/prims/jni.cpp, line 709]
Event: 0.129 Thread 0x00007fa3fc00b800 Exception <a 'java/lang/ClassNotFoundException': sun/dc/DuctusRenderingEngine> (0x00000007405d8328) thrown at [/build/openjdk-8-YiEakL/openjdk-8-8u121-b13/src/hotspot/src/share/vm/classfile/systemDictionary.cpp, line 210]
Event: 0.167 Thread 0x00007fa3fc00b800 Exception <a 'java/lang/NoSuchMethodError': java.lang.Object.lambda$comparingDouble$8dcf42ea$1(Ljava/util/function/ToDoubleFunction;Ljava/lang/Object;Ljava/lang/Object;)I> (0x0000000740767350) thrown at [/build/openjdk-8-YiEakL/openjdk-8-8u121-b13/src/hot

Events (10 events):
Event: 24.183 Executing VM operation: ParallelGCFailedAllocation done
Event: 24.547 Executing VM operation: ParallelGCFailedAllocation
Event: 24.949 Executing VM operation: ParallelGCFailedAllocation done
Event: 25.481 Executing VM operation: ParallelGCFailedAllocation
Event: 28.096 Executing VM operation: ParallelGCFailedAllocation done
Event: 30.435 Executing VM operation: ParallelGCFailedAllocation
Event: 30.764 Executing VM operation: ParallelGCFailedAllocation done
Event: 31.258 Executing VM operation: ParallelGCFailedAllocation
Event: 31.458 Executing VM operation: ParallelGCFailedAllocation done
Event: 31.999 Executing VM operation: ParallelGCFailedAllocation


Dynamic libraries:
00400000-00401000 r-xp 00000000 08:14 2630160                            /usr/lib/jvm/java-8-openjdk-amd64/jre/bin/java
00600000-00601000 r--p 00000000 08:14 2630160                            /usr/lib/jvm/java-8-openjdk-amd64/jre/bin/java
00601000-00602000 rw-p 00001000 08:14 2630160                            /usr/lib/jvm/java-8-openjdk-amd64/jre/bin/java
00b52000-00b73000 rw-p 00000000 00:00 0                                  [heap]
640000000-6e6280000 rw-p 00000000 00:00 0 
711a00000-740000000 ---p 00000000 00:00 0 
740000000-7ab100000 rw-p 00000000 00:00 0 
7ab100000-7c0000000 ---p 00000000 00:00 0 
7c0000000-7c0100000 rw-p 00000000 00:00 0 
7c0100000-800000000 ---p 00000000 00:00 0 
7fa394000000-7fa394021000 rw-p 00000000 00:00 0 
7fa394021000-7fa398000000 ---p 00000000 00:00 0 
7fa39c000000-7fa39c021000 rw-p 00000000 00:00 0 
7fa39c021000-7fa3a0000000 ---p 00000000 00:00 0 
7fa3a0000000-7fa3a0021000 rw-p 00000000 00:00 0 
7fa3a0021000-7fa3a4000000 ---p 00000000 00:00 0 
7fa3a4000000-7fa3a4244000 rw-p 00000000 00:00 0 
7fa3a4244000-7fa3a8000000 ---p 00000000 00:00 0 
7fa3a8000000-7fa3a8021000 rw-p 00000000 00:00 0 
7fa3a8021000-7fa3ac000000 ---p 00000000 00:00 0 
7fa3ac000000-7fa3ac532000 rw-p 00000000 00:00 0 
7fa3ac532000-7fa3b0000000 ---p 00000000 00:00 0 
7fa3b0000000-7fa3b0657000 rw-p 00000000 00:00 0 
7fa3b0657000-7fa3b4000000 ---p 00000000 00:00 0 
7fa3b4000000-7fa3b4021000 rw-p 00000000 00:00 0 
7fa3b4021000-7fa3b8000000 ---p 00000000 00:00 0 
7fa3b8000000-7fa3b8021000 rw-p 00000000 00:00 0 
7fa3b8021000-7fa3bc000000 ---p 00000000 00:00 0 
7fa3bc000000-7fa3bc021000 rw-p 00000000 00:00 0 
7fa3bc021000-7fa3c0000000 ---p 00000000 00:00 0 
7fa3c0000000-7fa3c0021000 rw-p 00000000 00:00 0 
7fa3c0021000-7fa3c4000000 ---p 00000000 00:00 0 
7fa3c4d10000-7fa3c4d13000 ---p 00000000 00:00 0 
7fa3c4d13000-7fa3c4e11000 rw-p 00000000 00:00 0 
7fa3c4e11000-7fa3c4e16000 r-xp 00000000 08:14 2766731                    /usr/lib/x86_64-linux-gnu/libXfixes.so.3.1.0
7fa3c4e16000-7fa3c5015000 ---p 00005000 08:14 2766731                    /usr/lib/x86_64-linux-gnu/libXfixes.so.3.1.0
7fa3c5015000-7fa3c5016000 r--p 00004000 08:14 2766731                    /usr/lib/x86_64-linux-gnu/libXfixes.so.3.1.0
7fa3c5016000-7fa3c5017000 rw-p 00005000 08:14 2766731                    /usr/lib/x86_64-linux-gnu/libXfixes.so.3.1.0
7fa3c5017000-7fa3c5020000 r-xp 00000000 08:14 2766723                    /usr/lib/x86_64-linux-gnu/libXcursor.so.1.0.2
7fa3c5020000-7fa3c521f000 ---p 00009000 08:14 2766723                    /usr/lib/x86_64-linux-gnu/libXcursor.so.1.0.2
7fa3c521f000-7fa3c5220000 r--p 00008000 08:14 2766723                    /usr/lib/x86_64-linux-gnu/libXcursor.so.1.0.2
7fa3c5220000-7fa3c5221000 rw-p 00009000 08:14 2766723                    /usr/lib/x86_64-linux-gnu/libXcursor.so.1.0.2
7fa3c5221000-7fa3c5224000 ---p 00000000 00:00 0 
7fa3c5224000-7fa3c5322000 rw-p 00000000 00:00 0 
7fa3c5322000-7fa3c5346000 r-xp 00000000 08:14 2359438                    /lib/x86_64-linux-gnu/libpng12.so.0.54.0
7fa3c5346000-7fa3c5545000 ---p 00024000 08:14 2359438                    /lib/x86_64-linux-gnu/libpng12.so.0.54.0
7fa3c5545000-7fa3c5546000 r--p 00023000 08:14 2359438                    /lib/x86_64-linux-gnu/libpng12.so.0.54.0
7fa3c5546000-7fa3c5547000 rw-p 00024000 08:14 2359438                    /lib/x86_64-linux-gnu/libpng12.so.0.54.0
7fa3c5547000-7fa3c55eb000 r-xp 00000000 08:14 2766426                    /usr/lib/x86_64-linux-gnu/libfreetype.so.6.12.1
7fa3c55eb000-7fa3c57ea000 ---p 000a4000 08:14 2766426                    /usr/lib/x86_64-linux-gnu/libfreetype.so.6.12.1
7fa3c57ea000-7fa3c57f0000 r--p 000a3000 08:14 2766426                    /usr/lib/x86_64-linux-gnu/libfreetype.so.6.12.1
7fa3c57f0000-7fa3c57f1000 rw-p 000a9000 08:14 2766426                    /usr/lib/x86_64-linux-gnu/libfreetype.so.6.12.1
7fa3c57f1000-7fa3c5843000 r-xp 00000000 08:14 2630191                    /usr/lib/jvm/java-8-openjdk-amd64/jre/lib/amd64/libfontmanager.so
7fa3c5843000-7fa3c5a43000 ---p 00052000 08:14 2630191                    /usr/lib/jvm/java-8-openjdk-amd64/jre/lib/amd64/libfontmanager.so
7fa3c5a43000-7fa3c5a45000 r--p 00052000 08:14 2630191                    /usr/lib/jvm/java-8-openjdk-amd64/jre/lib/amd64/libfontmanager.so
7fa3c5a45000-7fa3c5a46000 rw-p 00054000 08:14 2630191                    /usr/lib/jvm/java-8-openjdk-amd64/jre/lib/amd64/libfontmanager.so
7fa3c5a46000-7fa3c5a4b000 r-xp 00000000 08:14 2766727                    /usr/lib/x86_64-linux-gnu/libXdmcp.so.6.0.0
7fa3c5a4b000-7fa3c5c4a000 ---p 00005000 08:14 2766727                    /usr/lib/x86_64-linux-gnu/libXdmcp.so.6.0.0
7fa3c5c4a000-7fa3c5c4b000 r--p 00004000 08:14 2766727                    /usr/lib/x86_64-linux-gnu/libXdmcp.so.6.0.0
7fa3c5c4b000-7fa3c5c4c000 rw-p 00005000 08:14 2766727                    /usr/lib/x86_64-linux-gnu/libXdmcp.so.6.0.0
7fa3c5c4c000-7fa3c5c4e000 r-xp 00000000 08:14 2766716                    /usr/lib/x86_64-linux-gnu/libXau.so.6.0.0
7fa3c5c4e000-7fa3c5e4e000 ---p 00002000 08:14 2766716                    /usr/lib/x86_64-linux-gnu/libXau.so.6.0.0
7fa3c5e4e000-7fa3c5e4f000 r--p 00002000 08:14 2766716                    /usr/lib/x86_64-linux-gnu/libXau.so.6.0.0
7fa3c5e4f000-7fa3c5e50000 rw-p 00003000 08:14 2766716                    /usr/lib/x86_64-linux-gnu/libXau.so.6.0.0
7fa3c5e50000-7fa3c5e71000 r-xp 00000000 08:14 2768148                    /usr/lib/x86_64-linux-gnu/libxcb.so.1.1.0
7fa3c5e71000-7fa3c6070000 ---p 00021000 08:14 2768148                    /usr/lib/x86_64-linux-gnu/libxcb.so.1.1.0
7fa3c6070000-7fa3c6071000 r--p 00020000 08:14 2768148                    /usr/lib/x86_64-linux-gnu/libxcb.so.1.1.0
7fa3c6071000-7fa3c6072000 rw-p 00021000 08:14 2768148                    /usr/lib/x86_64-linux-gnu/libxcb.so.1.1.0
7fa3c6072000-7fa3c6081000 r-xp 00000000 08:14 2766737                    /usr/lib/x86_64-linux-gnu/libXi.so.6.1.0
7fa3c6081000-7fa3c6280000 ---p 0000f000 08:14 2766737                    /usr/lib/x86_64-linux-gnu/libXi.so.6.1.0
7fa3c6280000-7fa3c6281000 r--p 0000e000 08:14 2766737                    /usr/lib/x86_64-linux-gnu/libXi.so.6.1.0
7fa3c6281000-7fa3c6282000 rw-p 0000f000 08:14 2766737                    /usr/lib/x86_64-linux-gnu/libXi.so.6.1.0
7fa3c6282000-7fa3c6287000 r-xp 00000000 08:14 2766755                    /usr/lib/x86_64-linux-gnu/libXtst.so.6.1.0
7fa3c6287000-7fa3c6486000 ---p 00005000 08:14 2766755                    /usr/lib/x86_64-linux-gnu/libXtst.so.6.1.0
7fa3c6486000-7fa3c6487000 r--p 00004000 08:14 2766755                    /usr/lib/x86_64-linux-gnu/libXtst.so.6.1.0
7fa3c6487000-7fa3c6488000 rw-p 00005000 08:14 2766755                    /usr/lib/x86_64-linux-gnu/libXtst.so.6.1.0
7fa3c6488000-7fa3c6491000 r-xp 00000000 08:14 2766749                    /usr/lib/x86_64-linux-gnu/libXrender.so.1.3.0
7fa3c6491000-7fa3c6690000 ---p 00009000 08:14 2766749                    /usr/lib/x86_64-linux-gnu/libXrender.so.1.3.0
7fa3c6690000-7fa3c6691000 r--p 00008000 08:14 2766749                    /usr/lib/x86_64-linux-gnu/libXrender.so.1.3.0
7fa3c6691000-7fa3c6692000 rw-p 00009000 08:14 2766749                    /usr/lib/x86_64-linux-gnu/libXrender.so.1.3.0
7fa3c6692000-7fa3c67c7000 r-xp 00000000 08:14 2766712                    /usr/lib/x86_64-linux-gnu/libX11.so.6.3.0
7fa3c67c7000-7fa3c69c7000 ---p 00135000 08:14 2766712                    /usr/lib/x86_64-linux-gnu/libX11.so.6.3.0
7fa3c69c7000-7fa3c69c8000 r--p 00135000 08:14 2766712                    /usr/lib/x86_64-linux-gnu/libX11.so.6.3.0
7fa3c69c8000-7fa3c69cc000 rw-p 00136000 08:14 2766712                    /usr/lib/x86_64-linux-gnu/libX11.so.6.3.0
7fa3c69cc000-7fa3c69dd000 r-xp 00000000 08:14 2766729                    /usr/lib/x86_64-linux-gnu/libXext.so.6.4.0
7fa3c69dd000-7fa3c6bdc000 ---p 00011000 08:14 2766729                    /usr/lib/x86_64-linux-gnu/libXext.so.6.4.0
7fa3c6bdc000-7fa3c6bdd000 r--p 00010000 08:14 2766729                    /usr/lib/x86_64-linux-gnu/libXext.so.6.4.0
7fa3c6bdd000-7fa3c6bde000 rw-p 00011000 08:14 2766729                    /usr/lib/x86_64-linux-gnu/libXext.so.6.4.0
7fa3c6bde000-7fa3c6c32000 r-xp 00000000 08:14 2630202                    /usr/lib/jvm/java-8-openjdk-amd64/jre/lib/amd64/libawt_xawt.so
7fa3c6c32000-7fa3c6e32000 ---p 00054000 08:14 2630202                    /usr/lib/jvm/java-8-openjdk-amd64/jre/lib/amd64/libawt_xawt.so
7fa3c6e32000-7fa3c6e33000 r--p 00054000 08:14 2630202                    /usr/lib/jvm/java-8-openjdk-amd64/jre/lib/amd64/libawt_xawt.so
7fa3c6e33000-7fa3c6e36000 rw-p 00055000 08:14 2630202                    /usr/lib/jvm/java-8-openjdk-amd64/jre/lib/amd64/libawt_xawt.so
7fa3c6e36000-7fa3c6e37000 rw-p 00000000 00:00 0 
7fa3c6e37000-7fa3c6ed7000 r-xp 00000000 08:14 2630213                    /usr/lib/jvm/java-8-openjdk-amd64/jre/lib/amd64/libawt.so
7fa3c6ed7000-7fa3c70d7000 ---p 000a0000 08:14 2630213                    /usr/lib/jvm/java-8-openjdk-amd64/jre/lib/amd64/libawt.so
7fa3c70d7000-7fa3c70d8000 r--p 000a0000 08:14 2630213                    /usr/lib/jvm/java-8-openjdk-amd64/jre/lib/amd64/libawt.so
7fa3c70d8000-7fa3c70e3000 rw-p 000a1000 08:14 2630213                    /usr/lib/jvm/java-8-openjdk-amd64/jre/lib/amd64/libawt.so
7fa3c70e3000-7fa3c7108000 rw-p 00000000 00:00 0 
7fa3c7108000-7fa3c7109000 ---p 00000000 00:00 0 
7fa3c7109000-7fa3c7209000 rw-p 00000000 00:00 0 
7fa3c7209000-7fa3c720c000 ---p 00000000 00:00 0 
7fa3c720c000-7fa3c730a000 rw-p 00000000 00:00 0 
7fa3c730a000-7fa3c730d000 ---p 00000000 00:00 0 
7fa3c730d000-7fa3c740b000 rw-p 00000000 00:00 0 
7fa3c740b000-7fa3c740e000 ---p 00000000 00:00 0 
7fa3c740e000-7fa3c780d000 rw-p 00000000 00:00 0 
7fa3c780d000-7fa3c7824000 r-xp 00000000 08:14 2630187                    /usr/lib/jvm/java-8-openjdk-amd64/jre/lib/amd64/libnet.so
7fa3c7824000-7fa3c7a23000 ---p 00017000 08:14 2630187                    /usr/lib/jvm/java-8-openjdk-amd64/jre/lib/amd64/libnet.so
7fa3c7a23000-7fa3c7a24000 r--p 00016000 08:14 2630187                    /usr/lib/jvm/java-8-openjdk-amd64/jre/lib/amd64/libnet.so
7fa3c7a24000-7fa3c7a25000 rw-p 00017000 08:14 2630187                    /usr/lib/jvm/java-8-openjdk-amd64/jre/lib/amd64/libnet.so
7fa3c7a25000-7fa3c7a28000 ---p 00000000 00:00 0 
7fa3c7a28000-7fa3c7b26000 rw-p 00000000 00:00 0 
7fa3c7b26000-7fa3c7b29000 ---p 00000000 00:00 0 
7fa3c7b29000-7fa3c7c27000 rw-p 00000000 00:00 0 
7fa3c7c27000-7fa3c7c2a000 ---p 00000000 00:00 0 
7fa3c7c2a000-7fa3c7d28000 rw-p 00000000 00:00 0 
7fa3c7d28000-7fa3c8000000 r--p 00000000 08:14 2634238                    /usr/lib/locale/locale-archive
7fa3c8000000-7fa3c8021000 rw-p 00000000 00:00 0 
7fa3c8021000-7fa3cc000000 ---p 00000000 00:00 0 
7fa3cc000000-7fa3cc021000 rw-p 00000000 00:00 0 
7fa3cc021000-7fa3d0000000 ---p 00000000 00:00 0 
7fa3d0000000-7fa3d0021000 rw-p 00000000 00:00 0 
7fa3d0021000-7fa3d4000000 ---p 00000000 00:00 0 
7fa3d4000000-7fa3d4021000 rw-p 00000000 00:00 0 
7fa3d4021000-7fa3d8000000 ---p 00000000 00:00 0 
7fa3d8000000-7fa3d8021000 rw-p 00000000 00:00 0 
7fa3d8021000-7fa3dc000000 ---p 00000000 00:00 0 
7fa3dc062000-7fa3dc092000 r--s 0024f000 08:14 662291                     /home/thomas/.m2/repository/com/google/guava/guava/23.0/guava-23.0.jar
7fa3dc092000-7fa3dc095000 ---p 00000000 00:00 0 
7fa3dc095000-7fa3dc193000 rw-p 00000000 00:00 0 
7fa3dc193000-7fa3dc196000 ---p 00000000 00:00 0 
7fa3dc196000-7fa3dc294000 rw-p 00000000 00:00 0 
7fa3dc294000-7fa3dc295000 ---p 00000000 00:00 0 
7fa3dc295000-7fa3dd2a4000 rw-p 00000000 00:00 0 
7fa3dd2a4000-7fa3dd472000 r--s 03c06000 08:14 2630266                    /usr/lib/jvm/java-8-openjdk-amd64/jre/lib/rt.jar
7fa3dd472000-7fa3ddba8000 rw-p 00000000 00:00 0 
7fa3ddba8000-7fa3ddce8000 ---p 00000000 00:00 0 
7fa3ddce8000-7fa3ea8e8000 rw-p 00000000 00:00 0 
7fa3ea8e8000-7fa3ea8e9000 ---p 00000000 00:00 0 
7fa3ea8e9000-7fa3ea9e9000 rw-p 00000000 00:00 0 
7fa3ea9e9000-7fa3ea9ea000 ---p 00000000 00:00 0 
7fa3ea9ea000-7fa3eaaea000 rw-p 00000000 00:00 0 
7fa3eaaea000-7fa3eaaeb000 ---p 00000000 00:00 0 
7fa3eaaeb000-7fa3eb11d000 rw-p 00000000 00:00 0 
7fa3eb11d000-7fa3eb3eb000 ---p 00000000 00:00 0 
7fa3eb3eb000-7fa3eb91d000 rw-p 00000000 00:00 0 
7fa3eb91d000-7fa3ebbeb000 ---p 00000000 00:00 0 
7fa3ebbeb000-7fa3ebf44000 rw-p 00000000 00:00 0 
7fa3ebf44000-7fa3ebfeb000 ---p 00000000 00:00 0 
7fa3ebfeb000-7fa3ebff9000 rw-p 00000000 00:00 0 
7fa3ebff9000-7fa3ec3ac000 ---p 00000000 00:00 0 
7fa3ec3ac000-7fa3ec6cc000 rwxp 00000000 00:00 0 
7fa3ec6cc000-7fa3fb3ac000 ---p 00000000 00:00 0 
7fa3fb3ac000-7fa3fb3b4000 r-xp 00000000 08:14 2630185                    /usr/lib/jvm/java-8-openjdk-amd64/jre/lib/amd64/libzip.so
7fa3fb3b4000-7fa3fb5b3000 ---p 00008000 08:14 2630185                    /usr/lib/jvm/java-8-openjdk-amd64/jre/lib/amd64/libzip.so
7fa3fb5b3000-7fa3fb5b4000 r--p 00007000 08:14 2630185                    /usr/lib/jvm/java-8-openjdk-amd64/jre/lib/amd64/libzip.so
7fa3fb5b4000-7fa3fb5b5000 rw-p 00008000 08:14 2630185                    /usr/lib/jvm/java-8-openjdk-amd64/jre/lib/amd64/libzip.so
7fa3fb5b5000-7fa3fb5c0000 r-xp 00000000 08:14 2359483                    /lib/x86_64-linux-gnu/libnss_files-2.23.so
7fa3fb5c0000-7fa3fb7bf000 ---p 0000b000 08:14 2359483                    /lib/x86_64-linux-gnu/libnss_files-2.23.so
7fa3fb7bf000-7fa3fb7c0000 r--p 0000a000 08:14 2359483                    /lib/x86_64-linux-gnu/libnss_files-2.23.so
7fa3fb7c0000-7fa3fb7c1000 rw-p 0000b000 08:14 2359483                    /lib/x86_64-linux-gnu/libnss_files-2.23.so
7fa3fb7c1000-7fa3fb7c7000 rw-p 00000000 00:00 0 
7fa3fb7c7000-7fa3fb7d2000 r-xp 00000000 08:14 2359420                    /lib/x86_64-linux-gnu/libnss_nis-2.23.so
7fa3fb7d2000-7fa3fb9d1000 ---p 0000b000 08:14 2359420                    /lib/x86_64-linux-gnu/libnss_nis-2.23.so
7fa3fb9d1000-7fa3fb9d2000 r--p 0000a000 08:14 2359420                    /lib/x86_64-linux-gnu/libnss_nis-2.23.so
7fa3fb9d2000-7fa3fb9d3000 rw-p 0000b000 08:14 2359420                    /lib/x86_64-linux-gnu/libnss_nis-2.23.so
7fa3fb9d3000-7fa3fb9e9000 r-xp 00000000 08:14 2359478                    /lib/x86_64-linux-gnu/libnsl-2.23.so
7fa3fb9e9000-7fa3fbbe8000 ---p 00016000 08:14 2359478                    /lib/x86_64-linux-gnu/libnsl-2.23.so
7fa3fbbe8000-7fa3fbbe9000 r--p 00015000 08:14 2359478                    /lib/x86_64-linux-gnu/libnsl-2.23.so
7fa3fbbe9000-7fa3fbbea000 rw-p 00016000 08:14 2359478                    /lib/x86_64-linux-gnu/libnsl-2.23.so
7fa3fbbea000-7fa3fbbec000 rw-p 00000000 00:00 0 
7fa3fbbec000-7fa3fbbf4000 r-xp 00000000 08:14 2359485                    /lib/x86_64-linux-gnu/libnss_compat-2.23.so
7fa3fbbf4000-7fa3fbdf3000 ---p 00008000 08:14 2359485                    /lib/x86_64-linux-gnu/libnss_compat-2.23.so
7fa3fbdf3000-7fa3fbdf4000 r--p 00007000 08:14 2359485                    /lib/x86_64-linux-gnu/libnss_compat-2.23.so
7fa3fbdf4000-7fa3fbdf5000 rw-p 00008000 08:14 2359485                    /lib/x86_64-linux-gnu/libnss_compat-2.23.so
7fa3fbdf5000-7fa3fbdff000 r-xp 00000000 08:14 2630180                    /usr/lib/jvm/java-8-openjdk-amd64/jre/lib/amd64/libinstrument.so
7fa3fbdff000-7fa3fbffe000 ---p 0000a000 08:14 2630180                    /usr/lib/jvm/java-8-openjdk-amd64/jre/lib/amd64/libinstrument.so
7fa3fbffe000-7fa3fbfff000 r--p 00009000 08:14 2630180                    /usr/lib/jvm/java-8-openjdk-amd64/jre/lib/amd64/libinstrument.so
7fa3fbfff000-7fa3fc000000 rw-p 0000a000 08:14 2630180                    /usr/lib/jvm/java-8-openjdk-amd64/jre/lib/amd64/libinstrument.so
7fa3fc000000-7fa3fc400000 rw-p 00000000 00:00 0 
7fa3fc400000-7fa400000000 ---p 00000000 00:00 0 
7fa400012000-7fa400013000 r--p 00000000 08:14 1316958                    /usr/share/locale-langpack/en_GB/LC_MESSAGES/libc.mo
7fa400013000-7fa400018000 r--s 002f9000 08:14 2630265                    /usr/lib/jvm/java-8-openjdk-amd64/jre/lib/charsets.jar
7fa400018000-7fa40001a000 r--s 0001a000 08:14 3298745                    /opt/idea-IC-182.4129.33/lib/idea_rt.jar
7fa40001a000-7fa40001c000 r--s 0000c000 08:14 1443724                    /home/thomas/.m2/repository/commons-cli/commons-cli/1.4/commons-cli-1.4.jar
7fa40001c000-7fa40001d000 r--s 00000000 08:14 1054866                    /home/thomas/.m2/repository/org/codehaus/mojo/animal-sniffer-annotations/1.14/animal-sniffer-annotations-1.14.jar
7fa40001d000-7fa40001f000 r--s 00001000 08:14 662277                     /home/thomas/.m2/repository/com/google/j2objc/j2objc-annotations/1.1/j2objc-annotations-1.1.jar
7fa40001f000-7fa400020000 r--s 00002000 08:14 526911                     /home/thomas/.m2/repository/com/google/errorprone/error_prone_annotations/2.0.18/error_prone_annotations-2.0.18.jar
7fa400020000-7fa400023000 r--s 00006000 08:14 400258                     /home/thomas/.m2/repository/com/google/code/findbugs/jsr305/1.3.9/jsr305-1.3.9.jar
7fa400023000-7fa400026000 r--s 00026000 08:14 1443960                    /home/thomas/.m2/repository/ar/com/hjg/pngj/2.1.0/pngj-2.1.0.jar
7fa400026000-7fa400039000 r--s 00346000 08:14 2630257                    /usr/lib/jvm/java-8-openjdk-amd64/jre/lib/resources.jar
7fa400039000-7fa40003a000 r--s 00000000 08:14 2630167                    /usr/lib/jvm/java-8-openjdk-amd64/jre/lib/management-agent.jar
7fa40003a000-7fa40003e000 r--s 0009a000 08:14 2630262                    /usr/lib/jvm/java-8-openjdk-amd64/jre/lib/jsse.jar
7fa40003e000-7fa400041000 r--s 00015000 08:14 2630263                    /usr/lib/jvm/java-8-openjdk-amd64/jre/lib/jce.jar
7fa400041000-7fa400046000 r--s 002f9000 08:14 2630265                    /usr/lib/jvm/java-8-openjdk-amd64/jre/lib/charsets.jar
7fa400046000-7fa400047000 r--s 00010000 08:14 2630229                    /usr/lib/jvm/java-8-openjdk-amd64/jre/lib/ext/zipfs.jar
7fa400047000-7fa40004b000 r--s 00037000 08:14 2630230                    /usr/lib/jvm/java-8-openjdk-amd64/jre/lib/ext/sunpkcs11.jar
7fa40004b000-7fa400066000 r--s 001d6000 08:14 2630225                    /usr/lib/jvm/java-8-openjdk-amd64/jre/lib/ext/nashorn.jar
7fa400066000-7fa400070000 r--s 00116000 08:14 2630231                    /usr/lib/jvm/java-8-openjdk-amd64/jre/lib/ext/localedata.jar
7fa400070000-7fa4000cb000 rw-p 00000000 00:00 0 
7fa4000cb000-7fa4000cc000 ---p 00000000 00:00 0 
7fa4000cc000-7fa4001cc000 rw-p 00000000 00:00 0 
7fa4001cc000-7fa4001f9000 r-xp 00000000 08:14 2630215                    /usr/lib/jvm/java-8-openjdk-amd64/jre/lib/amd64/libjava.so
7fa4001f9000-7fa4003f8000 ---p 0002d000 08:14 2630215                    /usr/lib/jvm/java-8-openjdk-amd64/jre/lib/amd64/libjava.so
7fa4003f8000-7fa4003f9000 r--p 0002c000 08:14 2630215                    /usr/lib/jvm/java-8-openjdk-amd64/jre/lib/amd64/libjava.so
7fa4003f9000-7fa4003fb000 rw-p 0002d000 08:14 2630215                    /usr/lib/jvm/java-8-openjdk-amd64/jre/lib/amd64/libjava.so
7fa4003fb000-7fa40040a000 r-xp 00000000 08:14 2630178                    /usr/lib/jvm/java-8-openjdk-amd64/jre/lib/amd64/libverify.so
7fa40040a000-7fa400609000 ---p 0000f000 08:14 2630178                    /usr/lib/jvm/java-8-openjdk-amd64/jre/lib/amd64/libverify.so
7fa400609000-7fa40060b000 r--p 0000e000 08:14 2630178                    /usr/lib/jvm/java-8-openjdk-amd64/jre/lib/amd64/libverify.so
7fa40060b000-7fa40060c000 rw-p 00010000 08:14 2630178                    /usr/lib/jvm/java-8-openjdk-amd64/jre/lib/amd64/libverify.so
7fa40060c000-7fa400613000 r-xp 00000000 08:14 2359486                    /lib/x86_64-linux-gnu/librt-2.23.so
7fa400613000-7fa400812000 ---p 00007000 08:14 2359486                    /lib/x86_64-linux-gnu/librt-2.23.so
7fa400812000-7fa400813000 r--p 00006000 08:14 2359486                    /lib/x86_64-linux-gnu/librt-2.23.so
7fa400813000-7fa400814000 rw-p 00007000 08:14 2359486                    /lib/x86_64-linux-gnu/librt-2.23.so
7fa400814000-7fa40082a000 r-xp 00000000 08:14 2359357                    /lib/x86_64-linux-gnu/libgcc_s.so.1
7fa40082a000-7fa400a29000 ---p 00016000 08:14 2359357                    /lib/x86_64-linux-gnu/libgcc_s.so.1
7fa400a29000-7fa400a2a000 rw-p 00015000 08:14 2359357                    /lib/x86_64-linux-gnu/libgcc_s.so.1
7fa400a2a000-7fa400b32000 r-xp 00000000 08:14 2359477                    /lib/x86_64-linux-gnu/libm-2.23.so
7fa400b32000-7fa400d31000 ---p 00108000 08:14 2359477                    /lib/x86_64-linux-gnu/libm-2.23.so
7fa400d31000-7fa400d32000 r--p 00107000 08:14 2359477                    /lib/x86_64-linux-gnu/libm-2.23.so
7fa400d32000-7fa400d33000 rw-p 00108000 08:14 2359477                    /lib/x86_64-linux-gnu/libm-2.23.so
7fa400d33000-7fa400ea5000 r-xp 00000000 08:14 2777884                    /usr/lib/x86_64-linux-gnu/libstdc++.so.6.0.21
7fa400ea5000-7fa4010a5000 ---p 00172000 08:14 2777884                    /usr/lib/x86_64-linux-gnu/libstdc++.so.6.0.21
7fa4010a5000-7fa4010af000 r--p 00172000 08:14 2777884                    /usr/lib/x86_64-linux-gnu/libstdc++.so.6.0.21
7fa4010af000-7fa4010b1000 rw-p 0017c000 08:14 2777884                    /usr/lib/x86_64-linux-gnu/libstdc++.so.6.0.21
7fa4010b1000-7fa4010b5000 rw-p 00000000 00:00 0 
7fa4010b5000-7fa401d05000 r-xp 00000000 08:14 2630208                    /usr/lib/jvm/java-8-openjdk-amd64/jre/lib/amd64/server/libjvm.so
7fa401d05000-7fa401f04000 ---p 00c50000 08:14 2630208                    /usr/lib/jvm/java-8-openjdk-amd64/jre/lib/amd64/server/libjvm.so
7fa401f04000-7fa401f97000 r--p 00c4f000 08:14 2630208                    /usr/lib/jvm/java-8-openjdk-amd64/jre/lib/amd64/server/libjvm.so
7fa401f97000-7fa401fc0000 rw-p 00ce2000 08:14 2630208                    /usr/lib/jvm/java-8-openjdk-amd64/jre/lib/amd64/server/libjvm.so
7fa401fc0000-7fa401ff0000 rw-p 00000000 00:00 0 
7fa401ff0000-7fa402008000 r-xp 00000000 08:14 2359490                    /lib/x86_64-linux-gnu/libpthread-2.23.so
7fa402008000-7fa402207000 ---p 00018000 08:14 2359490                    /lib/x86_64-linux-gnu/libpthread-2.23.so
7fa402207000-7fa402208000 r--p 00017000 08:14 2359490                    /lib/x86_64-linux-gnu/libpthread-2.23.so
7fa402208000-7fa402209000 rw-p 00018000 08:14 2359490                    /lib/x86_64-linux-gnu/libpthread-2.23.so
7fa402209000-7fa40220d000 rw-p 00000000 00:00 0 
7fa40220d000-7fa402210000 r-xp 00000000 08:14 2359419                    /lib/x86_64-linux-gnu/libdl-2.23.so
7fa402210000-7fa40240f000 ---p 00003000 08:14 2359419                    /lib/x86_64-linux-gnu/libdl-2.23.so
7fa40240f000-7fa402410000 r--p 00002000 08:14 2359419                    /lib/x86_64-linux-gnu/libdl-2.23.so
7fa402410000-7fa402411000 rw-p 00003000 08:14 2359419                    /lib/x86_64-linux-gnu/libdl-2.23.so
7fa402411000-7fa40242a000 r-xp 00000000 08:14 2359521                    /lib/x86_64-linux-gnu/libz.so.1.2.8
7fa40242a000-7fa402629000 ---p 00019000 08:14 2359521                    /lib/x86_64-linux-gnu/libz.so.1.2.8
7fa402629000-7fa40262a000 r--p 00018000 08:14 2359521                    /lib/x86_64-linux-gnu/libz.so.1.2.8
7fa40262a000-7fa40262b000 rw-p 00019000 08:14 2359521                    /lib/x86_64-linux-gnu/libz.so.1.2.8
7fa40262b000-7fa4027ea000 r-xp 00000000 08:14 2359479                    /lib/x86_64-linux-gnu/libc-2.23.so
7fa4027ea000-7fa4029ea000 ---p 001bf000 08:14 2359479                    /lib/x86_64-linux-gnu/libc-2.23.so
7fa4029ea000-7fa4029ee000 r--p 001bf000 08:14 2359479                    /lib/x86_64-linux-gnu/libc-2.23.so
7fa4029ee000-7fa4029f0000 rw-p 001c3000 08:14 2359479                    /lib/x86_64-linux-gnu/libc-2.23.so
7fa4029f0000-7fa4029f4000 rw-p 00000000 00:00 0 
7fa4029f4000-7fa402a01000 r-xp 00000000 08:14 2630206                    /usr/lib/jvm/java-8-openjdk-amd64/jre/lib/amd64/jli/libjli.so
7fa402a01000-7fa402c01000 ---p 0000d000 08:14 2630206                    /usr/lib/jvm/java-8-openjdk-amd64/jre/lib/amd64/jli/libjli.so
7fa402c01000-7fa402c02000 r--p 0000d000 08:14 2630206                    /usr/lib/jvm/java-8-openjdk-amd64/jre/lib/amd64/jli/libjli.so
7fa402c02000-7fa402c03000 rw-p 0000e000 08:14 2630206                    /usr/lib/jvm/java-8-openjdk-amd64/jre/lib/amd64/jli/libjli.so
7fa402c03000-7fa402c29000 r-xp 00000000 08:14 2359480                    /lib/x86_64-linux-gnu/ld-2.23.so
7fa402c29000-7fa402c2c000 r--s 0000f000 08:14 2630227                    /usr/lib/jvm/java-8-openjdk-amd64/jre/lib/ext/icedtea-sound.jar
7fa402c2c000-7fa402c2e000 r--s 00001000 08:14 2630226                    /usr/lib/jvm/java-8-openjdk-amd64/jre/lib/ext/dnsns.jar
7fa402c2e000-7fa402c2f000 r--s 0000a000 08:14 2630233                    /usr/lib/jvm/java-8-openjdk-amd64/jre/lib/ext/jaccess.jar
7fa402c2f000-7fa402c34000 r--s 0003b000 08:14 2630232                    /usr/lib/jvm/java-8-openjdk-amd64/jre/lib/ext/sunjce_provider.jar
7fa402c34000-7fa402cf9000 rw-p 00000000 00:00 0 
7fa402cf9000-7fa402cfc000 ---p 00000000 00:00 0 
7fa402cfc000-7fa402dff000 rw-p 00000000 00:00 0 
7fa402dff000-7fa402e1a000 r--s 00394000 08:14 2630228                    /usr/lib/jvm/java-8-openjdk-amd64/jre/lib/ext/cldrdata.jar
7fa402e1a000-7fa402e1c000 r--s 00008000 08:14 2630224                    /usr/lib/jvm/java-8-openjdk-amd64/jre/lib/ext/sunec.jar
7fa402e1c000-7fa402e24000 rw-s 00000000 08:14 526648                     /tmp/hsperfdata_thomas/11491
7fa402e24000-7fa402e25000 rw-p 00000000 00:00 0 
7fa402e25000-7fa402e26000 ---p 00000000 00:00 0 
7fa402e26000-7fa402e28000 rw-p 00000000 00:00 0 
7fa402e28000-7fa402e29000 r--p 00025000 08:14 2359480                    /lib/x86_64-linux-gnu/ld-2.23.so
7fa402e29000-7fa402e2a000 rw-p 00026000 08:14 2359480                    /lib/x86_64-linux-gnu/ld-2.23.so
7fa402e2a000-7fa402e2b000 rw-p 00000000 00:00 0 
7ffcc946a000-7ffcc948b000 rw-p 00000000 00:00 0                          [stack]
7ffcc9491000-7ffcc9493000 r--p 00000000 00:00 0                          [vvar]
7ffcc9493000-7ffcc9495000 r-xp 00000000 00:00 0                          [vdso]
ffffffffff600000-ffffffffff601000 r-xp 00000000 00:00 0                  [vsyscall]

VM Arguments:
jvm_args: -Xmx6g -javaagent:/opt/idea-IC-182.4129.33/lib/idea_rt.jar=44773:/opt/idea-IC-182.4129.33/bin -Dfile.encoding=UTF-8 
java_command: com.tgelder.downhill.terrain.App -destination 8192.png -seaLevel 0 -rivers 2048 -seed 807 -power 9 -maxAltitude 1000000
java_class_path (initial): /usr/lib/jvm/java-8-openjdk-amd64/jre/lib/charsets.jar:/usr/lib/jvm/java-8-openjdk-amd64/jre/lib/ext/cldrdata.jar:/usr/lib/jvm/java-8-openjdk-amd64/jre/lib/ext/dnsns.jar:/usr/lib/jvm/java-8-openjdk-amd64/jre/lib/ext/icedtea-sound.jar:/usr/lib/jvm/java-8-openjdk-amd64/jre/lib/ext/jaccess.jar:/usr/lib/jvm/java-8-openjdk-amd64/jre/lib/ext/localedata.jar:/usr/lib/jvm/java-8-openjdk-amd64/jre/lib/ext/nashorn.jar:/usr/lib/jvm/java-8-openjdk-amd64/jre/lib/ext/sunec.jar:/usr/lib/jvm/java-8-openjdk-amd64/jre/lib/ext/sunjce_provider.jar:/usr/lib/jvm/java-8-openjdk-amd64/jre/lib/ext/sunpkcs11.jar:/usr/lib/jvm/java-8-openjdk-amd64/jre/lib/ext/zipfs.jar:/usr/lib/jvm/java-8-openjdk-amd64/jre/lib/jce.jar:/usr/lib/jvm/java-8-openjdk-amd64/jre/lib/jsse.jar:/usr/lib/jvm/java-8-openjdk-amd64/jre/lib/management-agent.jar:/usr/lib/jvm/java-8-openjdk-amd64/jre/lib/resources.jar:/usr/lib/jvm/java-8-openjdk-amd64/jre/lib/rt.jar:/home/thomas/git/downhill/target/classes:/home/thomas/.m2/repository/ar/com/hjg/pngj/2.1.0/pngj-2.1.0.jar:/home/thomas/.m2/repository/com/google/guava/guava/23.0/guava-23.0.jar:/home/thomas/.m2/repository/com/google/code/findbugs/jsr305/1.3.9/jsr305-1.3.9.jar:/home/thomas/.m2/repository/com/google/errorprone/error_prone_annotations/2.0.18/error_prone_annotations-2.0.18.jar:/home/thomas/.m2/repository/com/google/j2objc/j2objc-annotations/1.1/j2objc-annotations-1.1.jar:/home/thomas/.m2/repository/org/codehaus/mojo/animal-sniffer-annotations/1.14/animal-sniffer-annotations-1.14.jar:/home/thomas/.m2/repository/commons-cli/commons-cli/1.4/commons-cli-1.4.jar:/opt/idea-IC-182.4129.33/lib/idea_rt.jar
Launcher Type: SUN_STANDARD

Environment Variables:
PATH=/home/thomas/.cargo/bin:/home/thomas/bin:/home/thomas/.local/bin:/usr/local/sbin:/usr/local/bin:/usr/sbin:/usr/bin:/sbin:/bin:/usr/games:/usr/local/games:/opt/eclipse/jee-neon/eclipse
USERNAME=thomas
SHELL=/bin/bash
DISPLAY=:0

Signal Handlers:
SIGSEGV: [libjvm.so+0xa66fd0], sa_mask[0]=11111111011111111101111111111110, sa_flags=SA_RESTART|SA_SIGINFO
SIGBUS: [libjvm.so+0xa66fd0], sa_mask[0]=11111111011111111101111111111110, sa_flags=SA_RESTART|SA_SIGINFO
SIGFPE: [libjvm.so+0x8b0180], sa_mask[0]=11111111011111111101111111111110, sa_flags=SA_RESTART|SA_SIGINFO
SIGPIPE: [libjvm.so+0x8b0180], sa_mask[0]=11111111011111111101111111111110, sa_flags=SA_RESTART|SA_SIGINFO
SIGXFSZ: [libjvm.so+0x8b0180], sa_mask[0]=11111111011111111101111111111110, sa_flags=SA_RESTART|SA_SIGINFO
SIGILL: [libjvm.so+0x8b0180], sa_mask[0]=11111111011111111101111111111110, sa_flags=SA_RESTART|SA_SIGINFO
SIGUSR1: SIG_DFL, sa_mask[0]=00000000000000000000000000000000, sa_flags=none
SIGUSR2: [libjvm.so+0x8b0030], sa_mask[0]=00100000000000000000000000000000, sa_flags=SA_RESTART|SA_SIGINFO
SIGHUP: [libjvm.so+0x8b0500], sa_mask[0]=11111111011111111101111111111110, sa_flags=SA_RESTART|SA_SIGINFO
SIGINT: [libjvm.so+0x8b0500], sa_mask[0]=11111111011111111101111111111110, sa_flags=SA_RESTART|SA_SIGINFO
SIGTERM: [libjvm.so+0x8b0500], sa_mask[0]=11111111011111111101111111111110, sa_flags=SA_RESTART|SA_SIGINFO
SIGQUIT: [libjvm.so+0x8b0500], sa_mask[0]=11111111011111111101111111111110, sa_flags=SA_RESTART|SA_SIGINFO


---------------  S Y S T E M  ---------------

OS:DISTRIB_ID=LinuxMint
DISTRIB_RELEASE=18.1
DISTRIB_CODENAME=serena
DISTRIB_DESCRIPTION="Linux Mint 18.1 Serena"

uname:Linux 4.4.0-53-generic #74-Ubuntu SMP Fri Dec 2 15:59:10 UTC 2016 x86_64
libc:glibc 2.23 NPTL 2.23 
rlimit: STACK 8192k, CORE 0k, NPROC 31511, NOFILE 65536, AS infinity
load average:1.75 0.90 0.74

/proc/meminfo:
MemTotal:        8109144 kB
MemFree:          327084 kB
MemAvailable:     388268 kB
Buffers:           48716 kB
Cached:           241988 kB
SwapCached:            0 kB
Active:          7433896 kB
Inactive:         135764 kB
Active(anon):    7280372 kB
Inactive(anon):    27476 kB
Active(file):     153524 kB
Inactive(file):   108288 kB
Unevictable:         552 kB
Mlocked:             552 kB
SwapTotal:             0 kB
SwapFree:              0 kB
Dirty:               136 kB
Writeback:             0 kB
AnonPages:       7279624 kB
Mapped:           155816 kB
Shmem:             28892 kB
Slab:              84976 kB
SReclaimable:      39448 kB
SUnreclaim:        45528 kB
KernelStack:       10784 kB
PageTables:        35388 kB
NFS_Unstable:          0 kB
Bounce:                0 kB
WritebackTmp:          0 kB
CommitLimit:     4054572 kB
Committed_AS:   10593752 kB
VmallocTotal:   34359738367 kB
VmallocUsed:           0 kB
VmallocChunk:          0 kB
HardwareCorrupted:     0 kB
AnonHugePages:   5167104 kB
CmaTotal:              0 kB
CmaFree:               0 kB
HugePages_Total:       0
HugePages_Free:        0
HugePages_Rsvd:        0
HugePages_Surp:        0
Hugepagesize:       2048 kB
DirectMap4k:      484888 kB
DirectMap2M:     7837696 kB
DirectMap1G:           0 kB


CPU:total 4 (4 cores per cpu, 1 threads per core) family 6 model 60 stepping 3, cmov, cx8, fxsr, mmx, sse, sse2, sse3, ssse3, sse4.1, sse4.2, popcnt, avx, avx2, aes, clmul, erms, lzcnt, tsc, tscinvbit, bmi1, bmi2

/proc/cpuinfo:
processor	: 0
vendor_id	: GenuineIntel
cpu family	: 6
model		: 60
model name	: Intel(R) Core(TM) i5-4590 CPU @ 3.30GHz
stepping	: 3
microcode	: 0x1e
cpu MHz		: 3696.644
cache size	: 6144 KB
physical id	: 0
siblings	: 4
core id		: 0
cpu cores	: 4
apicid		: 0
initial apicid	: 0
fpu		: yes
fpu_exception	: yes
cpuid level	: 13
wp		: yes
flags		: fpu vme de pse tsc msr pae mce cx8 apic sep mtrr pge mca cmov pat pse36 clflush dts acpi mmx fxsr sse sse2 ss ht tm pbe syscall nx pdpe1gb rdtscp lm constant_tsc arch_perfmon pebs bts rep_good nopl xtopology nonstop_tsc aperfmperf eagerfpu pni pclmulqdq dtes64 monitor ds_cpl vmx smx est tm2 ssse3 sdbg fma cx16 xtpr pdcm pcid sse4_1 sse4_2 x2apic movbe popcnt tsc_deadline_timer aes xsave avx f16c rdrand lahf_lm abm tpr_shadow vnmi flexpriority ept vpid fsgsbase tsc_adjust bmi1 avx2 smep bmi2 erms invpcid xsaveopt dtherm ida arat pln pts
bugs		:
bogomips	: 6598.68
clflush size	: 64
cache_alignment	: 64
address sizes	: 39 bits physical, 48 bits virtual
power management:

processor	: 1
vendor_id	: GenuineIntel
cpu family	: 6
model		: 60
model name	: Intel(R) Core(TM) i5-4590 CPU @ 3.30GHz
stepping	: 3
microcode	: 0x1e
cpu MHz		: 3659.906
cache size	: 6144 KB
physical id	: 0
siblings	: 4
core id		: 1
cpu cores	: 4
apicid		: 2
initial apicid	: 2
fpu		: yes
fpu_exception	: yes
cpuid level	: 13
wp		: yes
flags		: fpu vme de pse tsc msr pae mce cx8 apic sep mtrr pge mca cmov pat pse36 clflush dts acpi mmx fxsr sse sse2 ss ht tm pbe syscall nx pdpe1gb rdtscp lm constant_tsc arch_perfmon pebs bts rep_good nopl xtopology nonstop_tsc aperfmperf eagerfpu pni pclmulqdq dtes64 monitor ds_cpl vmx smx est tm2 ssse3 sdbg fma cx16 xtpr pdcm pcid sse4_1 sse4_2 x2apic movbe popcnt tsc_deadline_timer aes xsave avx f16c rdrand lahf_lm abm tpr_shadow vnmi flexpriority ept vpid fsgsbase tsc_adjust bmi1 avx2 smep bmi2 erms invpcid xsaveopt dtherm ida arat pln pts
bugs		:
bogomips	: 6598.68
clflush size	: 64
cache_alignment	: 64
address sizes	: 39 bits physical, 48 bits virtual
power management:

processor	: 2
vendor_id	: GenuineIntel
cpu family	: 6
model		: 60
model name	: Intel(R) Core(TM) i5-4590 CPU @ 3.30GHz
stepping	: 3
microcode	: 0x1e
cpu MHz		: 3627.808
cache size	: 6144 KB
physical id	: 0
siblings	: 4
core id		: 2
cpu cores	: 4
apicid		: 4
initial apicid	: 4
fpu		: yes
fpu_exception	: yes
cpuid level	: 13
wp		: yes
flags		: fpu vme de pse tsc msr pae mce cx8 apic sep mtrr pge mca cmov pat pse36 clflush dts acpi mmx fxsr sse sse2 ss ht tm pbe syscall nx pdpe1gb rdtscp lm constant_tsc arch_perfmon pebs bts rep_good nopl xtopology nonstop_tsc aperfmperf eagerfpu pni pclmulqdq dtes64 monitor ds_cpl vmx smx est tm2 ssse3 sdbg fma cx16 xtpr pdcm pcid sse4_1 sse4_2 x2apic movbe popcnt tsc_deadline_timer aes xsave avx f16c rdrand lahf_lm abm tpr_shadow vnmi flexpriority ept vpid fsgsbase tsc_adjust bmi1 avx2 smep bmi2 erms invpcid xsaveopt dtherm ida arat pln pts
bugs		:
bogomips	: 6598.68
clflush size	: 64
cache_alignment	: 64
address sizes	: 39 bits physical, 48 bits virtual
power management:

processor	: 3
vendor_id	: GenuineIntel
cpu family	: 6
model		: 60
model name	: Intel(R) Core(TM) i5-4590 CPU @ 3.30GHz
stepping	: 3
microcode	: 0x1e
cpu MHz		: 3685.816
cache size	: 6144 KB
physical id	: 0
siblings	: 4
core id		: 3
cpu cores	: 4
apicid		: 6
initial apicid	: 6
fpu		: yes
fpu_exception	: yes
cpuid level	: 13
wp		: yes
flags		: fpu vme de pse tsc msr pae mce cx8 apic sep mtrr pge mca cmov pat pse36 clflush dts acpi mmx fxsr sse sse2 ss ht tm pbe syscall nx pdpe1gb rdtscp lm constant_tsc arch_perfmon pebs bts rep_good nopl xtopology nonstop_tsc aperfmperf eagerfpu pni pclmulqdq dtes64 monitor ds_cpl vmx smx est tm2 ssse3 sdbg fma cx16 xtpr pdcm pcid sse4_1 sse4_2 x2apic movbe popcnt tsc_deadline_timer aes xsave avx f16c rdrand lahf_lm abm tpr_shadow vnmi flexpriority ept vpid fsgsbase tsc_adjust bmi1 avx2 smep bmi2 erms invpcid xsaveopt dtherm ida arat pln pts
bugs		:
bogomips	: 6598.68
clflush size	: 64
cache_alignment	: 64
address sizes	: 39 bits physical, 48 bits virtual
power management:



Memory: 4k page, physical 8109144k(327084k free), swap 0k(0k free)

vm_info: OpenJDK 64-Bit Server VM (25.121-b13) for linux-amd64 JRE (1.8.0_121-8u121-b13-0ubuntu1.16.04.2-b13), built on Jan 23 2017 15:51:29 by "buildd" with gcc 5.4.0 20160609

time: Thu Nov 29 20:19:37 2018
elapsed time: 35 seconds (0d 0h 0m 35s)

